Copyright 1986-2017 Xilinx, Inc. All Rights Reserved.
-------------------------------------------------------------------------------------------------------------------------------------------
| Tool Version : Vivado v.2017.4 (win64) Build 2086221 Fri Dec 15 20:55:39 MST 2017
| Date         : Fri Apr 30 10:57:26 2021
| Host         : DESKTOP-C3F5G4E running 64-bit major release  (build 9200)
| Command      : report_utilization -file example_ibert_sfp_12_5g_utilization_placed.rpt -pb example_ibert_sfp_12_5g_utilization_placed.pb
| Design       : example_ibert_sfp_12_5g
| Device       : xcku040ffva1156-2
| Design State : Fully Placed
-------------------------------------------------------------------------------------------------------------------------------------------

Utilization Design Information

Table of Contents
-----------------
1. CLB Logic
1.1 Summary of Registers by Type
2. CLB Logic Distribution
3. BLOCKRAM
4. ARITHMETIC
5. I/O
6. CLOCK
7. ADVANCED
8. CONFIGURATION
9. Primitives
10. Black Boxes
11. Instantiated Netlists

1. CLB Logic
------------

+----------------------------+-------+-------+-----------+-------+
|          Site Type         |  Used | Fixed | Available | Util% |
+----------------------------+-------+-------+-----------+-------+
| CLB LUTs                   |  8148 |     0 |    242400 |  3.36 |
|   LUT as Logic             |  7848 |     0 |    242400 |  3.24 |
|   LUT as Memory            |   300 |     0 |    112800 |  0.27 |
|     LUT as Distributed RAM |   160 |     0 |           |       |
|     LUT as Shift Register  |   140 |     0 |           |       |
| CLB Registers              | 15942 |     0 |    484800 |  3.29 |
|   Register as Flip Flop    | 15942 |     0 |    484800 |  3.29 |
|   Register as Latch        |     0 |     0 |    484800 |  0.00 |
| CARRY8                     |   128 |     0 |     30300 |  0.42 |
| F7 Muxes                   |   623 |     0 |    121200 |  0.51 |
| F8 Muxes                   |   119 |     0 |     60600 |  0.20 |
| F9 Muxes                   |     0 |     0 |     30300 |  0.00 |
+----------------------------+-------+-------+-----------+-------+


1.1 Summary of Registers by Type
--------------------------------

+-------+--------------+-------------+--------------+
| Total | Clock Enable | Synchronous | Asynchronous |
+-------+--------------+-------------+--------------+
| 0     |            _ |           - |            - |
| 0     |            _ |           - |          Set |
| 0     |            _ |           - |        Reset |
| 0     |            _ |         Set |            - |
| 0     |            _ |       Reset |            - |
| 0     |          Yes |           - |            - |
| 284   |          Yes |           - |          Set |
| 530   |          Yes |           - |        Reset |
| 262   |          Yes |         Set |            - |
| 14866 |          Yes |       Reset |            - |
+-------+--------------+-------------+--------------+


2. CLB Logic Distribution
-------------------------

+-------------------------------------------+------+-------+-----------+-------+
|                 Site Type                 | Used | Fixed | Available | Util% |
+-------------------------------------------+------+-------+-----------+-------+
| CLB                                       | 2244 |     0 |     30300 |  7.41 |
|   CLBL                                    | 1377 |     0 |           |       |
|   CLBM                                    |  867 |     0 |           |       |
| LUT as Logic                              | 7848 |     0 |    242400 |  3.24 |
|   using O5 output only                    |  205 |       |           |       |
|   using O6 output only                    | 6092 |       |           |       |
|   using O5 and O6                         | 1551 |       |           |       |
| LUT as Memory                             |  300 |     0 |    112800 |  0.27 |
|   LUT as Distributed RAM                  |  160 |     0 |           |       |
|     using O5 output only                  |    0 |       |           |       |
|     using O6 output only                  |    0 |       |           |       |
|     using O5 and O6                       |  160 |       |           |       |
|   LUT as Shift Register                   |  140 |     0 |           |       |
|     using O5 output only                  |    0 |       |           |       |
|     using O6 output only                  |   70 |       |           |       |
|     using O5 and O6                       |   70 |       |           |       |
| LUT Flip Flop Pairs                       | 3630 |     0 |    242400 |  1.50 |
|   fully used LUT-FF pairs                 |  928 |       |           |       |
|   LUT-FF pairs with one unused LUT output | 2563 |       |           |       |
|   LUT-FF pairs with one unused Flip Flop  | 2021 |       |           |       |
| Unique Control Sets                       |  723 |       |           |       |
+-------------------------------------------+------+-------+-----------+-------+
* Note: Review the Control Sets Report for more information regarding control sets.


3. BLOCKRAM
-----------

+-------------------+------+-------+-----------+-------+
|     Site Type     | Used | Fixed | Available | Util% |
+-------------------+------+-------+-----------+-------+
| Block RAM Tile    |   20 |     0 |       600 |  3.33 |
|   RAMB36/FIFO*    |   20 |     0 |       600 |  3.33 |
|     RAMB36E2 only |   20 |       |           |       |
|   RAMB18          |    0 |     0 |      1200 |  0.00 |
+-------------------+------+-------+-----------+-------+
* Note: Each Block RAM Tile only has one FIFO logic available and therefore can accommodate only one FIFO36E2 or one FIFO18E2. However, if a FIFO18E2 occupies a Block RAM Tile, that tile can still accommodate a RAMB18E2


4. ARITHMETIC
-------------

+----------------+------+-------+-----------+-------+
|    Site Type   | Used | Fixed | Available | Util% |
+----------------+------+-------+-----------+-------+
| DSPs           |    8 |     0 |      1920 |  0.42 |
|   DSP48E2 only |    8 |       |           |       |
+----------------+------+-------+-----------+-------+


5. I/O
------

+------------------+------+-------+-----------+-------+
|     Site Type    | Used | Fixed | Available | Util% |
+------------------+------+-------+-----------+-------+
| Bonded IOB       |    4 |     4 |       520 |  0.77 |
| HPIOB            |    0 |     0 |       416 |  0.00 |
| HRIO             |    4 |     4 |       104 |  3.85 |
|   INPUT          |    0 |       |           |       |
|   OUTPUT         |    4 |       |           |       |
|   BIDIR          |    0 |       |           |       |
| HPIOBDIFFINBUF   |    0 |     0 |       192 |  0.00 |
| HPIOBDIFFOUTBUF  |    0 |     0 |       192 |  0.00 |
| HRIODIFFINBUF    |    0 |     0 |        48 |  0.00 |
| HRIODIFFOUTBUF   |    0 |     0 |        48 |  0.00 |
| BITSLICE_CONTROL |    0 |     0 |        80 |  0.00 |
| BITSLICE_RX_TX   |    0 |     0 |       520 |  0.00 |
| BITSLICE_TX      |    0 |     0 |        80 |  0.00 |
| RIU_OR           |    0 |     0 |        40 |  0.00 |
+------------------+------+-------+-----------+-------+


6. CLOCK
--------

+----------------------+------+-------+-----------+-------+
|       Site Type      | Used | Fixed | Available | Util% |
+----------------------+------+-------+-----------+-------+
| GLOBAL CLOCK BUFFERs |   23 |     4 |       480 |  4.79 |
|   BUFGCE             |    6 |     4 |       240 |  2.50 |
|   BUFGCE_DIV         |    0 |     0 |        40 |  0.00 |
|   BUFG_GT            |   17 |     0 |       120 | 14.17 |
|   BUFGCTRL*          |    0 |     0 |        80 |  0.00 |
| PLLE3_ADV            |    0 |     0 |        20 |  0.00 |
| MMCME3_ADV           |    1 |     0 |        10 | 10.00 |
+----------------------+------+-------+-----------+-------+
* Note: Each used BUFGCTRL counts as two global buffer resources. This table does not include global clocking resources, only buffer cell usage. See the Clock Utilization Report (report_clock_utilization) for detailed accounting of global clocking resource availability.


7. ADVANCED
-----------

+-----------------+------+-------+-----------+-------+
|    Site Type    | Used | Fixed | Available | Util% |
+-----------------+------+-------+-----------+-------+
| GTHE3_CHANNEL   |    4 |     4 |        20 | 20.00 |
| GTHE3_COMMON    |    1 |     1 |         5 | 20.00 |
| IBUFDS_GTE3     |    2 |     2 |        10 | 20.00 |
| OBUFDS_GTE3     |    0 |     0 |        10 |  0.00 |
| OBUFDS_GTE3_ADV |    0 |     0 |        10 |  0.00 |
| PCIE_3_1        |    0 |     0 |         3 |  0.00 |
| SYSMONE1        |    0 |     0 |         1 |  0.00 |
+-----------------+------+-------+-----------+-------+


8. CONFIGURATION
----------------

+-------------+------+-------+-----------+-------+
|  Site Type  | Used | Fixed | Available | Util% |
+-------------+------+-------+-----------+-------+
| BSCANE2     |    1 |     0 |         4 | 25.00 |
| DNA_PORTE2  |    0 |     0 |         1 |  0.00 |
| EFUSE_USR   |    0 |     0 |         1 |  0.00 |
| FRAME_ECCE3 |    0 |     0 |         1 |  0.00 |
| ICAPE3      |    0 |     0 |         2 |  0.00 |
| MASTER_JTAG |    0 |     0 |         1 |  0.00 |
| STARTUPE3   |    0 |     0 |         1 |  0.00 |
+-------------+------+-------+-----------+-------+


9. Primitives
-------------

+---------------+-------+---------------------+
|    Ref Name   |  Used | Functional Category |
+---------------+-------+---------------------+
| FDRE          | 14866 |            Register |
| LUT6          |  3065 |                 CLB |
| LUT5          |  1947 |                 CLB |
| LUT2          |  1570 |                 CLB |
| LUT4          |  1460 |                 CLB |
| LUT3          |  1194 |                 CLB |
| MUXF7         |   623 |                 CLB |
| FDCE          |   530 |            Register |
| RAMD32        |   296 |                 CLB |
| FDPE          |   284 |            Register |
| FDSE          |   262 |            Register |
| SRL16E        |   210 |                 CLB |
| LUT1          |   163 |                 CLB |
| CARRY8        |   128 |                 CLB |
| MUXF8         |   119 |                 CLB |
| RAMS32        |    24 |                 CLB |
| RAMB36E2      |    20 |           Block Ram |
| BUFG_GT       |    17 |               Clock |
| BUFG_GT_SYNC  |     9 |               Clock |
| DSP48E2       |     8 |          Arithmetic |
| BUFGCE        |     6 |               Clock |
| OBUF          |     4 |                 I/O |
| GTHE3_CHANNEL |     4 |            Advanced |
| IBUFDS_GTE3   |     2 |            Advanced |
| MMCME3_ADV    |     1 |               Clock |
| GTHE3_COMMON  |     1 |            Advanced |
| BSCANE2       |     1 |       Configuration |
+---------------+-------+---------------------+


10. Black Boxes
---------------

+----------+------+
| Ref Name | Used |
+----------+------+


11. Instantiated Netlists
-------------------------

+-----------------+------+
|     Ref Name    | Used |
+-----------------+------+
| ibert_sfp_12_5g |    1 |
| dbg_hub_CV      |    1 |
+-----------------+------+


