#-----------------------------------------------------------
# Vivado v2017.4 (64-bit)
# SW Build 2086221 on Fri Dec 15 20:55:39 MST 2017
# IP Build 2085800 on Fri Dec 15 22:25:07 MST 2017
# Start of session at: Thu Apr 22 10:07:03 2021
# Process ID: 35768
# Current directory: d:/xilinx_fpga/ku040/sfp_ibert/ibert_sfp_12_5g/ibert_sfp_12_5g_ex
# Command line: vivado.exe -notrace -source d:/xilinx_fpga/ku040/sfp_ibert/project_1/project_1.srcs/sources_1/ip/ibert_sfp_12_5g/ibert_sfp_12_5g_ex.tcl
# Log file: d:/xilinx_fpga/ku040/sfp_ibert/ibert_sfp_12_5g/ibert_sfp_12_5g_ex/vivado.log
# Journal file: d:/xilinx_fpga/ku040/sfp_ibert/ibert_sfp_12_5g/ibert_sfp_12_5g_ex\vivado.jou
#-----------------------------------------------------------
start_gui
source d:/xilinx_fpga/ku040/sfp_ibert/project_1/project_1.srcs/sources_1/ip/ibert_sfp_12_5g/ibert_sfp_12_5g_ex.tcl -notrace
INFO: [open_example_project] Creating new example project...
INFO: [IP_Flow 19-234] Refreshing IP repositories
INFO: [IP_Flow 19-1704] No user IP repositories specified
INFO: [IP_Flow 19-2313] Loaded Vivado IP repository 'C:/Xilinx/Vivado/2017.4/data/ip'.
INFO: [open_example_project] Importing original IP ...
INFO: [open_example_project] Generating the example project IP ...
INFO: [open_example_project] Adding example synthesis HDL files ...
INFO: [open_example_project] Adding example synthesis miscellaneous files ...
INFO: [open_example_project] Adding example XDC files ...
INFO: [open_example_project] Sourcing example extension scripts ...
INFO: [open_example_project] Rebuilding all the top level IPs ...
WARNING: [Vivado 12-4154] User modified property 'UserDisabled' (with value '1') was detected on 'd:/xilinx_fpga/ku040/sfp_ibert/ibert_sfp_12_5g/ibert_sfp_12_5g_ex/ibert_sfp_12_5g_ex.srcs/sources_1/ip/ibert_sfp_12_5g/data/mb_bootloop_le.elf'.
WARNING: [Vivado 12-4154] User modified property 'UserDisabled' (with value '1') was detected on 'd:/xilinx_fpga/ku040/sfp_ibert/ibert_sfp_12_5g/ibert_sfp_12_5g_ex/ibert_sfp_12_5g_ex.srcs/sources_1/ip/ibert_sfp_12_5g/data/mb_bootloop_le.elf'.
WARNING: [Vivado 12-4152] One or more user modified properties were detected. The reset_target command can be used to reset the targets data which will also reset all target properties.
INFO: [exportsim-Tcl-35] Exporting simulation files for "XSIM" (Xilinx Vivado Simulator)...
INFO: [exportsim-Tcl-29] Script generated: 'D:/xilinx_fpga/ku040/sfp_ibert/ibert_sfp_12_5g/ibert_sfp_12_5g_ex/ibert_sfp_12_5g_ex.ip_user_files/sim_scripts/ibert_sfp_12_5g/xsim/ibert_sfp_12_5g.sh'
INFO: [SIM-utils-43] Exported 'D:/xilinx_fpga/ku040/sfp_ibert/ibert_sfp_12_5g/ibert_sfp_12_5g_ex/ibert_sfp_12_5g_ex.ip_user_files/sim_scripts/ibert_sfp_12_5g/xsim/quad_pblock.tcl'
WARNING: [Memdata 28-176] There are no bmm files or elf files. Therefore Vivado could not produce any .mem files. Check the design for the existence of processors and associated elf files.
INFO: [exportsim-Tcl-35] Exporting simulation files for "MODELSIM" (Mentor Graphics ModelSim Simulator)...
INFO: [exportsim-Tcl-29] Script generated: 'D:/xilinx_fpga/ku040/sfp_ibert/ibert_sfp_12_5g/ibert_sfp_12_5g_ex/ibert_sfp_12_5g_ex.ip_user_files/sim_scripts/ibert_sfp_12_5g/modelsim/ibert_sfp_12_5g.sh'
INFO: [SIM-utils-43] Exported 'D:/xilinx_fpga/ku040/sfp_ibert/ibert_sfp_12_5g/ibert_sfp_12_5g_ex/ibert_sfp_12_5g_ex.ip_user_files/sim_scripts/ibert_sfp_12_5g/modelsim/quad_pblock.tcl'
INFO: [exportsim-Tcl-35] Exporting simulation files for "QUESTA" (Mentor Graphics Questa Advanced Simulator)...
INFO: [exportsim-Tcl-29] Script generated: 'D:/xilinx_fpga/ku040/sfp_ibert/ibert_sfp_12_5g/ibert_sfp_12_5g_ex/ibert_sfp_12_5g_ex.ip_user_files/sim_scripts/ibert_sfp_12_5g/questa/ibert_sfp_12_5g.sh'
INFO: [SIM-utils-43] Exported 'D:/xilinx_fpga/ku040/sfp_ibert/ibert_sfp_12_5g/ibert_sfp_12_5g_ex/ibert_sfp_12_5g_ex.ip_user_files/sim_scripts/ibert_sfp_12_5g/questa/quad_pblock.tcl'
INFO: [exportsim-Tcl-35] Exporting simulation files for "IES" (Cadence Incisive Enterprise Simulator)...
INFO: [exportsim-Tcl-29] Script generated: 'D:/xilinx_fpga/ku040/sfp_ibert/ibert_sfp_12_5g/ibert_sfp_12_5g_ex/ibert_sfp_12_5g_ex.ip_user_files/sim_scripts/ibert_sfp_12_5g/ies/ibert_sfp_12_5g.sh'
INFO: [SIM-utils-43] Exported 'D:/xilinx_fpga/ku040/sfp_ibert/ibert_sfp_12_5g/ibert_sfp_12_5g_ex/ibert_sfp_12_5g_ex.ip_user_files/sim_scripts/ibert_sfp_12_5g/ies/quad_pblock.tcl'
INFO: [exportsim-Tcl-35] Exporting simulation files for "VCS" (Synopsys Verilog Compiler Simulator)...
INFO: [exportsim-Tcl-29] Script generated: 'D:/xilinx_fpga/ku040/sfp_ibert/ibert_sfp_12_5g/ibert_sfp_12_5g_ex/ibert_sfp_12_5g_ex.ip_user_files/sim_scripts/ibert_sfp_12_5g/vcs/ibert_sfp_12_5g.sh'
INFO: [SIM-utils-43] Exported 'D:/xilinx_fpga/ku040/sfp_ibert/ibert_sfp_12_5g/ibert_sfp_12_5g_ex/ibert_sfp_12_5g_ex.ip_user_files/sim_scripts/ibert_sfp_12_5g/vcs/quad_pblock.tcl'
INFO: [exportsim-Tcl-35] Exporting simulation files for "RIVIERA" (Aldec Riviera-PRO Simulator)...
INFO: [exportsim-Tcl-29] Script generated: 'D:/xilinx_fpga/ku040/sfp_ibert/ibert_sfp_12_5g/ibert_sfp_12_5g_ex/ibert_sfp_12_5g_ex.ip_user_files/sim_scripts/ibert_sfp_12_5g/riviera/ibert_sfp_12_5g.sh'
INFO: [SIM-utils-43] Exported 'D:/xilinx_fpga/ku040/sfp_ibert/ibert_sfp_12_5g/ibert_sfp_12_5g_ex/ibert_sfp_12_5g_ex.ip_user_files/sim_scripts/ibert_sfp_12_5g/riviera/quad_pblock.tcl'
INFO: [exportsim-Tcl-35] Exporting simulation files for "ACTIVEHDL" (Aldec Active-HDL Simulator)...
INFO: [exportsim-Tcl-29] Script generated: 'D:/xilinx_fpga/ku040/sfp_ibert/ibert_sfp_12_5g/ibert_sfp_12_5g_ex/ibert_sfp_12_5g_ex.ip_user_files/sim_scripts/ibert_sfp_12_5g/activehdl/ibert_sfp_12_5g.sh'
INFO: [SIM-utils-43] Exported 'D:/xilinx_fpga/ku040/sfp_ibert/ibert_sfp_12_5g/ibert_sfp_12_5g_ex/ibert_sfp_12_5g_ex.ip_user_files/sim_scripts/ibert_sfp_12_5g/activehdl/quad_pblock.tcl'
INFO: [open_example_project] Open Example Project completed
update_compile_order -fileset sources_1
launch_runs impl_1 -to_step write_bitstream -jobs 6
INFO: [Vivado 12-4149] The synthesis checkpoint for IP 'd:/xilinx_fpga/ku040/sfp_ibert/ibert_sfp_12_5g/ibert_sfp_12_5g_ex/ibert_sfp_12_5g_ex.srcs/sources_1/ip/ibert_sfp_12_5g/ibert_sfp_12_5g.xci' is already up-to-date
[Thu Apr 22 10:08:14 2021] Launched synth_1...
Run output will be captured here: d:/xilinx_fpga/ku040/sfp_ibert/ibert_sfp_12_5g/ibert_sfp_12_5g_ex/ibert_sfp_12_5g_ex.runs/synth_1/runme.log
[Thu Apr 22 10:08:14 2021] Launched impl_1...
Run output will be captured here: d:/xilinx_fpga/ku040/sfp_ibert/ibert_sfp_12_5g/ibert_sfp_12_5g_ex/ibert_sfp_12_5g_ex.runs/impl_1/runme.log
file mkdir d:/xilinx_fpga/ku040/sfp_ibert/ibert_sfp_12_5g/ibert_sfp_12_5g_ex/ibert_sfp_12_5g_ex.srcs/constrs_1
file mkdir d:/xilinx_fpga/ku040/sfp_ibert/ibert_sfp_12_5g/ibert_sfp_12_5g_ex/ibert_sfp_12_5g_ex.srcs/constrs_1/new
close [ open d:/xilinx_fpga/ku040/sfp_ibert/ibert_sfp_12_5g/ibert_sfp_12_5g_ex/ibert_sfp_12_5g_ex.srcs/constrs_1/new/sfp.xdc w ]
add_files -fileset constrs_1 d:/xilinx_fpga/ku040/sfp_ibert/ibert_sfp_12_5g/ibert_sfp_12_5g_ex/ibert_sfp_12_5g_ex.srcs/constrs_1/new/sfp.xdc
reset_run synth_1
launch_runs impl_1 -to_step write_bitstream -jobs 6
INFO: [Vivado 12-4149] The synthesis checkpoint for IP 'd:/xilinx_fpga/ku040/sfp_ibert/ibert_sfp_12_5g/ibert_sfp_12_5g_ex/ibert_sfp_12_5g_ex.srcs/sources_1/ip/ibert_sfp_12_5g/ibert_sfp_12_5g.xci' is already up-to-date
[Thu Apr 22 10:40:53 2021] Launched synth_1...
Run output will be captured here: d:/xilinx_fpga/ku040/sfp_ibert/ibert_sfp_12_5g/ibert_sfp_12_5g_ex/ibert_sfp_12_5g_ex.runs/synth_1/runme.log
[Thu Apr 22 10:40:53 2021] Launched impl_1...
Run output will be captured here: d:/xilinx_fpga/ku040/sfp_ibert/ibert_sfp_12_5g/ibert_sfp_12_5g_ex/ibert_sfp_12_5g_ex.runs/impl_1/runme.log
open_hw
connect_hw_server
INFO: [Labtools 27-2285] Connecting to hw_server url TCP:localhost:3121
open_hw_target
INFO: [Labtoolstcl 44-466] Opening hw_target localhost:3121/xilinx_tcf/Digilent/210512180081
set_property PROGRAM.FILE {d:/xilinx_fpga/ku040/sfp_ibert/ibert_sfp_12_5g/ibert_sfp_12_5g_ex/ibert_sfp_12_5g_ex.runs/impl_1/example_ibert_sfp_12_5g.bit} [get_hw_devices xcku040_0]
set_property PROBES.FILE {d:/xilinx_fpga/ku040/sfp_ibert/ibert_sfp_12_5g/ibert_sfp_12_5g_ex/ibert_sfp_12_5g_ex.runs/impl_1/example_ibert_sfp_12_5g.ltx} [get_hw_devices xcku040_0]
set_property FULL_PROBES.FILE {d:/xilinx_fpga/ku040/sfp_ibert/ibert_sfp_12_5g/ibert_sfp_12_5g_ex/ibert_sfp_12_5g_ex.runs/impl_1/example_ibert_sfp_12_5g.ltx} [get_hw_devices xcku040_0]
current_hw_device [get_hw_devices xcku040_0]
refresh_hw_device [lindex [get_hw_devices xcku040_0] 0]
INFO: [Labtools 27-1435] Device xcku040 (JTAG device index = 0) is not programmed (DONE status = 0).
set_property PROBES.FILE {d:/xilinx_fpga/ku040/sfp_ibert/ibert_sfp_12_5g/ibert_sfp_12_5g_ex/ibert_sfp_12_5g_ex.runs/impl_1/example_ibert_sfp_12_5g.ltx} [get_hw_devices xcku040_0]
set_property FULL_PROBES.FILE {d:/xilinx_fpga/ku040/sfp_ibert/ibert_sfp_12_5g/ibert_sfp_12_5g_ex/ibert_sfp_12_5g_ex.runs/impl_1/example_ibert_sfp_12_5g.ltx} [get_hw_devices xcku040_0]
set_property PROGRAM.FILE {d:/xilinx_fpga/ku040/sfp_ibert/ibert_sfp_12_5g/ibert_sfp_12_5g_ex/ibert_sfp_12_5g_ex.runs/impl_1/example_ibert_sfp_12_5g.bit} [get_hw_devices xcku040_0]
program_hw_devices [get_hw_devices xcku040_0]
INFO: [Labtools 27-3164] End of startup status: HIGH
program_hw_devices: Time (s): cpu = 00:00:13 ; elapsed = 00:00:13 . Memory (MB): peak = 1543.543 ; gain = 0.000
refresh_hw_device [lindex [get_hw_devices xcku040_0] 0]
INFO: [Labtools 27-2302] Device xcku040 (JTAG device index = 0) is programmed with a design that has 1 IBERT core(s).
ERROR: [Xicom 50-38] xicom: Unable to connect to debug core(s) on the target device. Check cable connectivity and that the target board is powered up then use the disconnect_hw_server and connect_hw_server to re-initialize the hardware target. Use open_hw_target to re-register the hardware device.
ERROR: [Xicom 50-38] xicom: Unable to connect to debug core(s) on the target device. Check cable connectivity and that the target board is powered up then use the disconnect_hw_server and connect_hw_server to re-initialize the hardware target. Use open_hw_target to re-register the hardware device.
ERROR: [Xicom 50-38] xicom: Unable to connect to debug core(s) on the target device. Check cable connectivity and that the target board is powered up then use the disconnect_hw_server and connect_hw_server to re-initialize the hardware target. Use open_hw_target to re-register the hardware device.
ERROR: [Xicom 50-38] xicom: Unable to connect to debug core(s) on the target device. Check cable connectivity and that the target board is powered up then use the disconnect_hw_server and connect_hw_server to re-initialize the hardware target. Use open_hw_target to re-register the hardware device.
ERROR: [Xicom 50-38] xicom: Unable to connect to debug core(s) on the target device. Check cable connectivity and that the target board is powered up then use the disconnect_hw_server and connect_hw_server to re-initialize the hardware target. Use open_hw_target to re-register the hardware device.
ERROR: [Labtoolstcl 44-513] HW Target shutdown. Closing target: localhost:3121/xilinx_tcf/Digilent/210512180081
INFO: [Labtoolstcl 44-466] Opening hw_target localhost:3121/xilinx_tcf/Digilent/210512180081
INFO: [Labtools 27-1435] Device xcku040 (JTAG device index = 0) is not programmed (DONE status = 0).
WARNING: [Labtoolstcl 44-129] No matching hw_ila_data was found.
set_property PROBES.FILE {d:/xilinx_fpga/ku040/sfp_ibert/ibert_sfp_12_5g/ibert_sfp_12_5g_ex/ibert_sfp_12_5g_ex.runs/impl_1/example_ibert_sfp_12_5g.ltx} [get_hw_devices xcku040_0]
set_property FULL_PROBES.FILE {d:/xilinx_fpga/ku040/sfp_ibert/ibert_sfp_12_5g/ibert_sfp_12_5g_ex/ibert_sfp_12_5g_ex.runs/impl_1/example_ibert_sfp_12_5g.ltx} [get_hw_devices xcku040_0]
set_property PROGRAM.FILE {d:/xilinx_fpga/ku040/sfp_ibert/ibert_sfp_12_5g/ibert_sfp_12_5g_ex/ibert_sfp_12_5g_ex.runs/impl_1/example_ibert_sfp_12_5g.bit} [get_hw_devices xcku040_0]
program_hw_devices [get_hw_devices xcku040_0]
INFO: [Labtools 27-3164] End of startup status: HIGH
program_hw_devices: Time (s): cpu = 00:00:13 ; elapsed = 00:00:13 . Memory (MB): peak = 1557.633 ; gain = 0.000
refresh_hw_device [lindex [get_hw_devices xcku040_0] 0]
INFO: [Labtools 27-2302] Device xcku040 (JTAG device index = 0) is programmed with a design that has 1 IBERT core(s).
detect_hw_sio_links
INFO: [Labtools 27-2267] Found 2 links.
set_property TX_PATTERN {PRBS 31-bit} [get_hw_sio_links {localhost:3121/xilinx_tcf/Digilent/210512180081/0_1_0_0/IBERT/Quad_224/MGT_X0Y3/TX->localhost:3121/xilinx_tcf/Digilent/210512180081/0_1_0_0/IBERT/Quad_224/MGT_X0Y2/RX}]
commit_hw_sio [get_hw_sio_links {localhost:3121/xilinx_tcf/Digilent/210512180081/0_1_0_0/IBERT/Quad_224/MGT_X0Y3/TX->localhost:3121/xilinx_tcf/Digilent/210512180081/0_1_0_0/IBERT/Quad_224/MGT_X0Y2/RX}]
set_property TX_PATTERN {PRBS 31-bit} [get_hw_sio_links -of_objects [get_hw_sio_linkgroups {LINKGROUP_0}]]
commit_hw_sio [get_hw_sio_links -of_objects [get_hw_sio_linkgroups {LINKGROUP_0}]]
set_property RX_PATTERN {PRBS 31-bit} [get_hw_sio_links -of_objects [get_hw_sio_linkgroups {LINKGROUP_0}]]
commit_hw_sio [get_hw_sio_links -of_objects [get_hw_sio_linkgroups {LINKGROUP_0}]]
set_property LOGIC.MGT_ERRCNT_RESET_CTRL 1 [get_hw_sio_links -of_objects [get_hw_sio_linkgroups {LINKGROUP_0}]]
commit_hw_sio [get_hw_sio_links -of_objects [get_hw_sio_linkgroups {LINKGROUP_0}]]
set_property LOGIC.MGT_ERRCNT_RESET_CTRL 0 [get_hw_sio_links -of_objects [get_hw_sio_linkgroups {LINKGROUP_0}]]
commit_hw_sio [get_hw_sio_links -of_objects [get_hw_sio_linkgroups {LINKGROUP_0}]]
set xil_newScan [create_hw_sio_scan -description {Scan 0} 2d_full_eye  [lindex [get_hw_sio_links localhost:3121/xilinx_tcf/Digilent/210512180081/0_1_0_0/IBERT/Quad_224/MGT_X0Y3/TX->localhost:3121/xilinx_tcf/Digilent/210512180081/0_1_0_0/IBERT/Quad_224/MGT_X0Y2/RX] 0 ]]
run_hw_sio_scan [get_hw_sio_scans $xil_newScan]
set xil_newScan [create_hw_sio_scan -description {Scan 1} 2d_full_eye  [lindex [get_hw_sio_links localhost:3121/xilinx_tcf/Digilent/210512180081/0_1_0_0/IBERT/Quad_224/MGT_X0Y2/TX->localhost:3121/xilinx_tcf/Digilent/210512180081/0_1_0_0/IBERT/Quad_224/MGT_X0Y3/RX] 0 ]]
run_hw_sio_scan [get_hw_sio_scans $xil_newScan]
ERROR: [Labtoolstcl 44-513] HW Target shutdown. Closing target: localhost:3121/xilinx_tcf/Digilent/210512180081
INFO: [Labtoolstcl 44-466] Opening hw_target localhost:3121/xilinx_tcf/Digilent/210512180081
INFO: [Labtools 27-1435] Device xcku040 (JTAG device index = 0) is not programmed (DONE status = 0).
WARNING: [Labtoolstcl 44-129] No matching hw_ila_data was found.
set_property PROBES.FILE {d:/xilinx_fpga/ku040/sfp_ibert/ibert_sfp_12_5g/ibert_sfp_12_5g_ex/ibert_sfp_12_5g_ex.runs/impl_1/example_ibert_sfp_12_5g.ltx} [get_hw_devices xcku040_0]
set_property FULL_PROBES.FILE {d:/xilinx_fpga/ku040/sfp_ibert/ibert_sfp_12_5g/ibert_sfp_12_5g_ex/ibert_sfp_12_5g_ex.runs/impl_1/example_ibert_sfp_12_5g.ltx} [get_hw_devices xcku040_0]
set_property PROGRAM.FILE {d:/xilinx_fpga/ku040/sfp_ibert/ibert_sfp_12_5g/ibert_sfp_12_5g_ex/ibert_sfp_12_5g_ex.runs/impl_1/example_ibert_sfp_12_5g.bit} [get_hw_devices xcku040_0]
program_hw_devices [get_hw_devices xcku040_0]
INFO: [Labtools 27-3164] End of startup status: HIGH
program_hw_devices: Time (s): cpu = 00:00:14 ; elapsed = 00:00:13 . Memory (MB): peak = 1588.680 ; gain = 0.000
refresh_hw_device [lindex [get_hw_devices xcku040_0] 0]
INFO: [Labtools 27-2302] Device xcku040 (JTAG device index = 0) is programmed with a design that has 1 IBERT core(s).
INFO: [Labtools 27-3134] 1 properties from Link : Found 1 is(are) being modified based on the saved project settings.
INFO: [Labtools 27-3134] 1 properties from Link : Found 0 is(are) being modified based on the saved project settings.
detect_hw_sio_links
INFO: [Labtools 27-2267] Found 2 links.
set_property RX_PATTERN {PRBS 31-bit} [get_hw_sio_links {localhost:3121/xilinx_tcf/Digilent/210512180081/0_1_0_0/IBERT/Quad_224/MGT_X0Y1/TX->localhost:3121/xilinx_tcf/Digilent/210512180081/0_1_0_0/IBERT/Quad_224/MGT_X0Y0/RX}]
commit_hw_sio [get_hw_sio_links {localhost:3121/xilinx_tcf/Digilent/210512180081/0_1_0_0/IBERT/Quad_224/MGT_X0Y1/TX->localhost:3121/xilinx_tcf/Digilent/210512180081/0_1_0_0/IBERT/Quad_224/MGT_X0Y0/RX}]
set_property RX_PATTERN {PRBS 31-bit} [get_hw_sio_links {localhost:3121/xilinx_tcf/Digilent/210512180081/0_1_0_0/IBERT/Quad_224/MGT_X0Y0/TX->localhost:3121/xilinx_tcf/Digilent/210512180081/0_1_0_0/IBERT/Quad_224/MGT_X0Y1/RX}]
commit_hw_sio [get_hw_sio_links {localhost:3121/xilinx_tcf/Digilent/210512180081/0_1_0_0/IBERT/Quad_224/MGT_X0Y0/TX->localhost:3121/xilinx_tcf/Digilent/210512180081/0_1_0_0/IBERT/Quad_224/MGT_X0Y1/RX}]
set_property TX_PATTERN {PRBS 23-bit} [get_hw_sio_links {localhost:3121/xilinx_tcf/Digilent/210512180081/0_1_0_0/IBERT/Quad_224/MGT_X0Y1/TX->localhost:3121/xilinx_tcf/Digilent/210512180081/0_1_0_0/IBERT/Quad_224/MGT_X0Y0/RX}]
commit_hw_sio [get_hw_sio_links {localhost:3121/xilinx_tcf/Digilent/210512180081/0_1_0_0/IBERT/Quad_224/MGT_X0Y1/TX->localhost:3121/xilinx_tcf/Digilent/210512180081/0_1_0_0/IBERT/Quad_224/MGT_X0Y0/RX}]
set_property TX_PATTERN {PRBS 31-bit} [get_hw_sio_links {localhost:3121/xilinx_tcf/Digilent/210512180081/0_1_0_0/IBERT/Quad_224/MGT_X0Y1/TX->localhost:3121/xilinx_tcf/Digilent/210512180081/0_1_0_0/IBERT/Quad_224/MGT_X0Y0/RX}]
commit_hw_sio [get_hw_sio_links {localhost:3121/xilinx_tcf/Digilent/210512180081/0_1_0_0/IBERT/Quad_224/MGT_X0Y1/TX->localhost:3121/xilinx_tcf/Digilent/210512180081/0_1_0_0/IBERT/Quad_224/MGT_X0Y0/RX}]
set_property TX_PATTERN {PRBS 31-bit} [get_hw_sio_links {localhost:3121/xilinx_tcf/Digilent/210512180081/0_1_0_0/IBERT/Quad_224/MGT_X0Y0/TX->localhost:3121/xilinx_tcf/Digilent/210512180081/0_1_0_0/IBERT/Quad_224/MGT_X0Y1/RX}]
commit_hw_sio [get_hw_sio_links {localhost:3121/xilinx_tcf/Digilent/210512180081/0_1_0_0/IBERT/Quad_224/MGT_X0Y0/TX->localhost:3121/xilinx_tcf/Digilent/210512180081/0_1_0_0/IBERT/Quad_224/MGT_X0Y1/RX}]
set_property TX_PATTERN {PRBS 31-bit} [get_hw_sio_links -of_objects [get_hw_sio_linkgroups {LINKGROUP_0}]]
commit_hw_sio [get_hw_sio_links -of_objects [get_hw_sio_linkgroups {LINKGROUP_0}]]
set_property RX_PATTERN {PRBS 31-bit} [get_hw_sio_links -of_objects [get_hw_sio_linkgroups {LINKGROUP_0}]]
commit_hw_sio [get_hw_sio_links -of_objects [get_hw_sio_linkgroups {LINKGROUP_0}]]
set_property LOGIC.MGT_ERRCNT_RESET_CTRL 1 [get_hw_sio_links -of_objects [get_hw_sio_linkgroups {LINKGROUP_0}]]
commit_hw_sio [get_hw_sio_links -of_objects [get_hw_sio_linkgroups {LINKGROUP_0}]]
set_property LOGIC.MGT_ERRCNT_RESET_CTRL 0 [get_hw_sio_links -of_objects [get_hw_sio_linkgroups {LINKGROUP_0}]]
commit_hw_sio [get_hw_sio_links -of_objects [get_hw_sio_linkgroups {LINKGROUP_0}]]
set_property LOGIC.MGT_ERRCNT_RESET_CTRL 1 [get_hw_sio_links -of_objects [get_hw_sio_linkgroups {LINKGROUP_1}]]
commit_hw_sio [get_hw_sio_links -of_objects [get_hw_sio_linkgroups {LINKGROUP_1}]]
set_property LOGIC.MGT_ERRCNT_RESET_CTRL 0 [get_hw_sio_links -of_objects [get_hw_sio_linkgroups {LINKGROUP_1}]]
commit_hw_sio [get_hw_sio_links -of_objects [get_hw_sio_linkgroups {LINKGROUP_1}]]
set xil_newScan [create_hw_sio_scan -description {Scan 2} 2d_full_eye  [lindex [get_hw_sio_links localhost:3121/xilinx_tcf/Digilent/210512180081/0_1_0_0/IBERT/Quad_224/MGT_X0Y1/TX->localhost:3121/xilinx_tcf/Digilent/210512180081/0_1_0_0/IBERT/Quad_224/MGT_X0Y0/RX] 0 ]]
set_property DWELL_BER 1e-6 [get_hw_sio_scans $xil_newScan]
run_hw_sio_scan [get_hw_sio_scans $xil_newScan]
set xil_newScan [create_hw_sio_scan -description {Scan 3} 2d_full_eye  [lindex [get_hw_sio_links localhost:3121/xilinx_tcf/Digilent/210512180081/0_1_0_0/IBERT/Quad_224/MGT_X0Y0/TX->localhost:3121/xilinx_tcf/Digilent/210512180081/0_1_0_0/IBERT/Quad_224/MGT_X0Y1/RX] 0 ]]
set_property DWELL_BER 1e-6 [get_hw_sio_scans $xil_newScan]
run_hw_sio_scan [get_hw_sio_scans $xil_newScan]
ERROR: [Labtoolstcl 44-513] HW Target shutdown. Closing target: localhost:3121/xilinx_tcf/Digilent/210512180081
INFO: [Labtoolstcl 44-466] Opening hw_target localhost:3121/xilinx_tcf/Digilent/210512180081
INFO: [Labtools 27-2302] Device xcku040 (JTAG device index = 0) is programmed with a design that has 1 ILA core(s).
WARNING: [Labtools 27-1974] Mismatch between the design programmed into the device xcku040_0 and the probes file(s) d:/xilinx_fpga/ku040/sfp_ibert/ibert_sfp_12_5g/ibert_sfp_12_5g_ex/ibert_sfp_12_5g_ex.runs/impl_1/example_ibert_sfp_12_5g.ltx.
The device design has 1 ILA core(s) and 0 VIO core(s). The probes file(s) have 0 ILA core(s) and 0 VIO core(s).
Resolution: 
1. Reprogram device with the correct programming file and associated probes file(s) OR
2. Goto device properties and associate the correct probes file(s) with the programming file already programmed in the device.
WARNING: [Labtoolstcl 44-129] No matching hw_ila_data was found.
set_property PROBES.FILE {d:/xilinx_fpga/ku040/sfp_ibert/ibert_sfp_12_5g/ibert_sfp_12_5g_ex/ibert_sfp_12_5g_ex.runs/impl_1/example_ibert_sfp_12_5g.ltx} [get_hw_devices xcku040_0]
set_property FULL_PROBES.FILE {d:/xilinx_fpga/ku040/sfp_ibert/ibert_sfp_12_5g/ibert_sfp_12_5g_ex/ibert_sfp_12_5g_ex.runs/impl_1/example_ibert_sfp_12_5g.ltx} [get_hw_devices xcku040_0]
set_property PROGRAM.FILE {d:/xilinx_fpga/ku040/sfp_ibert/ibert_sfp_12_5g/ibert_sfp_12_5g_ex/ibert_sfp_12_5g_ex.runs/impl_1/example_ibert_sfp_12_5g.bit} [get_hw_devices xcku040_0]
program_hw_devices [get_hw_devices xcku040_0]
INFO: [Labtools 27-3164] End of startup status: HIGH
program_hw_devices: Time (s): cpu = 00:00:14 ; elapsed = 00:00:13 . Memory (MB): peak = 1629.504 ; gain = 0.000
refresh_hw_device [lindex [get_hw_devices xcku040_0] 0]
INFO: [Labtools 27-2302] Device xcku040 (JTAG device index = 0) is programmed with a design that has 1 IBERT core(s).
INFO: [Labtools 27-3134] 1 properties from Link : Found 1 is(are) being modified based on the saved project settings.
INFO: [Labtools 27-3134] 1 properties from Link : Found 0 is(are) being modified based on the saved project settings.
INFO: [Labtools 27-3134] 1 properties from Link : Found 1 is(are) being modified based on the saved project settings.
INFO: [Labtools 27-3134] 1 properties from Link : Found 0 is(are) being modified based on the saved project settings.
set_property TX_PATTERN {PRBS 31-bit} [get_hw_sio_links -of_objects [get_hw_sio_linkgroups {LINKGROUP_0}]]
commit_hw_sio [get_hw_sio_links -of_objects [get_hw_sio_linkgroups {LINKGROUP_0}]]
set_property RX_PATTERN {PRBS 31-bit} [get_hw_sio_links -of_objects [get_hw_sio_linkgroups {LINKGROUP_0}]]
commit_hw_sio [get_hw_sio_links -of_objects [get_hw_sio_linkgroups {LINKGROUP_0}]]
set_property LOGIC.MGT_ERRCNT_RESET_CTRL 1 [get_hw_sio_links -of_objects [get_hw_sio_linkgroups {LINKGROUP_0}]]
commit_hw_sio [get_hw_sio_links -of_objects [get_hw_sio_linkgroups {LINKGROUP_0}]]
set_property LOGIC.MGT_ERRCNT_RESET_CTRL 0 [get_hw_sio_links -of_objects [get_hw_sio_linkgroups {LINKGROUP_0}]]
commit_hw_sio [get_hw_sio_links -of_objects [get_hw_sio_linkgroups {LINKGROUP_0}]]
ERROR: [Labtoolstcl 44-513] HW Target shutdown. Closing target: localhost:3121/xilinx_tcf/Digilent/210512180081
INFO: [Labtoolstcl 44-466] Opening hw_target localhost:3121/xilinx_tcf/Digilent/210512180081
INFO: [Labtools 27-2302] Device xcku040 (JTAG device index = 0) is programmed with a design that has 1 ILA core(s).
WARNING: [Labtools 27-1974] Mismatch between the design programmed into the device xcku040_0 and the probes file(s) d:/xilinx_fpga/ku040/sfp_ibert/ibert_sfp_12_5g/ibert_sfp_12_5g_ex/ibert_sfp_12_5g_ex.runs/impl_1/example_ibert_sfp_12_5g.ltx.
The device design has 1 ILA core(s) and 0 VIO core(s). The probes file(s) have 0 ILA core(s) and 0 VIO core(s).
Resolution: 
1. Reprogram device with the correct programming file and associated probes file(s) OR
2. Goto device properties and associate the correct probes file(s) with the programming file already programmed in the device.
WARNING: [Labtoolstcl 44-129] No matching hw_ila_data was found.
set_property PROBES.FILE {d:/xilinx_fpga/ku040/sfp_ibert/ibert_sfp_12_5g/ibert_sfp_12_5g_ex/ibert_sfp_12_5g_ex.runs/impl_1/example_ibert_sfp_12_5g.ltx} [get_hw_devices xcku040_0]
set_property FULL_PROBES.FILE {d:/xilinx_fpga/ku040/sfp_ibert/ibert_sfp_12_5g/ibert_sfp_12_5g_ex/ibert_sfp_12_5g_ex.runs/impl_1/example_ibert_sfp_12_5g.ltx} [get_hw_devices xcku040_0]
set_property PROGRAM.FILE {d:/xilinx_fpga/ku040/sfp_ibert/ibert_sfp_12_5g/ibert_sfp_12_5g_ex/ibert_sfp_12_5g_ex.runs/impl_1/example_ibert_sfp_12_5g.bit} [get_hw_devices xcku040_0]
program_hw_devices [get_hw_devices xcku040_0]
INFO: [Labtools 27-3164] End of startup status: HIGH
program_hw_devices: Time (s): cpu = 00:00:13 ; elapsed = 00:00:13 . Memory (MB): peak = 1785.598 ; gain = 0.000
refresh_hw_device [lindex [get_hw_devices xcku040_0] 0]
INFO: [Labtools 27-2302] Device xcku040 (JTAG device index = 0) is programmed with a design that has 1 IBERT core(s).
INFO: [Labtools 27-3134] 1 properties from Link : Found 1 is(are) being modified based on the saved project settings.
INFO: [Labtools 27-3134] 1 properties from Link : Found 0 is(are) being modified based on the saved project settings.
INFO: [Labtools 27-3134] 1 properties from Link : Found 1 is(are) being modified based on the saved project settings.
INFO: [Labtools 27-3134] 1 properties from Link : Found 0 is(are) being modified based on the saved project settings.
set_property TX_PATTERN {PRBS 31-bit} [get_hw_sio_links -of_objects [get_hw_sio_linkgroups {LINKGROUP_0}]]
commit_hw_sio [get_hw_sio_links -of_objects [get_hw_sio_linkgroups {LINKGROUP_0}]]
set_property RX_PATTERN {PRBS 31-bit} [get_hw_sio_links -of_objects [get_hw_sio_linkgroups {LINKGROUP_0}]]
commit_hw_sio [get_hw_sio_links -of_objects [get_hw_sio_linkgroups {LINKGROUP_0}]]
set_property LOGIC.MGT_ERRCNT_RESET_CTRL 1 [get_hw_sio_links -of_objects [get_hw_sio_linkgroups {LINKGROUP_0}]]
commit_hw_sio [get_hw_sio_links -of_objects [get_hw_sio_linkgroups {LINKGROUP_0}]]
set_property LOGIC.MGT_ERRCNT_RESET_CTRL 0 [get_hw_sio_links -of_objects [get_hw_sio_linkgroups {LINKGROUP_0}]]
commit_hw_sio [get_hw_sio_links -of_objects [get_hw_sio_linkgroups {LINKGROUP_0}]]
set_property LOGIC.MGT_ERRCNT_RESET_CTRL 1 [get_hw_sio_links -of_objects [get_hw_sio_linkgroups {LINKGROUP_0}]]
commit_hw_sio [get_hw_sio_links -of_objects [get_hw_sio_linkgroups {LINKGROUP_0}]]
set_property LOGIC.MGT_ERRCNT_RESET_CTRL 0 [get_hw_sio_links -of_objects [get_hw_sio_linkgroups {LINKGROUP_0}]]
commit_hw_sio [get_hw_sio_links -of_objects [get_hw_sio_linkgroups {LINKGROUP_0}]]
set_property LOGIC.MGT_ERRCNT_RESET_CTRL 1 [get_hw_sio_links -of_objects [get_hw_sio_linkgroups {LINKGROUP_0}]]
commit_hw_sio [get_hw_sio_links -of_objects [get_hw_sio_linkgroups {LINKGROUP_0}]]
set_property LOGIC.MGT_ERRCNT_RESET_CTRL 0 [get_hw_sio_links -of_objects [get_hw_sio_linkgroups {LINKGROUP_0}]]
commit_hw_sio [get_hw_sio_links -of_objects [get_hw_sio_linkgroups {LINKGROUP_0}]]
set_property LOGIC.MGT_ERRCNT_RESET_CTRL 1 [get_hw_sio_links -of_objects [get_hw_sio_linkgroups {LINKGROUP_0}]]
commit_hw_sio [get_hw_sio_links -of_objects [get_hw_sio_linkgroups {LINKGROUP_0}]]
set_property LOGIC.MGT_ERRCNT_RESET_CTRL 0 [get_hw_sio_links -of_objects [get_hw_sio_linkgroups {LINKGROUP_0}]]
commit_hw_sio [get_hw_sio_links -of_objects [get_hw_sio_linkgroups {LINKGROUP_0}]]
set xil_newScan [create_hw_sio_scan -description {Scan 4} 2d_full_eye  [lindex [get_hw_sio_links localhost:3121/xilinx_tcf/Digilent/210512180081/0_1_0_0/IBERT/Quad_224/MGT_X0Y1/TX->localhost:3121/xilinx_tcf/Digilent/210512180081/0_1_0_0/IBERT/Quad_224/MGT_X0Y0/RX] 0 ]]
run_hw_sio_scan [get_hw_sio_scans $xil_newScan]
set_property TX_PATTERN {PRBS 7-bit} [get_hw_sio_links -of_objects [get_hw_sio_linkgroups {LINKGROUP_0}]]
commit_hw_sio [get_hw_sio_links -of_objects [get_hw_sio_linkgroups {LINKGROUP_0}]]
set_property RX_PATTERN {PRBS 7-bit} [get_hw_sio_links -of_objects [get_hw_sio_linkgroups {LINKGROUP_0}]]
commit_hw_sio [get_hw_sio_links -of_objects [get_hw_sio_linkgroups {LINKGROUP_0}]]
set_property LOGIC.MGT_ERRCNT_RESET_CTRL 1 [get_hw_sio_links -of_objects [get_hw_sio_linkgroups {LINKGROUP_0}]]
commit_hw_sio [get_hw_sio_links -of_objects [get_hw_sio_linkgroups {LINKGROUP_0}]]
set_property LOGIC.MGT_ERRCNT_RESET_CTRL 0 [get_hw_sio_links -of_objects [get_hw_sio_linkgroups {LINKGROUP_0}]]
commit_hw_sio [get_hw_sio_links -of_objects [get_hw_sio_linkgroups {LINKGROUP_0}]]
set_property LOGIC.MGT_ERRCNT_RESET_CTRL 1 [get_hw_sio_links -of_objects [get_hw_sio_linkgroups {LINKGROUP_0}]]
commit_hw_sio [get_hw_sio_links -of_objects [get_hw_sio_linkgroups {LINKGROUP_0}]]
set_property LOGIC.MGT_ERRCNT_RESET_CTRL 0 [get_hw_sio_links -of_objects [get_hw_sio_linkgroups {LINKGROUP_0}]]
commit_hw_sio [get_hw_sio_links -of_objects [get_hw_sio_linkgroups {LINKGROUP_0}]]
set_property LOGIC.MGT_ERRCNT_RESET_CTRL 1 [get_hw_sio_links -of_objects [get_hw_sio_linkgroups {LINKGROUP_0}]]
commit_hw_sio [get_hw_sio_links -of_objects [get_hw_sio_linkgroups {LINKGROUP_0}]]
set_property LOGIC.MGT_ERRCNT_RESET_CTRL 0 [get_hw_sio_links -of_objects [get_hw_sio_linkgroups {LINKGROUP_0}]]
commit_hw_sio [get_hw_sio_links -of_objects [get_hw_sio_linkgroups {LINKGROUP_0}]]
set_property LOGIC.MGT_ERRCNT_RESET_CTRL 1 [get_hw_sio_links -of_objects [get_hw_sio_linkgroups {LINKGROUP_0}]]
commit_hw_sio [get_hw_sio_links -of_objects [get_hw_sio_linkgroups {LINKGROUP_0}]]
set_property LOGIC.MGT_ERRCNT_RESET_CTRL 0 [get_hw_sio_links -of_objects [get_hw_sio_linkgroups {LINKGROUP_0}]]
commit_hw_sio [get_hw_sio_links -of_objects [get_hw_sio_linkgroups {LINKGROUP_0}]]
set_property LOGIC.MGT_ERRCNT_RESET_CTRL 1 [get_hw_sio_links -of_objects [get_hw_sio_linkgroups {LINKGROUP_0}]]
commit_hw_sio [get_hw_sio_links -of_objects [get_hw_sio_linkgroups {LINKGROUP_0}]]
set_property LOGIC.MGT_ERRCNT_RESET_CTRL 0 [get_hw_sio_links -of_objects [get_hw_sio_linkgroups {LINKGROUP_0}]]
commit_hw_sio [get_hw_sio_links -of_objects [get_hw_sio_linkgroups {LINKGROUP_0}]]
ERROR: [Xicom 50-38] xicom: Unable to connect to debug core(s) on the target device. Check cable connectivity and that the target board is powered up then use the disconnect_hw_server and connect_hw_server to re-initialize the hardware target. Use open_hw_target to re-register the hardware device.
ERROR: [Xicom 50-38] xicom: Unable to connect to debug core(s) on the target device. Check cable connectivity and that the target board is powered up then use the disconnect_hw_server and connect_hw_server to re-initialize the hardware target. Use open_hw_target to re-register the hardware device.
ERROR: [Xicom 50-38] xicom: Unable to connect to debug core(s) on the target device. Check cable connectivity and that the target board is powered up then use the disconnect_hw_server and connect_hw_server to re-initialize the hardware target. Use open_hw_target to re-register the hardware device.
ERROR: [Xicom 50-38] xicom: Unable to connect to debug core(s) on the target device. Check cable connectivity and that the target board is powered up then use the disconnect_hw_server and connect_hw_server to re-initialize the hardware target. Use open_hw_target to re-register the hardware device.
ERROR: [Xicom 50-38] xicom: Unable to connect to debug core(s) on the target device. Check cable connectivity and that the target board is powered up then use the disconnect_hw_server and connect_hw_server to re-initialize the hardware target. Use open_hw_target to re-register the hardware device.
ERROR: [Labtoolstcl 44-513] HW Target shutdown. Closing target: localhost:3121/xilinx_tcf/Digilent/210512180081
INFO: [Labtoolstcl 44-466] Opening hw_target localhost:3121/xilinx_tcf/Digilent/210512180081
INFO: [Labtools 27-2302] Device xcku040 (JTAG device index = 0) is programmed with a design that has 1 ILA core(s).
WARNING: [Labtools 27-1974] Mismatch between the design programmed into the device xcku040_0 and the probes file(s) d:/xilinx_fpga/ku040/sfp_ibert/ibert_sfp_12_5g/ibert_sfp_12_5g_ex/ibert_sfp_12_5g_ex.runs/impl_1/example_ibert_sfp_12_5g.ltx.
The device design has 1 ILA core(s) and 0 VIO core(s). The probes file(s) have 0 ILA core(s) and 0 VIO core(s).
Resolution: 
1. Reprogram device with the correct programming file and associated probes file(s) OR
2. Goto device properties and associate the correct probes file(s) with the programming file already programmed in the device.
WARNING: [Labtoolstcl 44-129] No matching hw_ila_data was found.
set_property PROBES.FILE {d:/xilinx_fpga/ku040/sfp_ibert/ibert_sfp_12_5g/ibert_sfp_12_5g_ex/ibert_sfp_12_5g_ex.runs/impl_1/example_ibert_sfp_12_5g.ltx} [get_hw_devices xcku040_0]
set_property FULL_PROBES.FILE {d:/xilinx_fpga/ku040/sfp_ibert/ibert_sfp_12_5g/ibert_sfp_12_5g_ex/ibert_sfp_12_5g_ex.runs/impl_1/example_ibert_sfp_12_5g.ltx} [get_hw_devices xcku040_0]
set_property PROGRAM.FILE {d:/xilinx_fpga/ku040/sfp_ibert/ibert_sfp_12_5g/ibert_sfp_12_5g_ex/ibert_sfp_12_5g_ex.runs/impl_1/example_ibert_sfp_12_5g.bit} [get_hw_devices xcku040_0]
program_hw_devices [get_hw_devices xcku040_0]
INFO: [Labtools 27-3164] End of startup status: HIGH
program_hw_devices: Time (s): cpu = 00:00:14 ; elapsed = 00:00:13 . Memory (MB): peak = 1800.727 ; gain = 7.523
refresh_hw_device [lindex [get_hw_devices xcku040_0] 0]
INFO: [Labtools 27-2302] Device xcku040 (JTAG device index = 0) is programmed with a design that has 1 IBERT core(s).
INFO: [Labtools 27-3134] 1 properties from Link : Found 1 is(are) being modified based on the saved project settings.
INFO: [Labtools 27-3134] 1 properties from Link : Found 0 is(are) being modified based on the saved project settings.
INFO: [Labtools 27-3134] 1 properties from Link : Found 1 is(are) being modified based on the saved project settings.
INFO: [Labtools 27-3134] 1 properties from Link : Found 0 is(are) being modified based on the saved project settings.
set_property LOGIC.MGT_ERRCNT_RESET_CTRL 1 [get_hw_sio_links -of_objects [get_hw_sio_linkgroups {LINKGROUP_0}]]
commit_hw_sio [get_hw_sio_links -of_objects [get_hw_sio_linkgroups {LINKGROUP_0}]]
set_property LOGIC.MGT_ERRCNT_RESET_CTRL 0 [get_hw_sio_links -of_objects [get_hw_sio_linkgroups {LINKGROUP_0}]]
commit_hw_sio [get_hw_sio_links -of_objects [get_hw_sio_linkgroups {LINKGROUP_0}]]
set_property LOGIC.MGT_ERRCNT_RESET_CTRL 1 [get_hw_sio_links -of_objects [get_hw_sio_linkgroups {LINKGROUP_0}]]
commit_hw_sio [get_hw_sio_links -of_objects [get_hw_sio_linkgroups {LINKGROUP_0}]]
set_property LOGIC.MGT_ERRCNT_RESET_CTRL 0 [get_hw_sio_links -of_objects [get_hw_sio_linkgroups {LINKGROUP_0}]]
commit_hw_sio [get_hw_sio_links -of_objects [get_hw_sio_linkgroups {LINKGROUP_0}]]
set_property LOGIC.MGT_ERRCNT_RESET_CTRL 1 [get_hw_sio_links -of_objects [get_hw_sio_linkgroups {LINKGROUP_0}]]
commit_hw_sio [get_hw_sio_links -of_objects [get_hw_sio_linkgroups {LINKGROUP_0}]]
set_property LOGIC.MGT_ERRCNT_RESET_CTRL 0 [get_hw_sio_links -of_objects [get_hw_sio_linkgroups {LINKGROUP_0}]]
commit_hw_sio [get_hw_sio_links -of_objects [get_hw_sio_linkgroups {LINKGROUP_0}]]
set_property LOGIC.MGT_ERRCNT_RESET_CTRL 1 [get_hw_sio_links -of_objects [get_hw_sio_linkgroups {LINKGROUP_0}]]
commit_hw_sio [get_hw_sio_links -of_objects [get_hw_sio_linkgroups {LINKGROUP_0}]]
set_property LOGIC.MGT_ERRCNT_RESET_CTRL 0 [get_hw_sio_links -of_objects [get_hw_sio_linkgroups {LINKGROUP_0}]]
commit_hw_sio [get_hw_sio_links -of_objects [get_hw_sio_linkgroups {LINKGROUP_0}]]
set xil_newScan [create_hw_sio_scan -description {Scan 5} 2d_full_eye  [lindex [get_hw_sio_links localhost:3121/xilinx_tcf/Digilent/210512180081/0_1_0_0/IBERT/Quad_224/MGT_X0Y1/TX->localhost:3121/xilinx_tcf/Digilent/210512180081/0_1_0_0/IBERT/Quad_224/MGT_X0Y0/RX] 0 ]]
run_hw_sio_scan [get_hw_sio_scans $xil_newScan]
set_property LOGIC.MGT_ERRCNT_RESET_CTRL 1 [get_hw_sio_links -of_objects [get_hw_sio_linkgroups {LINKGROUP_1}]]
commit_hw_sio [get_hw_sio_links -of_objects [get_hw_sio_linkgroups {LINKGROUP_1}]]
set_property LOGIC.MGT_ERRCNT_RESET_CTRL 0 [get_hw_sio_links -of_objects [get_hw_sio_linkgroups {LINKGROUP_1}]]
commit_hw_sio [get_hw_sio_links -of_objects [get_hw_sio_linkgroups {LINKGROUP_1}]]
startgroup
remove_hw_sio_linkgroup [get_hw_sio_linkgroups {LINKGROUP_0 LINKGROUP_1}]
remove_hw_sio_link [get_hw_sio_links {localhost:3121/xilinx_tcf/Digilent/210512180081/0_1_0_0/IBERT/Quad_224/MGT_X0Y3/TX->localhost:3121/xilinx_tcf/Digilent/210512180081/0_1_0_0/IBERT/Quad_224/MGT_X0Y2/RX localhost:3121/xilinx_tcf/Digilent/210512180081/0_1_0_0/IBERT/Quad_224/MGT_X0Y2/TX->localhost:3121/xilinx_tcf/Digilent/210512180081/0_1_0_0/IBERT/Quad_224/MGT_X0Y3/RX localhost:3121/xilinx_tcf/Digilent/210512180081/0_1_0_0/IBERT/Quad_224/MGT_X0Y1/TX->localhost:3121/xilinx_tcf/Digilent/210512180081/0_1_0_0/IBERT/Quad_224/MGT_X0Y0/RX localhost:3121/xilinx_tcf/Digilent/210512180081/0_1_0_0/IBERT/Quad_224/MGT_X0Y0/TX->localhost:3121/xilinx_tcf/Digilent/210512180081/0_1_0_0/IBERT/Quad_224/MGT_X0Y1/RX}]
detect_hw_sio_links
INFO: [Labtools 27-2267] Found 2 links.
remove_hw_sio_scan [get_hw_sio_scans {SCAN_2 SCAN_0 SCAN_1 SCAN_3 SCAN_4 SCAN_5}]
set_property TX_PATTERN {PRBS 31-bit} [get_hw_sio_links -of_objects [get_hw_sio_linkgroups {LINKGROUP_0}]]
commit_hw_sio [get_hw_sio_links -of_objects [get_hw_sio_linkgroups {LINKGROUP_0}]]
set_property RX_PATTERN {PRBS 31-bit} [get_hw_sio_links -of_objects [get_hw_sio_linkgroups {LINKGROUP_0}]]
commit_hw_sio [get_hw_sio_links -of_objects [get_hw_sio_linkgroups {LINKGROUP_0}]]
set_property LOGIC.MGT_ERRCNT_RESET_CTRL 1 [get_hw_sio_links -of_objects [get_hw_sio_linkgroups {LINKGROUP_0}]]
commit_hw_sio [get_hw_sio_links -of_objects [get_hw_sio_linkgroups {LINKGROUP_0}]]
set_property LOGIC.MGT_ERRCNT_RESET_CTRL 0 [get_hw_sio_links -of_objects [get_hw_sio_linkgroups {LINKGROUP_0}]]
commit_hw_sio [get_hw_sio_links -of_objects [get_hw_sio_linkgroups {LINKGROUP_0}]]
set xil_newScan [create_hw_sio_scan -description {Scan 0} 2d_full_eye  [lindex [get_hw_sio_links localhost:3121/xilinx_tcf/Digilent/210512180081/0_1_0_0/IBERT/Quad_224/MGT_X0Y1/TX->localhost:3121/xilinx_tcf/Digilent/210512180081/0_1_0_0/IBERT/Quad_224/MGT_X0Y0/RX] 0 ]]
set_property DWELL_BER 1e-7 [get_hw_sio_scans $xil_newScan]
run_hw_sio_scan [get_hw_sio_scans $xil_newScan]
set xil_newScan [create_hw_sio_scan -description {Scan 1} 2d_full_eye  [lindex [get_hw_sio_links localhost:3121/xilinx_tcf/Digilent/210512180081/0_1_0_0/IBERT/Quad_224/MGT_X0Y0/TX->localhost:3121/xilinx_tcf/Digilent/210512180081/0_1_0_0/IBERT/Quad_224/MGT_X0Y1/RX] 0 ]]
set_property DWELL_BER 1e-7 [get_hw_sio_scans $xil_newScan]
run_hw_sio_scan [get_hw_sio_scans $xil_newScan]
remove_hw_sio_link [get_hw_sio_links {localhost:3121/xilinx_tcf/Digilent/210512180081/0_1_0_0/IBERT/Quad_224/MGT_X0Y1/TX->localhost:3121/xilinx_tcf/Digilent/210512180081/0_1_0_0/IBERT/Quad_224/MGT_X0Y0/RX}]
remove_hw_sio_link [get_hw_sio_links {localhost:3121/xilinx_tcf/Digilent/210512180081/0_1_0_0/IBERT/Quad_224/MGT_X0Y0/TX->localhost:3121/xilinx_tcf/Digilent/210512180081/0_1_0_0/IBERT/Quad_224/MGT_X0Y1/RX}]
refresh_hw_sio [list [get_hw_sio_iberts {localhost:3121/xilinx_tcf/Digilent/210512180081/0_1_0_0/IBERT}] ]
detect_hw_sio_links
WARNING: [Labtools 27-2268] No Links Found - Check reference clocks, PLL configuration, and board connectivity, or create links manually in order to tune settings.
ERROR: [Labtoolstcl 44-513] HW Target shutdown. Closing target: localhost:3121/xilinx_tcf/Digilent/210512180081
INFO: [Labtoolstcl 44-466] Opening hw_target localhost:3121/xilinx_tcf/Digilent/210512180081
INFO: [Labtools 27-2302] Device xcku040 (JTAG device index = 0) is programmed with a design that has 1 ILA core(s).
WARNING: [Labtools 27-1974] Mismatch between the design programmed into the device xcku040_0 and the probes file(s) d:/xilinx_fpga/ku040/sfp_ibert/ibert_sfp_12_5g/ibert_sfp_12_5g_ex/ibert_sfp_12_5g_ex.runs/impl_1/example_ibert_sfp_12_5g.ltx.
The device design has 1 ILA core(s) and 0 VIO core(s). The probes file(s) have 0 ILA core(s) and 0 VIO core(s).
Resolution: 
1. Reprogram device with the correct programming file and associated probes file(s) OR
2. Goto device properties and associate the correct probes file(s) with the programming file already programmed in the device.
WARNING: [Labtoolstcl 44-129] No matching hw_ila_data was found.
set_property PROBES.FILE {d:/xilinx_fpga/ku040/sfp_ibert/ibert_sfp_12_5g/ibert_sfp_12_5g_ex/ibert_sfp_12_5g_ex.runs/impl_1/example_ibert_sfp_12_5g.ltx} [get_hw_devices xcku040_0]
set_property FULL_PROBES.FILE {d:/xilinx_fpga/ku040/sfp_ibert/ibert_sfp_12_5g/ibert_sfp_12_5g_ex/ibert_sfp_12_5g_ex.runs/impl_1/example_ibert_sfp_12_5g.ltx} [get_hw_devices xcku040_0]
set_property PROGRAM.FILE {d:/xilinx_fpga/ku040/sfp_ibert/ibert_sfp_12_5g/ibert_sfp_12_5g_ex/ibert_sfp_12_5g_ex.runs/impl_1/example_ibert_sfp_12_5g.bit} [get_hw_devices xcku040_0]
program_hw_devices [get_hw_devices xcku040_0]
INFO: [Labtools 27-3164] End of startup status: HIGH
program_hw_devices: Time (s): cpu = 00:00:14 ; elapsed = 00:00:13 . Memory (MB): peak = 1897.547 ; gain = 0.000
refresh_hw_device [lindex [get_hw_devices xcku040_0] 0]
INFO: [Labtools 27-2302] Device xcku040 (JTAG device index = 0) is programmed with a design that has 1 IBERT core(s).
detect_hw_sio_links
INFO: [Labtools 27-2267] Found 2 links.
set_property TX_PATTERN {PRBS 31-bit} [get_hw_sio_links -of_objects [get_hw_sio_linkgroups {LINKGROUP_0}]]
commit_hw_sio [get_hw_sio_links -of_objects [get_hw_sio_linkgroups {LINKGROUP_0}]]
set_property RX_PATTERN {PRBS 31-bit} [get_hw_sio_links -of_objects [get_hw_sio_linkgroups {LINKGROUP_0}]]
commit_hw_sio [get_hw_sio_links -of_objects [get_hw_sio_linkgroups {LINKGROUP_0}]]
set_property LOGIC.MGT_ERRCNT_RESET_CTRL 1 [get_hw_sio_links -of_objects [get_hw_sio_linkgroups {LINKGROUP_0}]]
commit_hw_sio [get_hw_sio_links -of_objects [get_hw_sio_linkgroups {LINKGROUP_0}]]
set_property LOGIC.MGT_ERRCNT_RESET_CTRL 0 [get_hw_sio_links -of_objects [get_hw_sio_linkgroups {LINKGROUP_0}]]
commit_hw_sio [get_hw_sio_links -of_objects [get_hw_sio_linkgroups {LINKGROUP_0}]]
ERROR: [Xicom 50-38] xicom: Unable to connect to debug core(s) on the target device. Check cable connectivity and that the target board is powered up then use the disconnect_hw_server and connect_hw_server to re-initialize the hardware target. Use open_hw_target to re-register the hardware device.
ERROR: [Xicom 50-38] xicom: Unable to connect to debug core(s) on the target device. Check cable connectivity and that the target board is powered up then use the disconnect_hw_server and connect_hw_server to re-initialize the hardware target. Use open_hw_target to re-register the hardware device.
ERROR: [Xicom 50-38] xicom: Unable to connect to debug core(s) on the target device. Check cable connectivity and that the target board is powered up then use the disconnect_hw_server and connect_hw_server to re-initialize the hardware target. Use open_hw_target to re-register the hardware device.
ERROR: [Xicom 50-38] xicom: Unable to connect to debug core(s) on the target device. Check cable connectivity and that the target board is powered up then use the disconnect_hw_server and connect_hw_server to re-initialize the hardware target. Use open_hw_target to re-register the hardware device.
ERROR: [Xicom 50-38] xicom: Unable to connect to debug core(s) on the target device. Check cable connectivity and that the target board is powered up then use the disconnect_hw_server and connect_hw_server to re-initialize the hardware target. Use open_hw_target to re-register the hardware device.
ERROR: [Labtoolstcl 44-513] HW Target shutdown. Closing target: localhost:3121/xilinx_tcf/Digilent/210512180081
INFO: [Labtoolstcl 44-466] Opening hw_target localhost:3121/xilinx_tcf/Digilent/210512180081
INFO: [Labtools 27-1435] Device xcku040 (JTAG device index = 0) is not programmed (DONE status = 0).
WARNING: [Labtoolstcl 44-129] No matching hw_ila_data was found.
ERROR: [Labtoolstcl 44-513] HW Target shutdown. Closing target: localhost:3121/xilinx_tcf/Digilent/210512180081
INFO: [Labtoolstcl 44-466] Opening hw_target localhost:3121/xilinx_tcf/Digilent/210512180081
INFO: [Labtools 27-1435] Device xcku040 (JTAG device index = 0) is not programmed (DONE status = 0).
WARNING: [Labtoolstcl 44-129] No matching hw_ila_data was found.
ERROR: [Labtoolstcl 44-513] HW Target shutdown. Closing target: localhost:3121/xilinx_tcf/Digilent/210512180081
INFO: [Labtoolstcl 44-466] Opening hw_target localhost:3121/xilinx_tcf/Digilent/210512180081
INFO: [Labtools 27-1435] Device xcku040 (JTAG device index = 0) is not programmed (DONE status = 0).
WARNING: [Labtoolstcl 44-129] No matching hw_ila_data was found.
ERROR: [Labtoolstcl 44-513] HW Target shutdown. Closing target: localhost:3121/xilinx_tcf/Digilent/210512180081
INFO: [Labtoolstcl 44-466] Opening hw_target localhost:3121/xilinx_tcf/Digilent/210512180081
INFO: [Labtools 27-1435] Device xcku040 (JTAG device index = 0) is not programmed (DONE status = 0).
WARNING: [Labtoolstcl 44-129] No matching hw_ila_data was found.
ERROR: [Labtoolstcl 44-513] HW Target shutdown. Closing target: localhost:3121/xilinx_tcf/Digilent/210512180081
INFO: [Labtoolstcl 44-466] Opening hw_target localhost:3121/xilinx_tcf/Digilent/210512180081
INFO: [Labtools 27-1435] Device xcku040 (JTAG device index = 0) is not programmed (DONE status = 0).
WARNING: [Labtoolstcl 44-129] No matching hw_ila_data was found.
ERROR: [Labtoolstcl 44-513] HW Target shutdown. Closing target: localhost:3121/xilinx_tcf/Digilent/210512180081
INFO: [Labtoolstcl 44-466] Opening hw_target localhost:3121/xilinx_tcf/Digilent/210512180081
INFO: [Labtools 27-1435] Device xcku040 (JTAG device index = 0) is not programmed (DONE status = 0).
WARNING: [Labtoolstcl 44-129] No matching hw_ila_data was found.
ERROR: [Labtoolstcl 44-513] HW Target shutdown. Closing target: localhost:3121/xilinx_tcf/Digilent/210512180081
INFO: [Labtoolstcl 44-466] Opening hw_target localhost:3121/xilinx_tcf/Digilent/210512180081
INFO: [Labtools 27-1435] Device xcku040 (JTAG device index = 0) is not programmed (DONE status = 0).
WARNING: [Labtoolstcl 44-129] No matching hw_ila_data was found.
ERROR: [Labtoolstcl 44-513] HW Target shutdown. Closing target: localhost:3121/xilinx_tcf/Digilent/210512180081
INFO: [Labtoolstcl 44-466] Opening hw_target localhost:3121/xilinx_tcf/Digilent/210512180081
INFO: [Labtools 27-1435] Device xcku040 (JTAG device index = 0) is not programmed (DONE status = 0).
WARNING: [Labtoolstcl 44-129] No matching hw_ila_data was found.
ERROR: [Labtoolstcl 44-513] HW Target shutdown. Closing target: localhost:3121/xilinx_tcf/Digilent/210512180081
INFO: [Labtoolstcl 44-466] Opening hw_target localhost:3121/xilinx_tcf/Digilent/210512180081
INFO: [Labtools 27-1435] Device xcku040 (JTAG device index = 0) is not programmed (DONE status = 0).
WARNING: [Labtoolstcl 44-129] No matching hw_ila_data was found.
ERROR: [Labtoolstcl 44-513] HW Target shutdown. Closing target: localhost:3121/xilinx_tcf/Digilent/210512180081
INFO: [Labtoolstcl 44-466] Opening hw_target localhost:3121/xilinx_tcf/Digilent/210512180081
INFO: [Labtools 27-1435] Device xcku040 (JTAG device index = 0) is not programmed (DONE status = 0).
WARNING: [Labtoolstcl 44-129] No matching hw_ila_data was found.
ERROR: [Labtoolstcl 44-513] HW Target shutdown. Closing target: localhost:3121/xilinx_tcf/Digilent/210512180081
INFO: [Labtoolstcl 44-466] Opening hw_target localhost:3121/xilinx_tcf/Digilent/210512180081
INFO: [Labtools 27-2302] Device xcku040 (JTAG device index = 0) is programmed with a design that has 1 ILA core(s).
WARNING: [Labtools 27-1974] Mismatch between the design programmed into the device xcku040_0 and the probes file(s) d:/xilinx_fpga/ku040/sfp_ibert/ibert_sfp_12_5g/ibert_sfp_12_5g_ex/ibert_sfp_12_5g_ex.runs/impl_1/example_ibert_sfp_12_5g.ltx.
The device design has 1 ILA core(s) and 0 VIO core(s). The probes file(s) have 0 ILA core(s) and 0 VIO core(s).
Resolution: 
1. Reprogram device with the correct programming file and associated probes file(s) OR
2. Goto device properties and associate the correct probes file(s) with the programming file already programmed in the device.
WARNING: [Labtoolstcl 44-129] No matching hw_ila_data was found.
open_project D:/xilinx_fpga/ku040/sfp_ibert/ibert_fmc1_2_5g/ibert_fmc1_2_5g_ex/ibert_fmc1_2_5g_ex.xpr
INFO: [Project 1-313] Project file moved from 'd:/xilinx_fpga/ku040/ibert/ibert_fmc1_2_5g/ibert_fmc1_2_5g_ex' since last save.
Scanning sources...
Finished scanning sources
INFO: [IP_Flow 19-234] Refreshing IP repositories
INFO: [IP_Flow 19-1704] No user IP repositories specified
INFO: [IP_Flow 19-2313] Loaded Vivado IP repository 'C:/Xilinx/Vivado/2017.4/data/ip'.
current_project ibert_sfp_12_5g_ex
close_project
****** Webtalk v2017.4 (64-bit)
  **** SW Build 2086221 on Fri Dec 15 20:55:39 MST 2017
  **** IP Build 2085800 on Fri Dec 15 22:25:07 MST 2017
    ** Copyright 1986-2017 Xilinx, Inc. All Rights Reserved.

source d:/xilinx_fpga/ku040/sfp_ibert/ibert_sfp_12_5g/ibert_sfp_12_5g_ex/ibert_sfp_12_5g_ex.hw/webtalk/labtool_webtalk.tcl -notrace
INFO: [Common 17-206] Exiting Webtalk at Thu Apr 22 13:36:31 2021...
update_compile_order -fileset sources_1
open_hw
connect_hw_server
INFO: [Labtools 27-2285] Connecting to hw_server url TCP:localhost:3121
open_hw_target
INFO: [Labtoolstcl 44-466] Opening hw_target localhost:3121/xilinx_tcf/Digilent/210512180081
current_hw_device [get_hw_devices xcku040_0]
refresh_hw_device -update_hw_probes false [lindex [get_hw_devices xcku040_0] 0]
INFO: [Labtools 27-2302] Device xcku040 (JTAG device index = 0) is programmed with a design that has 1 ILA core(s).
exit
INFO: [Common 17-206] Exiting Vivado at Thu Apr 22 13:36:55 2021...
