Copyright 1986-2017 Xilinx, Inc. All Rights Reserved.
-----------------------------------------------------------------------------------------
| Tool Version      : Vivado v.2017.4 (win64) Build 2086221 Fri Dec 15 20:55:39 MST 2017
| Date              : Wed Sep 15 18:12:56 2021
| Host              : DESKTOP-C3F5G4E running 64-bit major release  (build 9200)
| Command           : report_clock_utilization -file top_clock_utilization_routed.rpt
| Design            : top
| Device            : xcku040-ffva1156
| Speed File        : -2  PRODUCTION 1.24 11-02-2017
| Temperature Grade : I
-----------------------------------------------------------------------------------------

Clock Utilization Report

Table of Contents
-----------------
1. Clock Primitive Utilization
2. Global Clock Resources
3. Global Clock Source Details
4. Clock Regions : Clock Primitives
5. Clock Regions : Load Primitives
6. Clock Regions : Global Clock Summary
7. Clock Regions : Routing Resource Utilization
8. Device Cell Placement Summary for Global Clock g0
9. Device Cell Placement Summary for Global Clock g1
10. Device Cell Placement Summary for Global Clock g2
11. Device Cell Placement Summary for Global Clock g3
12. Device Cell Placement Summary for Global Clock g4
13. Device Cell Placement Summary for Global Clock g5
14. Device Cell Placement Summary for Global Clock g6
15. Device Cell Placement Summary for Global Clock g7
16. Device Cell Placement Summary for Global Clock g8
17. Device Cell Placement Summary for Global Clock g9
18. Clock Region Cell Placement per Global Clock: Region X0Y0
19. Clock Region Cell Placement per Global Clock: Region X1Y0
20. Clock Region Cell Placement per Global Clock: Region X0Y1
21. Clock Region Cell Placement per Global Clock: Region X1Y1
22. Clock Region Cell Placement per Global Clock: Region X2Y1
23. Clock Region Cell Placement per Global Clock: Region X0Y2
24. Clock Region Cell Placement per Global Clock: Region X1Y2
25. Clock Region Cell Placement per Global Clock: Region X0Y4

1. Clock Primitive Utilization
------------------------------

+------------+------+-----------+-----+--------------+--------+
| Type       | Used | Available | LOC | Clock Region | Pblock |
+------------+------+-----------+-----+--------------+--------+
| BUFGCE     |   10 |       240 |   0 |            0 |      0 |
| BUFGCE_DIV |    0 |        40 |   0 |            0 |      0 |
| BUFGCTRL   |    0 |        80 |   0 |            0 |      0 |
| BUFG_GT    |    0 |       120 |   0 |            0 |      0 |
| MMCM       |    3 |        10 |   1 |            0 |      0 |
| PLL        |    3 |        20 |   0 |            0 |      0 |
+------------+------+-----------+-----+--------------+--------+


2. Global Clock Resources
-------------------------

+-----------+-----------+-----------------+------------+--------------+--------------+------+-------------------+-------------------+-------------+-----------------+--------------+--------------------------------------------------------------------------------------------+----------------------------------------------------------------------+--------------------------------------------------------------+
| Global Id | Source Id | Driver Type/Pin | Constraint | Site         | Clock Region | Root | Clock Delay Group | Load Clock Region | Clock Loads | Non-Clock Loads | Clock Period | Clock                                                                                      | Driver Pin                                                           | Net                                                          |
+-----------+-----------+-----------------+------------+--------------+--------------+------+-------------------+-------------------+-------------+-----------------+--------------+--------------------------------------------------------------------------------------------+----------------------------------------------------------------------+--------------------------------------------------------------+
| g0        | src0      | BUFGCE/O        | None       | BUFGCE_X0Y38 | X0Y1         | X0Y1 |                   |                 5 |       19126 |               3 |        5.000 | mmcm_clkout0                                                                               | your_instance_name/inst/u_ddr4_infrastructure/u_bufg_divClk/O        | your_instance_name/inst/u_ddr4_infrastructure/c0_ddr4_ui_clk |
| g1        | src0      | BUFGCE/O        | None       | BUFGCE_X0Y44 | X0Y1         | X0Y1 |                   |                 3 |        1616 |               0 |       10.000 | mmcm_clkout6                                                                               | your_instance_name/inst/u_ddr4_infrastructure/u_bufg_riuClk/O        | your_instance_name/inst/u_ddr4_infrastructure/c0_riu_clk     |
| g2        | src1      | BUFGCE/O        | None       | BUFGCE_X0Y8  | X0Y0         | X0Y1 |                   |                 3 |         467 |               0 |       20.000 | clk_out2_video_pll                                                                         | video_pll_m0/inst/clkout2_buf/O                                      | video_pll_m0/inst/clk_out2                                   |
| g3        | src2      | BUFGCE/O        | None       | BUFGCE_X0Y2  | X0Y0         | X0Y0 |                   |                 4 |         458 |               0 |       33.000 | dbg_hub/inst/BSCANID.u_xsdbm_id/SWITCH_N_EXT_BSCAN.bscan_inst/SERIES7_BSCAN.bscan_inst/TCK | dbg_hub/inst/BSCANID.u_xsdbm_id/SWITCH_N_EXT_BSCAN.u_bufg_icon_tck/O | dbg_hub/inst/BSCANID.u_xsdbm_id/itck_i                       |
| g4        | src0      | BUFGCE/O        | None       | BUFGCE_X0Y24 | X0Y1         | X0Y1 |                   |                 4 |         406 |               0 |       20.000 | mmcm_clkout5                                                                               | your_instance_name/inst/u_ddr4_infrastructure/u_bufg_dbg_clk/O       | your_instance_name/inst/u_ddr4_infrastructure/dbg_clk        |
| g5        | src1      | BUFGCE/O        | None       | BUFGCE_X0Y12 | X0Y0         | X0Y2 |                   |                 4 |         129 |               1 |       15.385 | clk_out1_video_pll                                                                         | video_pll_m0/inst/clkout1_buf/O                                      | video_pll_m0/inst/clk_out1                                   |
| g6        | src3      | BUFGCE/O        | None       | BUFGCE_X0Y49 | X0Y2         | X1Y1 |                   |                 2 |         111 |               0 |       10.000 | clk_out2_clk_ref                                                                           | clkref_m0/inst/clkout2_buf/O                                         | clkref_m0/inst/clk_out2                                      |
| g7        | src4      | BUFGCE/O        | None       | BUFGCE_X0Y27 | X0Y1         | X0Y1 |                   |                 3 |          17 |               3 |        5.000 | sys_clk_p                                                                                  | sys_clk_BUFGCE_inst/O                                                | sys_clk_BUFGCE                                               |
| g8        | src3      | BUFGCE/O        | None       | BUFGCE_X0Y50 | X0Y2         | X0Y2 | n/a               |                 1 |           0 |               1 |        5.000 | clkfbout_clk_ref                                                                           | clkref_m0/inst/clkf_buf/O                                            | clkref_m0/inst/clkfbout_buf_clk_ref                          |
| g9        | src1      | BUFGCE/O        | None       | BUFGCE_X0Y13 | X0Y0         | X0Y2 | n/a               |                 1 |           0 |               1 |        5.000 | clkfbout_video_pll                                                                         | video_pll_m0/inst/clkf_buf/O                                         | video_pll_m0/inst/clkfbout_buf_video_pll                     |
+-----------+-----------+-----------------+------------+--------------+--------------+------+-------------------+-------------------+-------------+-----------------+--------------+--------------------------------------------------------------------------------------------+----------------------------------------------------------------------+--------------------------------------------------------------+
* Clock Loads column represents the clock pin loads (pin count)
** Non-Clock Loads column represents the non-clock pin loads (pin count)


3. Global Clock Source Details
------------------------------

+-----------+-----------+---------------------+-----------------+------------------+--------------+-------------+-----------------+---------------------+--------------------------------------------------------------------------------------------+--------------------------------------------------------------------------------------------+----------------------------------------------------------------------+
| Source Id | Global Id | Driver Type/Pin     | Constraint      | Site             | Clock Region | Clock Loads | Non-Clock Loads | Source Clock Period | Source Clock                                                                               | Driver Pin                                                                                 | Net                                                                  |
+-----------+-----------+---------------------+-----------------+------------------+--------------+-------------+-----------------+---------------------+--------------------------------------------------------------------------------------------+--------------------------------------------------------------------------------------------+----------------------------------------------------------------------+
| src0      | g0        | MMCME3_ADV/CLKOUT0  | MMCME3_ADV_X0Y1 | MMCME3_ADV_X0Y1  | X0Y1         |           1 |               0 |               5.000 | mmcm_clkout0                                                                               | your_instance_name/inst/u_ddr4_infrastructure/gen_mmcme3.u_mmcme_adv_inst/CLKOUT0          | your_instance_name/inst/u_ddr4_infrastructure/mmcm_clkout0           |
| src0      | g4        | MMCME3_ADV/CLKOUT5  | MMCME3_ADV_X0Y1 | MMCME3_ADV_X0Y1  | X0Y1         |           1 |               0 |              20.000 | mmcm_clkout5                                                                               | your_instance_name/inst/u_ddr4_infrastructure/gen_mmcme3.u_mmcme_adv_inst/CLKOUT5          | your_instance_name/inst/u_ddr4_infrastructure/mmcm_clkout5           |
| src0      | g1        | MMCME3_ADV/CLKOUT6  | MMCME3_ADV_X0Y1 | MMCME3_ADV_X0Y1  | X0Y1         |           1 |               0 |              10.000 | mmcm_clkout6                                                                               | your_instance_name/inst/u_ddr4_infrastructure/gen_mmcme3.u_mmcme_adv_inst/CLKOUT6          | your_instance_name/inst/u_ddr4_infrastructure/mmcm_clkout6           |
| src1      | g5        | MMCME3_ADV/CLKOUT0  | None            | MMCME3_ADV_X0Y0  | X0Y0         |           1 |               0 |              15.385 | clk_out1_video_pll                                                                         | video_pll_m0/inst/mmcme3_adv_inst/CLKOUT0                                                  | video_pll_m0/inst/clk_out1_video_pll                                 |
| src1      | g2        | MMCME3_ADV/CLKOUT1  | None            | MMCME3_ADV_X0Y0  | X0Y0         |           1 |               0 |              20.000 | clk_out2_video_pll                                                                         | video_pll_m0/inst/mmcme3_adv_inst/CLKOUT1                                                  | video_pll_m0/inst/clk_out2_video_pll                                 |
| src1      | g9        | MMCME3_ADV/CLKFBOUT | None            | MMCME3_ADV_X0Y0  | X0Y0         |           1 |               0 |               5.000 | clkfbout_video_pll                                                                         | video_pll_m0/inst/mmcme3_adv_inst/CLKFBOUT                                                 | video_pll_m0/inst/clkfbout_video_pll                                 |
| src2      | g3        | BSCANE2/TCK         | None            | CONFIG_SITE_X0Y0 | X3Y1         |           1 |               0 |              33.000 | dbg_hub/inst/BSCANID.u_xsdbm_id/SWITCH_N_EXT_BSCAN.bscan_inst/SERIES7_BSCAN.bscan_inst/TCK | dbg_hub/inst/BSCANID.u_xsdbm_id/SWITCH_N_EXT_BSCAN.bscan_inst/SERIES7_BSCAN.bscan_inst/TCK | dbg_hub/inst/BSCANID.u_xsdbm_id/SWITCH_N_EXT_BSCAN.bscan_inst/tck_bs |
| src3      | g6        | MMCME3_ADV/CLKOUT1  | None            | MMCME3_ADV_X0Y2  | X0Y2         |           1 |               0 |              10.000 | clk_out2_clk_ref                                                                           | clkref_m0/inst/mmcme3_adv_inst/CLKOUT1                                                     | clkref_m0/inst/clk_out2_clk_ref                                      |
| src3      | g8        | MMCME3_ADV/CLKFBOUT | None            | MMCME3_ADV_X0Y2  | X0Y2         |           1 |               0 |               5.000 | clkfbout_clk_ref                                                                           | clkref_m0/inst/mmcme3_adv_inst/CLKFBOUT                                                    | clkref_m0/inst/clkfbout_clk_ref                                      |
| src4      | g7        | IBUFCTRL/O          | IOB_X0Y75       | IOB_X0Y75        | X0Y1         |           1 |               0 |               5.000 | sys_clk_p                                                                                  | sys_clk_ibufgds/IBUFCTRL_INST/O                                                            | sys_clk_ibufgds/O                                                    |
+-----------+-----------+---------------------+-----------------+------------------+--------------+-------------+-----------------+---------------------+--------------------------------------------------------------------------------------------+--------------------------------------------------------------------------------------------+----------------------------------------------------------------------+
* Clock Loads column represents the clock pin loads (pin count)
** Non-Clock Loads column represents the non-clock pin loads (pin count)


4. Clock Regions : Clock Primitives
-----------------------------------

+-------------------+--------------+--------------+--------------+--------------+--------------+--------------+--------------+
|                   | Global Clock |    BUFGCE    |  BUFGCE_DIV  |   BUFGCTRL   |    BUFG_GT   |     MMCM     |      PLL     |
+-------------------+------+-------+------+-------+------+-------+------+-------+------+-------+------+-------+------+-------+
| Clock Region Name | Used | Avail | Used | Avail | Used | Avail | Used | Avail | Used | Avail | Used | Avail | Used | Avail |
+-------------------+------+-------+------+-------+------+-------+------+-------+------+-------+------+-------+------+-------+
| X0Y0              |    9 |    24 |    4 |    24 |    0 |     4 |    0 |     8 |    0 |     0 |    1 |     1 |    0 |     2 |
| X1Y0              |    2 |    24 |    0 |     0 |    0 |     0 |    0 |     0 |    0 |     0 |    0 |     0 |    0 |     0 |
| X2Y0              |    0 |    24 |    0 |    24 |    0 |     4 |    0 |     8 |    0 |     0 |    0 |     1 |    0 |     2 |
| X3Y0              |    0 |    24 |    0 |     0 |    0 |     0 |    0 |     0 |    0 |    24 |    0 |     0 |    0 |     0 |
| X0Y1              |    9 |    24 |    4 |    24 |    0 |     4 |    0 |     8 |    0 |     0 |    1 |     1 |    0 |     2 |
| X1Y1              |    5 |    24 |    0 |     0 |    0 |     0 |    0 |     0 |    0 |     0 |    0 |     0 |    0 |     0 |
| X2Y1              |    2 |    24 |    0 |    24 |    0 |     4 |    0 |     8 |    0 |     0 |    0 |     1 |    0 |     2 |
| X3Y1              |    0 |    24 |    0 |     0 |    0 |     0 |    0 |     0 |    0 |    24 |    0 |     0 |    0 |     0 |
| X0Y2              |    7 |    24 |    2 |    24 |    0 |     4 |    0 |     8 |    0 |     0 |    1 |     1 |    0 |     2 |
| X1Y2              |    1 |    24 |    0 |     0 |    0 |     0 |    0 |     0 |    0 |     0 |    0 |     0 |    0 |     0 |
| X2Y2              |    0 |    24 |    0 |    24 |    0 |     4 |    0 |     8 |    0 |     0 |    0 |     1 |    0 |     2 |
| X3Y2              |    0 |    24 |    0 |     0 |    0 |     0 |    0 |     0 |    0 |    24 |    0 |     0 |    0 |     0 |
| X0Y3              |    0 |    24 |    0 |    24 |    0 |     4 |    0 |     8 |    0 |     0 |    0 |     1 |    0 |     2 |
| X1Y3              |    0 |    24 |    0 |     0 |    0 |     0 |    0 |     0 |    0 |     0 |    0 |     0 |    0 |     0 |
| X2Y3              |    0 |    24 |    0 |    24 |    0 |     4 |    0 |     8 |    0 |     0 |    0 |     1 |    0 |     2 |
| X3Y3              |    0 |    24 |    0 |     0 |    0 |     0 |    0 |     0 |    0 |    24 |    0 |     0 |    0 |     0 |
| X0Y4              |    1 |    24 |    0 |    24 |    0 |     4 |    0 |     8 |    0 |     0 |    0 |     1 |    0 |     2 |
| X1Y4              |    0 |    24 |    0 |     0 |    0 |     0 |    0 |     0 |    0 |     0 |    0 |     0 |    0 |     0 |
| X2Y4              |    0 |    24 |    0 |    24 |    0 |     4 |    0 |     8 |    0 |     0 |    0 |     1 |    0 |     2 |
| X3Y4              |    0 |    24 |    0 |     0 |    0 |     0 |    0 |     0 |    0 |    24 |    0 |     0 |    0 |     0 |
+-------------------+------+-------+------+-------+------+-------+------+-------+------+-------+------+-------+------+-------+
* Global Clock column represents track count; while other columns represents cell counts


5. Clock Regions : Load Primitives
----------------------------------

+-------------------+------------------+------------------+------------------+------------------+------------------+------------------+------------------+
|                   |   Global Clock   |        FF        |      LUTRAM      |  Block RAM (18K) |        DSP       |        GT        |      HARD IP     |
+-------------------+--------+---------+--------+---------+--------+---------+--------+---------+--------+---------+--------+---------+--------+---------+
| Clock Region Name | Used   | Avail   | Used   | Avail   | Used   | Avail   | Used   | Avail   | Used   | Avail   | Used   | Avail   | Used   | Avail   |
+-------------------+--------+---------+--------+---------+--------+---------+--------+---------+--------+---------+--------+---------+--------+---------+
| X0Y0              |      9 |      24 |   6453 |   23040 |    289 |    5760 |     50 |      72 |      3 |      96 |      0 |       0 |      0 |       0 |
| X1Y0              |      2 |      24 |    370 |   24000 |      0 |    6240 |      0 |      72 |      0 |      96 |      0 |       0 |      0 |       0 |
| X2Y0              |      0 |      24 |      0 |   25920 |      0 |    7200 |      0 |      48 |      0 |     144 |      0 |       0 |      0 |       0 |
| X3Y0              |      0 |      24 |      0 |   24000 |      0 |    3360 |      0 |      48 |      0 |      48 |      0 |       4 |      0 |       1 |
| X0Y1              |      9 |      24 |   9036 |   23040 |    347 |    5760 |      5 |      72 |      0 |      96 |      0 |       0 |      0 |       0 |
| X1Y1              |      5 |      24 |    307 |   24000 |      0 |    6240 |      0 |      72 |      0 |      96 |      0 |       0 |      0 |       0 |
| X2Y1              |      2 |      24 |    110 |   25920 |      0 |    7200 |      0 |      48 |      0 |     144 |      0 |       0 |      0 |       0 |
| X3Y1              |      0 |      24 |      0 |   24000 |      0 |    3360 |      0 |      48 |      0 |      48 |      0 |       4 |      0 |       0 |
| X0Y2              |      7 |      24 |   4979 |   23040 |     41 |    5760 |      0 |      72 |      0 |      96 |      0 |       0 |      0 |       0 |
| X1Y2              |      1 |      24 |      3 |   24000 |      2 |    6240 |      0 |      72 |      0 |      96 |      0 |       0 |      0 |       0 |
| X2Y2              |      0 |      24 |      0 |   25920 |      0 |    7200 |      0 |      48 |      0 |     144 |      0 |       0 |      0 |       0 |
| X3Y2              |      0 |      24 |      0 |   24000 |      0 |    3360 |      0 |      48 |      0 |      48 |      0 |       4 |      0 |       0 |
| X0Y3              |      0 |      24 |      0 |   23040 |      0 |    5760 |      0 |      72 |      0 |      96 |      0 |       0 |      0 |       0 |
| X1Y3              |      0 |      24 |      0 |   24000 |      0 |    6240 |      0 |      72 |      0 |      96 |      0 |       0 |      0 |       0 |
| X2Y3              |      0 |      24 |      0 |   25920 |      0 |    7200 |      0 |      48 |      0 |     144 |      0 |       0 |      0 |       0 |
| X3Y3              |      0 |      24 |      0 |   24000 |      0 |    3360 |      0 |      48 |      0 |      48 |      0 |       4 |      0 |       1 |
| X0Y4              |      1 |      24 |      0 |   23040 |      0 |    5760 |      0 |      72 |      0 |      96 |      0 |       0 |      0 |       0 |
| X1Y4              |      0 |      24 |      0 |   24000 |      0 |    6240 |      0 |      72 |      0 |      96 |      0 |       0 |      0 |       0 |
| X2Y4              |      0 |      24 |      0 |   25920 |      0 |    7200 |      0 |      48 |      0 |     144 |      0 |       0 |      0 |       0 |
| X3Y4              |      0 |      24 |      0 |   24000 |      0 |    3360 |      0 |      48 |      0 |      48 |      0 |       4 |      0 |       1 |
+-------------------+--------+---------+--------+---------+--------+---------+--------+---------+--------+---------+--------+---------+--------+---------+
* Global Clock column represents track count; while other columns represents cell counts


6. Clock Regions : Global Clock Summary
---------------------------------------

All Modules
+----+----+----+----+----+
|    | X0 | X1 | X2 | X3 |
+----+----+----+----+----+
| Y4 |  1 |  0 |  0 |  0 |
| Y3 |  0 |  0 |  0 |  0 |
| Y2 |  7 |  1 |  0 |  0 |
| Y1 |  9 |  5 |  2 |  0 |
| Y0 |  9 |  2 |  0 |  0 |
+----+----+----+----+----+


7. Clock Regions : Routing Resource Utilization
-----------------------------------------------

All Modules
+-------------------+----------------------+----------------------+----------------------+----------------------+
|                   |        HROUTES       |        HDISTRS       |        VROUTES       |        VDISTRS       |
+-------------------+------+-------+-------+------+-------+-------+------+-------+-------+------+-------+-------+
| Clock Region Name | Used | Avail | Util% | Used | Avail | Util% | Used | Avail | Util% | Used | Avail | Util% |
+-------------------+------+-------+-------+------+-------+-------+------+-------+-------+------+-------+-------+
| X0Y0              |    3 |    24 | 12.50 |    7 |    24 | 29.17 |    0 |    24 |  0.00 |    7 |    24 | 29.17 |
| X1Y0              |    0 |    24 |  0.00 |    2 |    24 |  8.33 |    0 |    24 |  0.00 |    0 |    24 |  0.00 |
| X2Y0              |    0 |    24 |  0.00 |    0 |    24 |  0.00 |    0 |    24 |  0.00 |    0 |    24 |  0.00 |
| X3Y0              |    0 |    24 |  0.00 |    0 |    24 |  0.00 |    0 |    24 |  0.00 |    0 |    24 |  0.00 |
| X0Y1              |    0 |    24 |  0.00 |    7 |    24 | 29.17 |    3 |    24 | 12.50 |    7 |    24 | 29.17 |
| X1Y1              |    0 |    24 |  0.00 |    5 |    24 | 20.83 |    1 |    24 |  4.17 |    1 |    24 |  4.17 |
| X2Y1              |    0 |    24 |  0.00 |    1 |    24 |  4.17 |    0 |    24 |  0.00 |    0 |    24 |  0.00 |
| X3Y1              |    0 |    24 |  0.00 |    0 |    24 |  0.00 |    0 |    24 |  0.00 |    0 |    24 |  0.00 |
| X0Y2              |    1 |    24 |  4.17 |    6 |    24 | 25.00 |    2 |    24 |  8.33 |    2 |    24 |  8.33 |
| X1Y2              |    1 |    24 |  4.17 |    1 |    24 |  4.17 |    1 |    24 |  4.17 |    0 |    24 |  0.00 |
| X2Y2              |    0 |    24 |  0.00 |    0 |    24 |  0.00 |    0 |    24 |  0.00 |    0 |    24 |  0.00 |
| X3Y2              |    0 |    24 |  0.00 |    0 |    24 |  0.00 |    0 |    24 |  0.00 |    0 |    24 |  0.00 |
| X0Y3              |    0 |    24 |  0.00 |    0 |    24 |  0.00 |    0 |    24 |  0.00 |    1 |    24 |  4.17 |
| X1Y3              |    0 |    24 |  0.00 |    0 |    24 |  0.00 |    0 |    24 |  0.00 |    0 |    24 |  0.00 |
| X2Y3              |    0 |    24 |  0.00 |    0 |    24 |  0.00 |    0 |    24 |  0.00 |    0 |    24 |  0.00 |
| X3Y3              |    0 |    24 |  0.00 |    0 |    24 |  0.00 |    0 |    24 |  0.00 |    0 |    24 |  0.00 |
| X0Y4              |    0 |    24 |  0.00 |    1 |    24 |  4.17 |    0 |    24 |  0.00 |    0 |    24 |  0.00 |
| X1Y4              |    0 |    24 |  0.00 |    0 |    24 |  0.00 |    0 |    24 |  0.00 |    0 |    24 |  0.00 |
| X2Y4              |    0 |    24 |  0.00 |    0 |    24 |  0.00 |    0 |    24 |  0.00 |    0 |    24 |  0.00 |
| X3Y4              |    0 |    24 |  0.00 |    0 |    24 |  0.00 |    0 |    24 |  0.00 |    0 |    24 |  0.00 |
+-------------------+------+-------+-------+------+-------+-------+------+-------+-------+------+-------+-------+


8. Device Cell Placement Summary for Global Clock g0
----------------------------------------------------

+-----------+-----------------+-------------------+--------------+-------------+---------------+----------+-------------+----------+----------------+----------+--------------------------------------------------------------+
| Global Id | Driver Type/Pin | Driver Region (D) | Clock        | Period (ns) | Waveform (ns) | Root (R) | Slice Loads | IO Loads | Clocking Loads | GT Loads | Net                                                          |
+-----------+-----------------+-------------------+--------------+-------------+---------------+----------+-------------+----------+----------------+----------+--------------------------------------------------------------+
| g0        | BUFGCE/O        | X0Y1              | mmcm_clkout0 |       5.000 | {0.000 2.500} | X0Y1     |       18937 |        0 |              3 |        0 | your_instance_name/inst/u_ddr4_infrastructure/c0_ddr4_ui_clk |
+-----------+-----------------+-------------------+--------------+-------------+---------------+----------+-------------+----------+----------------+----------+--------------------------------------------------------------+
* Logic Loads column represents load cell count of all cell types other than IO, GT and clock resources
** IO Loads column represents load cell count of IO types
*** Clocking Loads column represents load cell count that are clock resources (global clock buffer, MMCM, PLL, etc)
**** GT Loads column represents load cell count of GT types


+----+--------------+-----+----+----+
|    | X0           | X1  | X2 | X3 |
+----+--------------+-----+----+----+
| Y4 |            0 |   0 |  0 |  0 |
| Y3 |            0 |   0 |  0 |  0 |
| Y2 |         4937 |   5 |  0 |  0 |
| Y1 | (R) (D) 8790 |  15 |  0 |  0 |
| Y0 |         5193 |   0 |  0 |  0 |
+----+--------------+-----+----+----+


9. Device Cell Placement Summary for Global Clock g1
----------------------------------------------------

+-----------+-----------------+-------------------+--------------+-------------+---------------+----------+-------------+----------+----------------+----------+----------------------------------------------------------+
| Global Id | Driver Type/Pin | Driver Region (D) | Clock        | Period (ns) | Waveform (ns) | Root (R) | Slice Loads | IO Loads | Clocking Loads | GT Loads | Net                                                      |
+-----------+-----------------+-------------------+--------------+-------------+---------------+----------+-------------+----------+----------------+----------+----------------------------------------------------------+
| g1        | BUFGCE/O        | X0Y1              | mmcm_clkout6 |      10.000 | {0.000 5.000} | X0Y1     |        1576 |        0 |              0 |        0 | your_instance_name/inst/u_ddr4_infrastructure/c0_riu_clk |
+-----------+-----------------+-------------------+--------------+-------------+---------------+----------+-------------+----------+----------------+----------+----------------------------------------------------------+
* Logic Loads column represents load cell count of all cell types other than IO, GT and clock resources
** IO Loads column represents load cell count of IO types
*** Clocking Loads column represents load cell count that are clock resources (global clock buffer, MMCM, PLL, etc)
**** GT Loads column represents load cell count of GT types


+----+-------------+----+----+----+
|    | X0          | X1 | X2 | X3 |
+----+-------------+----+----+----+
| Y4 |           0 |  0 |  0 |  0 |
| Y3 |           0 |  0 |  0 |  0 |
| Y2 |          91 |  0 |  0 |  0 |
| Y1 | (R) (D) 131 |  0 |  0 |  0 |
| Y0 |        1354 |  0 |  0 |  0 |
+----+-------------+----+----+----+


10. Device Cell Placement Summary for Global Clock g2
-----------------------------------------------------

+-----------+-----------------+-------------------+--------------------+-------------+----------------+----------+-------------+----------+----------------+----------+----------------------------+
| Global Id | Driver Type/Pin | Driver Region (D) | Clock              | Period (ns) | Waveform (ns)  | Root (R) | Slice Loads | IO Loads | Clocking Loads | GT Loads | Net                        |
+-----------+-----------------+-------------------+--------------------+-------------+----------------+----------+-------------+----------+----------------+----------+----------------------------+
| g2        | BUFGCE/O        | X0Y0              | clk_out2_video_pll |      20.000 | {0.000 10.000} | X0Y1     |         467 |        0 |              0 |        0 | video_pll_m0/inst/clk_out2 |
+-----------+-----------------+-------------------+--------------------+-------------+----------------+----------+-------------+----------+----------------+----------+----------------------------+
* Logic Loads column represents load cell count of all cell types other than IO, GT and clock resources
** IO Loads column represents load cell count of IO types
*** Clocking Loads column represents load cell count that are clock resources (global clock buffer, MMCM, PLL, etc)
**** GT Loads column represents load cell count of GT types


+----+---------+-----+----+----+
|    | X0      | X1  | X2 | X3 |
+----+---------+-----+----+----+
| Y4 |       0 |   0 |  0 |  0 |
| Y3 |       0 |   0 |  0 |  0 |
| Y2 |      35 |   0 |  0 |  0 |
| Y1 | (R) 415 |  17 |  0 |  0 |
| Y0 |   (D) 0 |   0 |  0 |  0 |
+----+---------+-----+----+----+


11. Device Cell Placement Summary for Global Clock g3
-----------------------------------------------------

+-----------+-----------------+-------------------+--------------------------------------------------------------------------------------------+-------------+----------------+----------+-------------+----------+----------------+----------+----------------------------------------+
| Global Id | Driver Type/Pin | Driver Region (D) | Clock                                                                                      | Period (ns) | Waveform (ns)  | Root (R) | Slice Loads | IO Loads | Clocking Loads | GT Loads | Net                                    |
+-----------+-----------------+-------------------+--------------------------------------------------------------------------------------------+-------------+----------------+----------+-------------+----------+----------------+----------+----------------------------------------+
| g3        | BUFGCE/O        | X0Y0              | dbg_hub/inst/BSCANID.u_xsdbm_id/SWITCH_N_EXT_BSCAN.bscan_inst/SERIES7_BSCAN.bscan_inst/TCK |      33.000 | {0.000 16.500} | X0Y0     |         456 |        0 |              0 |        0 | dbg_hub/inst/BSCANID.u_xsdbm_id/itck_i |
+-----------+-----------------+-------------------+--------------------------------------------------------------------------------------------+-------------+----------------+----------+-------------+----------+----------------+----------+----------------------------------------+
* Logic Loads column represents load cell count of all cell types other than IO, GT and clock resources
** IO Loads column represents load cell count of IO types
*** Clocking Loads column represents load cell count that are clock resources (global clock buffer, MMCM, PLL, etc)
**** GT Loads column represents load cell count of GT types


+----+------------+------+----+----+
|    | X0         | X1   | X2 | X3 |
+----+------------+------+----+----+
| Y4 |          0 |    0 |  0 |  0 |
| Y3 |          0 |    0 |  0 |  0 |
| Y2 |          0 |    0 |  0 |  0 |
| Y1 |          4 |  244 |  0 |  0 |
| Y0 | (R) (D) 54 |  154 |  0 |  0 |
+----+------------+------+----+----+


12. Device Cell Placement Summary for Global Clock g4
-----------------------------------------------------

+-----------+-----------------+-------------------+--------------+-------------+----------------+----------+-------------+----------+----------------+----------+-------------------------------------------------------+
| Global Id | Driver Type/Pin | Driver Region (D) | Clock        | Period (ns) | Waveform (ns)  | Root (R) | Slice Loads | IO Loads | Clocking Loads | GT Loads | Net                                                   |
+-----------+-----------------+-------------------+--------------+-------------+----------------+----------+-------------+----------+----------------+----------+-------------------------------------------------------+
| g4        | BUFGCE/O        | X0Y1              | mmcm_clkout5 |      20.000 | {0.000 10.000} | X0Y1     |         404 |        0 |              0 |        0 | your_instance_name/inst/u_ddr4_infrastructure/dbg_clk |
+-----------+-----------------+-------------------+--------------+-------------+----------------+----------+-------------+----------+----------------+----------+-------------------------------------------------------+
* Logic Loads column represents load cell count of all cell types other than IO, GT and clock resources
** IO Loads column represents load cell count of IO types
*** Clocking Loads column represents load cell count that are clock resources (global clock buffer, MMCM, PLL, etc)
**** GT Loads column represents load cell count of GT types


+----+-----------+------+----+----+
|    | X0        | X1   | X2 | X3 |
+----+-----------+------+----+----+
| Y4 |         0 |    0 |  0 |  0 |
| Y3 |         0 |    0 |  0 |  0 |
| Y2 |         0 |    0 |  0 |  0 |
| Y1 | (R) (D) 5 |   30 |  0 |  0 |
| Y0 |       153 |  216 |  0 |  0 |
+----+-----------+------+----+----+


13. Device Cell Placement Summary for Global Clock g5
-----------------------------------------------------

+-----------+-----------------+-------------------+--------------------+-------------+---------------+----------+-------------+----------+----------------+----------+----------------------------+
| Global Id | Driver Type/Pin | Driver Region (D) | Clock              | Period (ns) | Waveform (ns) | Root (R) | Slice Loads | IO Loads | Clocking Loads | GT Loads | Net                        |
+-----------+-----------------+-------------------+--------------------+-------------+---------------+----------+-------------+----------+----------------+----------+----------------------------+
| g5        | BUFGCE/O        | X0Y0              | clk_out1_video_pll |      15.385 | {0.000 7.692} | X0Y2     |         129 |        1 |              0 |        0 | video_pll_m0/inst/clk_out1 |
+-----------+-----------------+-------------------+--------------------+-------------+---------------+----------+-------------+----------+----------------+----------+----------------------------+
* Logic Loads column represents load cell count of all cell types other than IO, GT and clock resources
** IO Loads column represents load cell count of IO types
*** Clocking Loads column represents load cell count that are clock resources (global clock buffer, MMCM, PLL, etc)
**** GT Loads column represents load cell count of GT types


+----+---------+----+----+----+
|    | X0      | X1 | X2 | X3 |
+----+---------+----+----+----+
| Y4 |       1 |  0 |  0 |  0 |
| Y3 |       0 |  0 |  0 |  0 |
| Y2 |   (R) 6 |  0 |  0 |  0 |
| Y1 |      58 |  0 |  0 |  0 |
| Y0 |  (D) 65 |  0 |  0 |  0 |
+----+---------+----+----+----+


14. Device Cell Placement Summary for Global Clock g6
-----------------------------------------------------

+-----------+-----------------+-------------------+------------------+-------------+---------------+----------+-------------+----------+----------------+----------+-------------------------+
| Global Id | Driver Type/Pin | Driver Region (D) | Clock            | Period (ns) | Waveform (ns) | Root (R) | Slice Loads | IO Loads | Clocking Loads | GT Loads | Net                     |
+-----------+-----------------+-------------------+------------------+-------------+---------------+----------+-------------+----------+----------------+----------+-------------------------+
| g6        | BUFGCE/O        | X0Y2              | clk_out2_clk_ref |      10.000 | {0.000 5.000} | X1Y1     |         111 |        0 |              0 |        0 | clkref_m0/inst/clk_out2 |
+-----------+-----------------+-------------------+------------------+-------------+---------------+----------+-------------+----------+----------------+----------+-------------------------+
* Logic Loads column represents load cell count of all cell types other than IO, GT and clock resources
** IO Loads column represents load cell count of IO types
*** Clocking Loads column represents load cell count that are clock resources (global clock buffer, MMCM, PLL, etc)
**** GT Loads column represents load cell count of GT types


+----+--------+-------+------+----+
|    | X0     | X1    | X2   | X3 |
+----+--------+-------+------+----+
| Y4 |      0 |     0 |    0 |  0 |
| Y3 |      0 |     0 |    0 |  0 |
| Y2 |  (D) 0 |     0 |    0 |  0 |
| Y1 |      0 | (R) 1 |  110 |  0 |
| Y0 |      0 |     0 |    0 |  0 |
+----+--------+-------+------+----+


15. Device Cell Placement Summary for Global Clock g7
-----------------------------------------------------

+-----------+-----------------+-------------------+-----------+-------------+---------------+----------+-------------+----------+----------------+----------+----------------+
| Global Id | Driver Type/Pin | Driver Region (D) | Clock     | Period (ns) | Waveform (ns) | Root (R) | Slice Loads | IO Loads | Clocking Loads | GT Loads | Net            |
+-----------+-----------------+-------------------+-----------+-------------+---------------+----------+-------------+----------+----------------+----------+----------------+
| g7        | BUFGCE/O        | X0Y1              | sys_clk_p |       5.000 | {0.000 2.500} | X0Y1     |          17 |        0 |              3 |        0 | sys_clk_BUFGCE |
+-----------+-----------------+-------------------+-----------+-------------+---------------+----------+-------------+----------+----------------+----------+----------------+
* Logic Loads column represents load cell count of all cell types other than IO, GT and clock resources
** IO Loads column represents load cell count of IO types
*** Clocking Loads column represents load cell count that are clock resources (global clock buffer, MMCM, PLL, etc)
**** GT Loads column represents load cell count of GT types


+----+------------+----+----+----+
|    | X0         | X1 | X2 | X3 |
+----+------------+----+----+----+
| Y4 |          0 |  0 |  0 |  0 |
| Y3 |          0 |  0 |  0 |  0 |
| Y2 |          1 |  0 |  0 |  0 |
| Y1 | (R) (D) 18 |  0 |  0 |  0 |
| Y0 |          1 |  0 |  0 |  0 |
+----+------------+----+----+----+


16. Device Cell Placement Summary for Global Clock g8
-----------------------------------------------------

+-----------+-----------------+-------------------+------------------+-------------+---------------+----------+-------------+----------+----------------+----------+-------------------------------------+
| Global Id | Driver Type/Pin | Driver Region (D) | Clock            | Period (ns) | Waveform (ns) | Root (R) | Slice Loads | IO Loads | Clocking Loads | GT Loads | Net                                 |
+-----------+-----------------+-------------------+------------------+-------------+---------------+----------+-------------+----------+----------------+----------+-------------------------------------+
| g8        | BUFGCE/O        | X0Y2              | clkfbout_clk_ref |       5.000 | {0.000 2.500} | X0Y2     |           0 |        0 |              1 |        0 | clkref_m0/inst/clkfbout_buf_clk_ref |
+-----------+-----------------+-------------------+------------------+-------------+---------------+----------+-------------+----------+----------------+----------+-------------------------------------+
* Logic Loads column represents load cell count of all cell types other than IO, GT and clock resources
** IO Loads column represents load cell count of IO types
*** Clocking Loads column represents load cell count that are clock resources (global clock buffer, MMCM, PLL, etc)
**** GT Loads column represents load cell count of GT types


+----+-----------+----+----+----+
|    | X0        | X1 | X2 | X3 |
+----+-----------+----+----+----+
| Y4 |         0 |  0 |  0 |  0 |
| Y3 |         0 |  0 |  0 |  0 |
| Y2 | (R) (D) 1 |  0 |  0 |  0 |
| Y1 |         0 |  0 |  0 |  0 |
| Y0 |         0 |  0 |  0 |  0 |
+----+-----------+----+----+----+


17. Device Cell Placement Summary for Global Clock g9
-----------------------------------------------------

+-----------+-----------------+-------------------+--------------------+-------------+---------------+----------+-------------+----------+----------------+----------+------------------------------------------+
| Global Id | Driver Type/Pin | Driver Region (D) | Clock              | Period (ns) | Waveform (ns) | Root (R) | Slice Loads | IO Loads | Clocking Loads | GT Loads | Net                                      |
+-----------+-----------------+-------------------+--------------------+-------------+---------------+----------+-------------+----------+----------------+----------+------------------------------------------+
| g9        | BUFGCE/O        | X0Y0              | clkfbout_video_pll |       5.000 | {0.000 2.500} | X0Y2     |           0 |        0 |              1 |        0 | video_pll_m0/inst/clkfbout_buf_video_pll |
+-----------+-----------------+-------------------+--------------------+-------------+---------------+----------+-------------+----------+----------------+----------+------------------------------------------+
* Logic Loads column represents load cell count of all cell types other than IO, GT and clock resources
** IO Loads column represents load cell count of IO types
*** Clocking Loads column represents load cell count that are clock resources (global clock buffer, MMCM, PLL, etc)
**** GT Loads column represents load cell count of GT types


+----+--------+----+----+----+
|    | X0     | X1 | X2 | X3 |
+----+--------+----+----+----+
| Y4 |      0 |  0 |  0 |  0 |
| Y3 |      0 |  0 |  0 |  0 |
| Y2 |  (R) 0 |  0 |  0 |  0 |
| Y1 |      0 |  0 |  0 |  0 |
| Y0 |  (D) 1 |  0 |  0 |  0 |
+----+--------+----+----+----+


18. Clock Region Cell Placement per Global Clock: Region X0Y0
-------------------------------------------------------------

+-----------+-------+-----------------+------------+-------------+-----------------+------+--------+------+-----+----+------+-----+---------+--------------------------------------------------------------+
| Global Id | Track | Driver Type/Pin | Constraint | Clock Loads | Non-Clock Loads | FF   | LUTRAM | RAMB | DSP | GT | MMCM | PLL | Hard IP | Net                                                          |
+-----------+-------+-----------------+------------+-------------+-----------------+------+--------+------+-----+----+------+-----+---------+--------------------------------------------------------------+
| g0        | 14    | BUFGCE/O        | None       |        5192 |               1 | 4944 |    207 |    1 |   0 |  0 |    0 |   1 |       0 | your_instance_name/inst/u_ddr4_infrastructure/c0_ddr4_ui_clk |
| g1        | 20    | BUFGCE/O        | None       |        1354 |               0 | 1237 |     82 |   24 |   3 |  0 |    0 |   0 |       0 | your_instance_name/inst/u_ddr4_infrastructure/c0_riu_clk     |
| g2+       | 8     | BUFGCE/O        | None       |           0 |               0 |    0 |      0 |    0 |   0 |  0 |    0 |   0 |       0 | video_pll_m0/inst/clk_out2                                   |
| g3        | 2     | BUFGCE/O        | None       |          54 |               0 |   54 |      0 |    0 |   0 |  0 |    0 |   0 |       0 | dbg_hub/inst/BSCANID.u_xsdbm_id/itck_i                       |
| g4        | 0     | BUFGCE/O        | None       |         153 |               0 |  153 |      0 |    0 |   0 |  0 |    0 |   0 |       0 | your_instance_name/inst/u_ddr4_infrastructure/dbg_clk        |
| g5        | 12    | BUFGCE/O        | None       |          65 |               0 |   65 |      0 |    0 |   0 |  0 |    0 |   0 |       0 | video_pll_m0/inst/clk_out1                                   |
| g7        | 3     | BUFGCE/O        | None       |           0 |               1 |    0 |      0 |    0 |   0 |  0 |    1 |   0 |       0 | sys_clk_BUFGCE                                               |
| g9        | 13    | BUFGCE/O        | None       |           0 |               1 |    0 |      0 |    0 |   0 |  0 |    1 |   0 |       0 | video_pll_m0/inst/clkfbout_buf_video_pll                     |
+-----------+-------+-----------------+------------+-------------+-----------------+------+--------+------+-----+----+------+-----+---------+--------------------------------------------------------------+
* Clock Loads column represents the clock pin loads (pin count)
** Non-Clock Loads column represents the non-clock pin loads (pin count)
*** Columns FF, LUTRAM, RAMB through 'Hard IP' represents load cell counts
**** In Global Id column, sympbol '+' indicates that global clock was used only to route through the clock region.


19. Clock Region Cell Placement per Global Clock: Region X1Y0
-------------------------------------------------------------

+-----------+-------+-----------------+------------+-------------+-----------------+-----+--------+------+-----+----+------+-----+---------+-------------------------------------------------------+
| Global Id | Track | Driver Type/Pin | Constraint | Clock Loads | Non-Clock Loads | FF  | LUTRAM | RAMB | DSP | GT | MMCM | PLL | Hard IP | Net                                                   |
+-----------+-------+-----------------+------------+-------------+-----------------+-----+--------+------+-----+----+------+-----+---------+-------------------------------------------------------+
| g3        | 2     | BUFGCE/O        | None       |         154 |               0 | 154 |      0 |    0 |   0 |  0 |    0 |   0 |       0 | dbg_hub/inst/BSCANID.u_xsdbm_id/itck_i                |
| g4        | 0     | BUFGCE/O        | None       |         216 |               0 | 216 |      0 |    0 |   0 |  0 |    0 |   0 |       0 | your_instance_name/inst/u_ddr4_infrastructure/dbg_clk |
+-----------+-------+-----------------+------------+-------------+-----------------+-----+--------+------+-----+----+------+-----+---------+-------------------------------------------------------+
* Clock Loads column represents the clock pin loads (pin count)
** Non-Clock Loads column represents the non-clock pin loads (pin count)
*** Columns FF, LUTRAM, RAMB through 'Hard IP' represents load cell counts


20. Clock Region Cell Placement per Global Clock: Region X0Y1
-------------------------------------------------------------

+-----------+-------+-----------------+------------+-------------+-----------------+------+--------+------+-----+----+------+-----+---------+--------------------------------------------------------------+
| Global Id | Track | Driver Type/Pin | Constraint | Clock Loads | Non-Clock Loads | FF   | LUTRAM | RAMB | DSP | GT | MMCM | PLL | Hard IP | Net                                                          |
+-----------+-------+-----------------+------------+-------------+-----------------+------+--------+------+-----+----+------+-----+---------+--------------------------------------------------------------+
| g0        | 14    | BUFGCE/O        | None       |        8789 |               1 | 8417 |    344 |    3 |   0 |  0 |    0 |   1 |       0 | your_instance_name/inst/u_ddr4_infrastructure/c0_ddr4_ui_clk |
| g1        | 20    | BUFGCE/O        | None       |         131 |               0 |  125 |      0 |    0 |   0 |  0 |    0 |   0 |       0 | your_instance_name/inst/u_ddr4_infrastructure/c0_riu_clk     |
| g2        | 8     | BUFGCE/O        | None       |         415 |               0 |  412 |      2 |    1 |   0 |  0 |    0 |   0 |       0 | video_pll_m0/inst/clk_out2                                   |
| g3        | 2     | BUFGCE/O        | None       |           4 |               0 |    4 |      0 |    0 |   0 |  0 |    0 |   0 |       0 | dbg_hub/inst/BSCANID.u_xsdbm_id/itck_i                       |
| g4        | 0     | BUFGCE/O        | None       |           5 |               0 |    5 |      0 |    0 |   0 |  0 |    0 |   0 |       0 | your_instance_name/inst/u_ddr4_infrastructure/dbg_clk        |
| g5        | 12    | BUFGCE/O        | None       |          58 |               0 |   56 |      1 |    1 |   0 |  0 |    0 |   0 |       0 | video_pll_m0/inst/clk_out1                                   |
| g7        | 3     | BUFGCE/O        | None       |          17 |               1 |   17 |      0 |    0 |   0 |  0 |    1 |   0 |       0 | sys_clk_BUFGCE                                               |
| g9+       | 13    | BUFGCE/O        | None       |           0 |               0 |    0 |      0 |    0 |   0 |  0 |    0 |   0 |       0 | video_pll_m0/inst/clkfbout_buf_video_pll                     |
+-----------+-------+-----------------+------------+-------------+-----------------+------+--------+------+-----+----+------+-----+---------+--------------------------------------------------------------+
* Clock Loads column represents the clock pin loads (pin count)
** Non-Clock Loads column represents the non-clock pin loads (pin count)
*** Columns FF, LUTRAM, RAMB through 'Hard IP' represents load cell counts
**** In Global Id column, sympbol '+' indicates that global clock was used only to route through the clock region.


21. Clock Region Cell Placement per Global Clock: Region X1Y1
-------------------------------------------------------------

+-----------+-------+-----------------+------------+-------------+-----------------+-----+--------+------+-----+----+------+-----+---------+--------------------------------------------------------------+
| Global Id | Track | Driver Type/Pin | Constraint | Clock Loads | Non-Clock Loads | FF  | LUTRAM | RAMB | DSP | GT | MMCM | PLL | Hard IP | Net                                                          |
+-----------+-------+-----------------+------------+-------------+-----------------+-----+--------+------+-----+----+------+-----+---------+--------------------------------------------------------------+
| g0        | 14    | BUFGCE/O        | None       |          15 |               0 |  15 |      0 |    0 |   0 |  0 |    0 |   0 |       0 | your_instance_name/inst/u_ddr4_infrastructure/c0_ddr4_ui_clk |
| g2        | 8     | BUFGCE/O        | None       |          17 |               0 |  17 |      0 |    0 |   0 |  0 |    0 |   0 |       0 | video_pll_m0/inst/clk_out2                                   |
| g3        | 2     | BUFGCE/O        | None       |         244 |               0 | 244 |      0 |    0 |   0 |  0 |    0 |   0 |       0 | dbg_hub/inst/BSCANID.u_xsdbm_id/itck_i                       |
| g4        | 0     | BUFGCE/O        | None       |          30 |               0 |  30 |      0 |    0 |   0 |  0 |    0 |   0 |       0 | your_instance_name/inst/u_ddr4_infrastructure/dbg_clk        |
| g6        | 1     | BUFGCE/O        | None       |           1 |               0 |   1 |      0 |    0 |   0 |  0 |    0 |   0 |       0 | clkref_m0/inst/clk_out2                                      |
+-----------+-------+-----------------+------------+-------------+-----------------+-----+--------+------+-----+----+------+-----+---------+--------------------------------------------------------------+
* Clock Loads column represents the clock pin loads (pin count)
** Non-Clock Loads column represents the non-clock pin loads (pin count)
*** Columns FF, LUTRAM, RAMB through 'Hard IP' represents load cell counts


22. Clock Region Cell Placement per Global Clock: Region X2Y1
-------------------------------------------------------------

+-----------+-------+-----------------+------------+-------------+-----------------+-----+--------+------+-----+----+------+-----+---------+-------------------------+
| Global Id | Track | Driver Type/Pin | Constraint | Clock Loads | Non-Clock Loads | FF  | LUTRAM | RAMB | DSP | GT | MMCM | PLL | Hard IP | Net                     |
+-----------+-------+-----------------+------------+-------------+-----------------+-----+--------+------+-----+----+------+-----+---------+-------------------------+
| g6        | 1     | BUFGCE/O        | None       |         110 |               0 | 110 |      0 |    0 |   0 |  0 |    0 |   0 |       0 | clkref_m0/inst/clk_out2 |
+-----------+-------+-----------------+------------+-------------+-----------------+-----+--------+------+-----+----+------+-----+---------+-------------------------+
* Clock Loads column represents the clock pin loads (pin count)
** Non-Clock Loads column represents the non-clock pin loads (pin count)
*** Columns FF, LUTRAM, RAMB through 'Hard IP' represents load cell counts


23. Clock Region Cell Placement per Global Clock: Region X0Y2
-------------------------------------------------------------

+-----------+-------+-----------------+------------+-------------+-----------------+------+--------+------+-----+----+------+-----+---------+--------------------------------------------------------------+
| Global Id | Track | Driver Type/Pin | Constraint | Clock Loads | Non-Clock Loads | FF   | LUTRAM | RAMB | DSP | GT | MMCM | PLL | Hard IP | Net                                                          |
+-----------+-------+-----------------+------------+-------------+-----------------+------+--------+------+-----+----+------+-----+---------+--------------------------------------------------------------+
| g0        | 14    | BUFGCE/O        | None       |        4936 |               1 | 4855 |     41 |    0 |   0 |  0 |    0 |   1 |       0 | your_instance_name/inst/u_ddr4_infrastructure/c0_ddr4_ui_clk |
| g1        | 20    | BUFGCE/O        | None       |          91 |               0 |   83 |      0 |    0 |   0 |  0 |    0 |   0 |       0 | your_instance_name/inst/u_ddr4_infrastructure/c0_riu_clk     |
| g2        | 8     | BUFGCE/O        | None       |          35 |               0 |   35 |      0 |    0 |   0 |  0 |    0 |   0 |       0 | video_pll_m0/inst/clk_out2                                   |
| g5        | 12    | BUFGCE/O        | None       |           6 |               0 |    6 |      0 |    0 |   0 |  0 |    0 |   0 |       0 | video_pll_m0/inst/clk_out1                                   |
| g6+       | 1     | BUFGCE/O        | None       |           0 |               0 |    0 |      0 |    0 |   0 |  0 |    0 |   0 |       0 | clkref_m0/inst/clk_out2                                      |
| g7        | 3     | BUFGCE/O        | None       |           0 |               1 |    0 |      0 |    0 |   0 |  0 |    1 |   0 |       0 | sys_clk_BUFGCE                                               |
| g8        | 2     | BUFGCE/O        | None       |           0 |               1 |    0 |      0 |    0 |   0 |  0 |    1 |   0 |       0 | clkref_m0/inst/clkfbout_buf_clk_ref                          |
| g9+       | 13    | BUFGCE/O        | None       |           0 |               0 |    0 |      0 |    0 |   0 |  0 |    0 |   0 |       0 | video_pll_m0/inst/clkfbout_buf_video_pll                     |
+-----------+-------+-----------------+------------+-------------+-----------------+------+--------+------+-----+----+------+-----+---------+--------------------------------------------------------------+
* Clock Loads column represents the clock pin loads (pin count)
** Non-Clock Loads column represents the non-clock pin loads (pin count)
*** Columns FF, LUTRAM, RAMB through 'Hard IP' represents load cell counts
**** In Global Id column, sympbol '+' indicates that global clock was used only to route through the clock region.


24. Clock Region Cell Placement per Global Clock: Region X1Y2
-------------------------------------------------------------

+-----------+-------+-----------------+------------+-------------+-----------------+----+--------+------+-----+----+------+-----+---------+--------------------------------------------------------------+
| Global Id | Track | Driver Type/Pin | Constraint | Clock Loads | Non-Clock Loads | FF | LUTRAM | RAMB | DSP | GT | MMCM | PLL | Hard IP | Net                                                          |
+-----------+-------+-----------------+------------+-------------+-----------------+----+--------+------+-----+----+------+-----+---------+--------------------------------------------------------------+
| g0        | 14    | BUFGCE/O        | None       |           5 |               0 |  3 |      2 |    0 |   0 |  0 |    0 |   0 |       0 | your_instance_name/inst/u_ddr4_infrastructure/c0_ddr4_ui_clk |
| g6+       | 1     | BUFGCE/O        | None       |           0 |               0 |  0 |      0 |    0 |   0 |  0 |    0 |   0 |       0 | clkref_m0/inst/clk_out2                                      |
+-----------+-------+-----------------+------------+-------------+-----------------+----+--------+------+-----+----+------+-----+---------+--------------------------------------------------------------+
* Clock Loads column represents the clock pin loads (pin count)
** Non-Clock Loads column represents the non-clock pin loads (pin count)
*** Columns FF, LUTRAM, RAMB through 'Hard IP' represents load cell counts
**** In Global Id column, sympbol '+' indicates that global clock was used only to route through the clock region.


25. Clock Region Cell Placement per Global Clock: Region X0Y4
-------------------------------------------------------------

+-----------+-------+-----------------+------------+-------------+-----------------+----+--------+------+-----+----+------+-----+---------+----------------------------+
| Global Id | Track | Driver Type/Pin | Constraint | Clock Loads | Non-Clock Loads | FF | LUTRAM | RAMB | DSP | GT | MMCM | PLL | Hard IP | Net                        |
+-----------+-------+-----------------+------------+-------------+-----------------+----+--------+------+-----+----+------+-----+---------+----------------------------+
| g5        | 12    | BUFGCE/O        | None       |           0 |               1 |  0 |      0 |    0 |   0 |  0 |    0 |   0 |       0 | video_pll_m0/inst/clk_out1 |
+-----------+-------+-----------------+------------+-------------+-----------------+----+--------+------+-----+----+------+-----+---------+----------------------------+
* Clock Loads column represents the clock pin loads (pin count)
** Non-Clock Loads column represents the non-clock pin loads (pin count)
*** Columns FF, LUTRAM, RAMB through 'Hard IP' represents load cell counts


