
*** Running vivado
    with args -log top.vdi -applog -m64 -product Vivado -messageDb vivado.pb -mode batch -source top.tcl -notrace


****** Vivado v2017.4 (64-bit)
  **** SW Build 2086221 on Fri Dec 15 20:55:39 MST 2017
  **** IP Build 2085800 on Fri Dec 15 22:25:07 MST 2017
    ** Copyright 1986-2017 Xilinx, Inc. All Rights Reserved.

source top.tcl -notrace
Command: link_design -top top -part xcku040-ffva1156-2-i
Design is defaulting to srcset: sources_1
Design is defaulting to constrset: constrs_1
INFO: [Project 1-454] Reading design checkpoint 'e:/ax/ku040/17_hdmi_char/17_hdmi_char.srcs/sources_1/ip/video_pll/video_pll.dcp' for cell 'video_pll_m0'
INFO: [Project 1-454] Reading design checkpoint 'e:/ax/ku040/17_hdmi_char/17_hdmi_char.srcs/sources_1/ip/osd_rom/osd_rom.dcp' for cell 'osd_display_m0/osd_rom_m0'
INFO: [Netlist 29-17] Analyzing 9 Unisim elements for replacement
INFO: [Netlist 29-28] Unisim Transformation completed in 0 CPU seconds
INFO: [Project 1-479] Netlist was created with Vivado 2017.4
INFO: [Device 21-403] Loading part xcku040-ffva1156-2-i
INFO: [Project 1-570] Preparing netlist for logic optimization
Parsing XDC File [e:/ax/ku040/17_hdmi_char/17_hdmi_char.srcs/sources_1/ip/video_pll/video_pll_board.xdc] for cell 'video_pll_m0/inst'
Finished Parsing XDC File [e:/ax/ku040/17_hdmi_char/17_hdmi_char.srcs/sources_1/ip/video_pll/video_pll_board.xdc] for cell 'video_pll_m0/inst'
Parsing XDC File [e:/ax/ku040/17_hdmi_char/17_hdmi_char.srcs/sources_1/ip/video_pll/video_pll.xdc] for cell 'video_pll_m0/inst'
INFO: [Timing 38-35] Done setting XDC timing constraints. [e:/ax/ku040/17_hdmi_char/17_hdmi_char.srcs/sources_1/ip/video_pll/video_pll.xdc:57]
INFO: [Timing 38-2] Deriving generated clocks [e:/ax/ku040/17_hdmi_char/17_hdmi_char.srcs/sources_1/ip/video_pll/video_pll.xdc:57]
get_clocks: Time (s): cpu = 00:00:07 ; elapsed = 00:00:08 . Memory (MB): peak = 1221.824 ; gain = 338.238
Finished Parsing XDC File [e:/ax/ku040/17_hdmi_char/17_hdmi_char.srcs/sources_1/ip/video_pll/video_pll.xdc] for cell 'video_pll_m0/inst'
Parsing XDC File [E:/ax/ku040/17_hdmi_char/17_hdmi_char.srcs/constrs_1/new/top.xdc]
WARNING: [Constraints 18-619] A clock with name 'sys_clk_p' already exists, overwriting the previous clock with the same name. [E:/ax/ku040/17_hdmi_char/17_hdmi_char.srcs/constrs_1/new/top.xdc:10]
Finished Parsing XDC File [E:/ax/ku040/17_hdmi_char/17_hdmi_char.srcs/constrs_1/new/top.xdc]
INFO: [Opt 31-138] Pushed 0 inverter(s) to 0 load pin(s).
INFO: [Project 1-111] Unisim Transformation Summary:
  A total of 3 instances were transformed.
  IBUFDS => IBUFDS (DIFFINBUF, IBUFCTRL): 1 instances
  IOBUF => IOBUF (IBUFCTRL, INBUF, OBUFT): 2 instances

11 Infos, 1 Warnings, 0 Critical Warnings and 0 Errors encountered.
link_design completed successfully
link_design: Time (s): cpu = 00:00:16 ; elapsed = 00:00:18 . Memory (MB): peak = 1224.734 ; gain = 860.516
Command: opt_design
Attempting to get a license for feature 'Implementation' and/or device 'xcku040'
INFO: [Common 17-349] Got license for feature 'Implementation' and/or device 'xcku040'
Running DRC as a precondition to command opt_design

Starting DRC Task
INFO: [DRC 23-27] Running DRC with 2 threads
INFO: [Project 1-461] DRC finished with 0 Errors
INFO: [Project 1-462] Please refer to the DRC report (report_drc) for more information.

Time (s): cpu = 00:00:01 ; elapsed = 00:00:00.971 . Memory (MB): peak = 1224.734 ; gain = 0.000
INFO: [Timing 38-35] Done setting XDC timing constraints.

Starting Logic Optimization Task

Phase 1 Retarget
INFO: [Opt 31-138] Pushed 2 inverter(s) to 114 load pin(s).
INFO: [Opt 31-49] Retargeted 0 cell(s).
Phase 1 Retarget | Checksum: 14627d707

Time (s): cpu = 00:00:00 ; elapsed = 00:00:00.041 . Memory (MB): peak = 1244.082 ; gain = 0.000
INFO: [Opt 31-389] Phase Retarget created 0 cells and removed 2 cells

Phase 2 Constant propagation
INFO: [Opt 31-138] Pushed 0 inverter(s) to 0 load pin(s).
Phase 2 Constant propagation | Checksum: 14627d707

Time (s): cpu = 00:00:00 ; elapsed = 00:00:00.051 . Memory (MB): peak = 1244.082 ; gain = 0.000
INFO: [Opt 31-389] Phase Constant propagation created 0 cells and removed 0 cells

Phase 3 Sweep
Phase 3 Sweep | Checksum: e809a655

Time (s): cpu = 00:00:00 ; elapsed = 00:00:00.070 . Memory (MB): peak = 1244.082 ; gain = 0.000
INFO: [Opt 31-389] Phase Sweep created 23 cells and removed 0 cells

Phase 4 BUFG optimization
Phase 4 BUFG optimization | Checksum: e809a655

Time (s): cpu = 00:00:00 ; elapsed = 00:00:00.085 . Memory (MB): peak = 1244.082 ; gain = 0.000
INFO: [Opt 31-389] Phase BUFG optimization created 0 cells and removed 0 cells

Phase 5 Shift Register Optimization
Phase 5 Shift Register Optimization | Checksum: e809a655

Time (s): cpu = 00:00:00 ; elapsed = 00:00:00.093 . Memory (MB): peak = 1244.082 ; gain = 0.000
INFO: [Opt 31-389] Phase Shift Register Optimization created 0 cells and removed 0 cells

Starting Connectivity Check Task

Time (s): cpu = 00:00:00 ; elapsed = 00:00:00.001 . Memory (MB): peak = 1244.082 ; gain = 0.000
Ending Logic Optimization Task | Checksum: d5348f7c

Time (s): cpu = 00:00:00 ; elapsed = 00:00:00.100 . Memory (MB): peak = 1244.082 ; gain = 0.000

Starting Power Optimization Task
INFO: [Pwropt 34-132] Skipping clock gating for clocks with a period < 2.00 ns.
INFO: [Pwropt 34-9] Applying IDT optimizations ...
INFO: [Pwropt 34-10] Applying ODC optimizations ...
INFO: [Timing 38-35] Done setting XDC timing constraints.
INFO: [Physopt 32-619] Estimated Timing Summary | WNS=3.985 | TNS=0.000 |
Running Vector-less Activity Propagation...

Finished Running Vector-less Activity Propagation


Starting PowerOpt Patch Enables Task
INFO: [Pwropt 34-162] WRITE_MODE attribute of 0 BRAM(s) out of a total of 1 has been updated to save power. Run report_power_opt to get a complete listing of the BRAMs updated.
INFO: [Pwropt 34-201] Structural ODC has moved 0 WE to EN ports
Number of BRAM Ports augmented: 0 newly gated: 1 Total Ports: 2
Ending PowerOpt Patch Enables Task | Checksum: 1715d1133

Time (s): cpu = 00:00:00 ; elapsed = 00:00:00.014 . Memory (MB): peak = 2602.176 ; gain = 0.000
Ending Power Optimization Task | Checksum: 1715d1133

Time (s): cpu = 00:00:36 ; elapsed = 00:00:36 . Memory (MB): peak = 2602.176 ; gain = 1358.094
INFO: [Common 17-83] Releasing license: Implementation
32 Infos, 1 Warnings, 0 Critical Warnings and 0 Errors encountered.
opt_design completed successfully
opt_design: Time (s): cpu = 00:00:38 ; elapsed = 00:00:38 . Memory (MB): peak = 2602.176 ; gain = 1377.441
Writing placer database...
Writing XDEF routing.
Writing XDEF routing logical nets.
Writing XDEF routing special nets.
Write XDEF Complete: Time (s): cpu = 00:00:00 ; elapsed = 00:00:00.060 . Memory (MB): peak = 2602.176 ; gain = 0.000
INFO: [Common 17-1381] The checkpoint 'E:/ax/ku040/17_hdmi_char/17_hdmi_char.runs/impl_1/top_opt.dcp' has been generated.
INFO: [runtcl-4] Executing : report_drc -file top_drc_opted.rpt -pb top_drc_opted.pb -rpx top_drc_opted.rpx
Command: report_drc -file top_drc_opted.rpt -pb top_drc_opted.pb -rpx top_drc_opted.rpx
INFO: [IP_Flow 19-1839] IP Catalog is up to date.
INFO: [DRC 23-27] Running DRC with 2 threads
INFO: [Coretcl 2-168] The results of DRC are in file E:/ax/ku040/17_hdmi_char/17_hdmi_char.runs/impl_1/top_drc_opted.rpt.
report_drc completed successfully
INFO: [Chipscope 16-241] No debug cores found in the current design.
Before running the implement_debug_core command, either use the Set Up Debug wizard (GUI mode)
or use the create_debug_core and connect_debug_core Tcl commands to insert debug cores into the design.
Command: place_design
Attempting to get a license for feature 'Implementation' and/or device 'xcku040'
INFO: [Common 17-349] Got license for feature 'Implementation' and/or device 'xcku040'
INFO: [DRC 23-27] Running DRC with 2 threads
INFO: [Vivado_Tcl 4-198] DRC finished with 0 Errors
INFO: [Vivado_Tcl 4-199] Please refer to the DRC report (report_drc) for more information.
Running DRC as a precondition to command place_design
INFO: [DRC 23-27] Running DRC with 2 threads
INFO: [Vivado_Tcl 4-198] DRC finished with 0 Errors
INFO: [Vivado_Tcl 4-199] Please refer to the DRC report (report_drc) for more information.

Starting Placer Task
INFO: [Place 30-611] Multithreading enabled for place_design using a maximum of 2 CPUs

Phase 1 Placer Initialization

Phase 1.1 Placer Initialization Netlist Sorting
Netlist sorting complete. Time (s): cpu = 00:00:00 ; elapsed = 00:00:00.002 . Memory (MB): peak = 2602.176 ; gain = 0.000
Phase 1.1 Placer Initialization Netlist Sorting | Checksum: 104ec46a5

Time (s): cpu = 00:00:00 ; elapsed = 00:00:00.007 . Memory (MB): peak = 2602.176 ; gain = 0.000
INFO: [Timing 38-35] Done setting XDC timing constraints.
INFO: [Opt 31-138] Pushed 0 inverter(s) to 0 load pin(s).
Netlist sorting complete. Time (s): cpu = 00:00:00 ; elapsed = 00:00:00 . Memory (MB): peak = 2602.176 ; gain = 0.000

Phase 1.2 IO Placement/ Clock Placement/ Build Placer Device
INFO: [Timing 38-35] Done setting XDC timing constraints.
Phase 1.2 IO Placement/ Clock Placement/ Build Placer Device | Checksum: bdf18019

Time (s): cpu = 00:00:01 ; elapsed = 00:00:01 . Memory (MB): peak = 2602.176 ; gain = 0.000

Phase 1.3 Build Placer Netlist Model
Phase 1.3 Build Placer Netlist Model | Checksum: 166fae4c2

Time (s): cpu = 00:00:02 ; elapsed = 00:00:02 . Memory (MB): peak = 2602.176 ; gain = 0.000

Phase 1.4 Constrain Clocks/Macros
Phase 1.4 Constrain Clocks/Macros | Checksum: 166fae4c2

Time (s): cpu = 00:00:02 ; elapsed = 00:00:02 . Memory (MB): peak = 2602.176 ; gain = 0.000
Phase 1 Placer Initialization | Checksum: 166fae4c2

Time (s): cpu = 00:00:02 ; elapsed = 00:00:02 . Memory (MB): peak = 2602.176 ; gain = 0.000

Phase 2 Global Placement
Phase 2 Global Placement | Checksum: 1096c899c

Time (s): cpu = 00:00:05 ; elapsed = 00:00:04 . Memory (MB): peak = 2602.176 ; gain = 0.000

Phase 3 Detail Placement

Phase 3.1 Commit Multi Column Macros
Phase 3.1 Commit Multi Column Macros | Checksum: 1096c899c

Time (s): cpu = 00:00:05 ; elapsed = 00:00:04 . Memory (MB): peak = 2602.176 ; gain = 0.000

Phase 3.2 Commit Most Macros & LUTRAMs
Phase 3.2 Commit Most Macros & LUTRAMs | Checksum: e903812a

Time (s): cpu = 00:00:06 ; elapsed = 00:00:04 . Memory (MB): peak = 2602.176 ; gain = 0.000

Phase 3.3 Area Swap Optimization
Phase 3.3 Area Swap Optimization | Checksum: 1237ad51d

Time (s): cpu = 00:00:06 ; elapsed = 00:00:04 . Memory (MB): peak = 2602.176 ; gain = 0.000

Phase 3.4 Pipeline Register Optimization
Phase 3.4 Pipeline Register Optimization | Checksum: 17fdbf7a1

Time (s): cpu = 00:00:06 ; elapsed = 00:00:04 . Memory (MB): peak = 2602.176 ; gain = 0.000

Phase 3.5 Small Shape Clustering
Phase 3.5 Small Shape Clustering | Checksum: df5f3dc3

Time (s): cpu = 00:00:06 ; elapsed = 00:00:05 . Memory (MB): peak = 2602.176 ; gain = 0.000

Phase 3.6 DP Optimization
Phase 3.6 DP Optimization | Checksum: 1757f95a4

Time (s): cpu = 00:00:07 ; elapsed = 00:00:05 . Memory (MB): peak = 2602.176 ; gain = 0.000

Phase 3.7 Flow Legalize Slice Clusters
Phase 3.7 Flow Legalize Slice Clusters | Checksum: 11d3fbdb1

Time (s): cpu = 00:00:07 ; elapsed = 00:00:05 . Memory (MB): peak = 2602.176 ; gain = 0.000

Phase 3.8 Slice Area Swap
Phase 3.8 Slice Area Swap | Checksum: 171a655ff

Time (s): cpu = 00:00:07 ; elapsed = 00:00:05 . Memory (MB): peak = 2602.176 ; gain = 0.000

Phase 3.9 Commit Slice Clusters
Phase 3.9 Commit Slice Clusters | Checksum: 1ae7e2e14

Time (s): cpu = 00:00:07 ; elapsed = 00:00:05 . Memory (MB): peak = 2602.176 ; gain = 0.000

Phase 3.10 Re-assign LUT pins
Phase 3.10 Re-assign LUT pins | Checksum: 1da7533f7

Time (s): cpu = 00:00:07 ; elapsed = 00:00:05 . Memory (MB): peak = 2602.176 ; gain = 0.000

Phase 3.11 Pipeline Register Optimization
Phase 3.11 Pipeline Register Optimization | Checksum: 1da7533f7

Time (s): cpu = 00:00:07 ; elapsed = 00:00:05 . Memory (MB): peak = 2602.176 ; gain = 0.000
Phase 3 Detail Placement | Checksum: 1da7533f7

Time (s): cpu = 00:00:07 ; elapsed = 00:00:05 . Memory (MB): peak = 2602.176 ; gain = 0.000

Phase 4 Post Placement Optimization and Clean-Up

Phase 4.1 Post Commit Optimization
INFO: [Timing 38-35] Done setting XDC timing constraints.

Phase 4.1.1 Post Placement Optimization
Post Placement Optimization Initialization | Checksum: 17f2b4499

Phase 4.1.1.1 BUFG Insertion
INFO: [Physopt 32-721] Multithreading enabled for phys_opt_design using a maximum of 2 CPUs
INFO: [Place 46-31] BUFG insertion identified 0 candidate nets, 0 success, 0 skipped for placement/routing, 0 skipped for timing, 0 skipped for netlist change reason.
Phase 4.1.1.1 BUFG Insertion | Checksum: 17f2b4499

Time (s): cpu = 00:00:09 ; elapsed = 00:00:07 . Memory (MB): peak = 2602.176 ; gain = 0.000
INFO: [Place 30-746] Post Placement Timing Summary WNS=2.867. For the most accurate timing information please run report_timing.
Phase 4.1.1 Post Placement Optimization | Checksum: 199544563

Time (s): cpu = 00:00:09 ; elapsed = 00:00:07 . Memory (MB): peak = 2602.176 ; gain = 0.000
Phase 4.1 Post Commit Optimization | Checksum: 199544563

Time (s): cpu = 00:00:09 ; elapsed = 00:00:07 . Memory (MB): peak = 2602.176 ; gain = 0.000

Phase 4.2 Post Placement Cleanup
Phase 4.2 Post Placement Cleanup | Checksum: 199544563

Time (s): cpu = 00:00:09 ; elapsed = 00:00:07 . Memory (MB): peak = 2602.176 ; gain = 0.000

Phase 4.3 Placer Reporting
Phase 4.3 Placer Reporting | Checksum: 2339c5033

Time (s): cpu = 00:00:09 ; elapsed = 00:00:08 . Memory (MB): peak = 2602.176 ; gain = 0.000

Phase 4.4 Final Placement Cleanup
Phase 4.4 Final Placement Cleanup | Checksum: 1fda61560

Time (s): cpu = 00:00:09 ; elapsed = 00:00:08 . Memory (MB): peak = 2602.176 ; gain = 0.000
Phase 4 Post Placement Optimization and Clean-Up | Checksum: 1fda61560

Time (s): cpu = 00:00:09 ; elapsed = 00:00:08 . Memory (MB): peak = 2602.176 ; gain = 0.000
Ending Placer Task | Checksum: 1ad428deb

Time (s): cpu = 00:00:09 ; elapsed = 00:00:08 . Memory (MB): peak = 2602.176 ; gain = 0.000
INFO: [Common 17-83] Releasing license: Implementation
54 Infos, 1 Warnings, 0 Critical Warnings and 0 Errors encountered.
place_design completed successfully
place_design: Time (s): cpu = 00:00:12 ; elapsed = 00:00:10 . Memory (MB): peak = 2602.176 ; gain = 0.000
Writing placer database...
Writing XDEF routing.
Writing XDEF routing logical nets.
Writing XDEF routing special nets.
Write XDEF Complete: Time (s): cpu = 00:00:00 ; elapsed = 00:00:00.087 . Memory (MB): peak = 2602.176 ; gain = 0.000
INFO: [Common 17-1381] The checkpoint 'E:/ax/ku040/17_hdmi_char/17_hdmi_char.runs/impl_1/top_placed.dcp' has been generated.
INFO: [runtcl-4] Executing : report_io -file top_io_placed.rpt
report_io: Time (s): cpu = 00:00:01 ; elapsed = 00:00:00.127 . Memory (MB): peak = 2602.176 ; gain = 0.000
INFO: [runtcl-4] Executing : report_utilization -file top_utilization_placed.rpt -pb top_utilization_placed.pb
report_utilization: Time (s): cpu = 00:00:00 ; elapsed = 00:00:00.160 . Memory (MB): peak = 2602.176 ; gain = 0.000
INFO: [runtcl-4] Executing : report_control_sets -verbose -file top_control_sets_placed.rpt
report_control_sets: Time (s): cpu = 00:00:00 ; elapsed = 00:00:00.002 . Memory (MB): peak = 2602.176 ; gain = 0.000
Command: route_design
Attempting to get a license for feature 'Implementation' and/or device 'xcku040'
INFO: [Common 17-349] Got license for feature 'Implementation' and/or device 'xcku040'
Running DRC as a precondition to command route_design
INFO: [DRC 23-27] Running DRC with 2 threads
INFO: [Vivado_Tcl 4-198] DRC finished with 0 Errors
INFO: [Vivado_Tcl 4-199] Please refer to the DRC report (report_drc) for more information.


Starting Routing Task
INFO: [Route 35-254] Multithreading enabled for route_design using a maximum of 2 CPUs
Checksum: PlaceDB: dde9d523 ConstDB: 0 ShapeSum: 3510adf8 RouteDB: 9a480ad0

Phase 1 Build RT Design
Phase 1 Build RT Design | Checksum: ee3cfea1

Time (s): cpu = 00:00:42 ; elapsed = 00:00:29 . Memory (MB): peak = 2602.176 ; gain = 0.000
Post Restoration Checksum: NetGraph: dd5279 NumContArr: 61ace4a3 Constraints: dad3f1c0 Timing: 0

Phase 2 Router Initialization

Phase 2.1 Create Timer
Phase 2.1 Create Timer | Checksum: 13d5e28dc

Time (s): cpu = 00:00:42 ; elapsed = 00:00:30 . Memory (MB): peak = 2602.176 ; gain = 0.000

Phase 2.2 Fix Topology Constraints
Phase 2.2 Fix Topology Constraints | Checksum: 13d5e28dc

Time (s): cpu = 00:00:42 ; elapsed = 00:00:30 . Memory (MB): peak = 2602.176 ; gain = 0.000

Phase 2.3 Pre Route Cleanup
Phase 2.3 Pre Route Cleanup | Checksum: 13d5e28dc

Time (s): cpu = 00:00:42 ; elapsed = 00:00:30 . Memory (MB): peak = 2602.176 ; gain = 0.000

Phase 2.4 Global Clock Net Routing
 Number of Nodes with overlaps = 0
Phase 2.4 Global Clock Net Routing | Checksum: 1e6841346

Time (s): cpu = 00:00:44 ; elapsed = 00:00:32 . Memory (MB): peak = 2602.176 ; gain = 0.000

Phase 2.5 Update Timing
Phase 2.5 Update Timing | Checksum: 27c3a5512

Time (s): cpu = 00:00:45 ; elapsed = 00:00:33 . Memory (MB): peak = 2602.176 ; gain = 0.000
INFO: [Route 35-416] Intermediate Timing Summary | WNS=3.115  | TNS=0.000  | WHS=0.011  | THS=0.000  |

Phase 2 Router Initialization | Checksum: 262152bf7

Time (s): cpu = 00:00:45 ; elapsed = 00:00:33 . Memory (MB): peak = 2602.176 ; gain = 0.000

Phase 3 Initial Routing
Phase 3 Initial Routing | Checksum: 1eccdc61a

Time (s): cpu = 00:00:48 ; elapsed = 00:00:34 . Memory (MB): peak = 2602.176 ; gain = 0.000

Phase 4 Rip-up And Reroute

Phase 4.1 Global Iteration 0
 Number of Nodes with overlaps = 54
 Number of Nodes with overlaps = 0
INFO: [Route 35-416] Intermediate Timing Summary | WNS=2.961  | TNS=0.000  | WHS=0.042  | THS=0.000  |

Phase 4.1 Global Iteration 0 | Checksum: 321a95f45

Time (s): cpu = 00:00:49 ; elapsed = 00:00:35 . Memory (MB): peak = 2602.176 ; gain = 0.000

Phase 4.2 Additional Iteration for Hold
Phase 4.2 Additional Iteration for Hold | Checksum: 2e867c544

Time (s): cpu = 00:00:49 ; elapsed = 00:00:35 . Memory (MB): peak = 2602.176 ; gain = 0.000
Phase 4 Rip-up And Reroute | Checksum: 2e867c544

Time (s): cpu = 00:00:49 ; elapsed = 00:00:35 . Memory (MB): peak = 2602.176 ; gain = 0.000

Phase 5 Delay and Skew Optimization

Phase 5.1 Delay CleanUp
Phase 5.1 Delay CleanUp | Checksum: 2e867c544

Time (s): cpu = 00:00:49 ; elapsed = 00:00:35 . Memory (MB): peak = 2602.176 ; gain = 0.000

Phase 5.2 Clock Skew Optimization
Phase 5.2 Clock Skew Optimization | Checksum: 2e867c544

Time (s): cpu = 00:00:49 ; elapsed = 00:00:35 . Memory (MB): peak = 2602.176 ; gain = 0.000
Phase 5 Delay and Skew Optimization | Checksum: 2e867c544

Time (s): cpu = 00:00:49 ; elapsed = 00:00:35 . Memory (MB): peak = 2602.176 ; gain = 0.000

Phase 6 Post Hold Fix

Phase 6.1 Hold Fix Iter

Phase 6.1.1 Update Timing
Phase 6.1.1 Update Timing | Checksum: 25ea83c6a

Time (s): cpu = 00:00:49 ; elapsed = 00:00:36 . Memory (MB): peak = 2602.176 ; gain = 0.000
INFO: [Route 35-416] Intermediate Timing Summary | WNS=2.961  | TNS=0.000  | WHS=0.042  | THS=0.000  |

Phase 6.1 Hold Fix Iter | Checksum: 25ea83c6a

Time (s): cpu = 00:00:49 ; elapsed = 00:00:36 . Memory (MB): peak = 2602.176 ; gain = 0.000
Phase 6 Post Hold Fix | Checksum: 25ea83c6a

Time (s): cpu = 00:00:49 ; elapsed = 00:00:36 . Memory (MB): peak = 2602.176 ; gain = 0.000

Phase 7 Route finalize

Router Utilization Summary
  Global Vertical Routing Utilization    = 0.0118461 %
  Global Horizontal Routing Utilization  = 0.0070178 %
  Routable Net Status*
  *Does not include unroutable nets such as driverless and loadless.
  Run report_route_status for detailed report.
  Number of Failed Nets               = 0
  Number of Unrouted Nets             = 0
  Number of Partially Routed Nets     = 0
  Number of Node Overlaps             = 0

Phase 7 Route finalize | Checksum: 257ccb597

Time (s): cpu = 00:00:50 ; elapsed = 00:00:36 . Memory (MB): peak = 2602.176 ; gain = 0.000

Phase 8 Verifying routed nets

 Verification completed successfully
Phase 8 Verifying routed nets | Checksum: 257ccb597

Time (s): cpu = 00:00:50 ; elapsed = 00:00:36 . Memory (MB): peak = 2602.176 ; gain = 0.000

Phase 9 Depositing Routes
Phase 9 Depositing Routes | Checksum: 257ccb597

Time (s): cpu = 00:00:50 ; elapsed = 00:00:36 . Memory (MB): peak = 2602.176 ; gain = 0.000

Phase 10 Post Router Timing
INFO: [Route 35-57] Estimated Timing Summary | WNS=2.961  | TNS=0.000  | WHS=0.042  | THS=0.000  |

INFO: [Route 35-327] The final timing numbers are based on the router estimated timing analysis. For a complete and accurate timing signoff, please run report_timing_summary.
Phase 10 Post Router Timing | Checksum: 257ccb597

Time (s): cpu = 00:00:50 ; elapsed = 00:00:36 . Memory (MB): peak = 2602.176 ; gain = 0.000
INFO: [Route 35-16] Router Completed Successfully

Time (s): cpu = 00:00:50 ; elapsed = 00:00:36 . Memory (MB): peak = 2602.176 ; gain = 0.000

Routing Is Done.
INFO: [Common 17-83] Releasing license: Implementation
70 Infos, 1 Warnings, 0 Critical Warnings and 0 Errors encountered.
route_design completed successfully
route_design: Time (s): cpu = 00:00:52 ; elapsed = 00:00:38 . Memory (MB): peak = 2602.176 ; gain = 0.000
Writing placer database...
Writing XDEF routing.
Writing XDEF routing logical nets.
Writing XDEF routing special nets.
Write XDEF Complete: Time (s): cpu = 00:00:01 ; elapsed = 00:00:00.098 . Memory (MB): peak = 2602.176 ; gain = 0.000
INFO: [Common 17-1381] The checkpoint 'E:/ax/ku040/17_hdmi_char/17_hdmi_char.runs/impl_1/top_routed.dcp' has been generated.
INFO: [runtcl-4] Executing : report_drc -file top_drc_routed.rpt -pb top_drc_routed.pb -rpx top_drc_routed.rpx
Command: report_drc -file top_drc_routed.rpt -pb top_drc_routed.pb -rpx top_drc_routed.rpx
INFO: [IP_Flow 19-1839] IP Catalog is up to date.
INFO: [DRC 23-27] Running DRC with 2 threads
INFO: [Coretcl 2-168] The results of DRC are in file E:/ax/ku040/17_hdmi_char/17_hdmi_char.runs/impl_1/top_drc_routed.rpt.
report_drc completed successfully
INFO: [runtcl-4] Executing : report_methodology -file top_methodology_drc_routed.rpt -pb top_methodology_drc_routed.pb -rpx top_methodology_drc_routed.rpx
Command: report_methodology -file top_methodology_drc_routed.rpt -pb top_methodology_drc_routed.pb -rpx top_methodology_drc_routed.rpx
INFO: [Timing 38-35] Done setting XDC timing constraints.
INFO: [Timing 38-35] Done setting XDC timing constraints.
INFO: [DRC 23-133] Running Methodology with 2 threads
INFO: [Coretcl 2-1520] The results of Report Methodology are in file E:/ax/ku040/17_hdmi_char/17_hdmi_char.runs/impl_1/top_methodology_drc_routed.rpt.
report_methodology completed successfully
INFO: [runtcl-4] Executing : report_power -file top_power_routed.rpt -pb top_power_summary_routed.pb -rpx top_power_routed.rpx
Command: report_power -file top_power_routed.rpt -pb top_power_summary_routed.pb -rpx top_power_routed.rpx
INFO: [Timing 38-35] Done setting XDC timing constraints.
Running Vector-less Activity Propagation...

Finished Running Vector-less Activity Propagation
82 Infos, 1 Warnings, 0 Critical Warnings and 0 Errors encountered.
report_power completed successfully
report_power: Time (s): cpu = 00:00:09 ; elapsed = 00:00:09 . Memory (MB): peak = 2602.176 ; gain = 0.000
INFO: [runtcl-4] Executing : report_route_status -file top_route_status.rpt -pb top_route_status.pb
INFO: [runtcl-4] Executing : report_timing_summary -max_paths 10 -file top_timing_summary_routed.rpt -rpx top_timing_summary_routed.rpx -warn_on_violation 
INFO: [Timing 38-91] UpdateTimingParams: Speed grade: -2, Temperature grade: I, Delay Type: min_max.
INFO: [Timing 38-191] Multithreading enabled for timing update using a maximum of 2 CPUs
INFO: [runtcl-4] Executing : report_incremental_reuse -file top_incremental_reuse_routed.rpt
INFO: [Vivado_Tcl 4-545] No incremental reuse to report, no incremental placement and routing data was found.
INFO: [runtcl-4] Executing : report_clock_utilization -file top_clock_utilization_routed.rpt
report_clock_utilization: Time (s): cpu = 00:00:07 ; elapsed = 00:00:07 . Memory (MB): peak = 2602.176 ; gain = 0.000
Command: write_bitstream -force top.bit
Attempting to get a license for feature 'Implementation' and/or device 'xcku040'
INFO: [Common 17-349] Got license for feature 'Implementation' and/or device 'xcku040'
Running DRC as a precondition to command write_bitstream
INFO: [IP_Flow 19-1839] IP Catalog is up to date.
INFO: [DRC 23-27] Running DRC with 2 threads
INFO: [Vivado 12-3199] DRC finished with 0 Errors
INFO: [Vivado 12-3200] Please refer to the DRC report (report_drc) for more information.
INFO: [Project 1-821] Please set project.enableDesignId to be 'true'.
INFO: [Designutils 20-2272] Running write_bitstream with 2 threads.
Loading data files...
Loading site data...
Loading route data...
Processing options...
Creating bitmap...
Creating bitstream...
Bitstream compression saved 108190592 bits.
Writing bitstream ./top.bit...
INFO: [Vivado 12-1842] Bitgen Completed Successfully.
INFO: [Project 1-118] WebTalk data collection is enabled (User setting is ON. Install Setting is ON.).
INFO: [Common 17-83] Releasing license: Implementation
99 Infos, 1 Warnings, 0 Critical Warnings and 0 Errors encountered.
write_bitstream completed successfully
write_bitstream: Time (s): cpu = 00:00:27 ; elapsed = 00:00:33 . Memory (MB): peak = 2602.176 ; gain = 0.000
INFO: [Common 17-206] Exiting Vivado at Wed Aug 11 18:27:02 2021...
