Copyright 1986-2017 Xilinx, Inc. All Rights Reserved.
---------------------------------------------------------------------------------------------------------------------------------------------------------
| Tool Version : Vivado v.2017.4 (win64) Build 2086221 Fri Dec 15 20:55:39 MST 2017
| Date         : Sun Apr 25 11:12:50 2021
| Host         : DESKTOP-C3F5G4E running 64-bit major release  (build 9200)
| Command      : report_drc -file example_ibert_sfp_10g_drc_routed.rpt -pb example_ibert_sfp_10g_drc_routed.pb -rpx example_ibert_sfp_10g_drc_routed.rpx
| Design       : example_ibert_sfp_10g
| Device       : xcku040-ffva1156-2-i
| Speed File   : -2
| Design State : Routed
---------------------------------------------------------------------------------------------------------------------------------------------------------

Report DRC

Table of Contents
-----------------
1. REPORT SUMMARY
2. REPORT DETAILS

1. REPORT SUMMARY
-----------------
            Netlist: netlist
          Floorplan: design_1
      Design limits: <entire design considered>
           Ruledeck: default
             Max violations: <unlimited>
             Violations found: 100
+-----------+----------+---------------------------------------------------------------------+------------+
| Rule      | Severity | Description                                                         | Violations |
+-----------+----------+---------------------------------------------------------------------+------------+
| CFGBVS-1  | Warning  | Missing CFGBVS and CONFIG_VOLTAGE Design Properties                 | 1          |
| PDCN-1569 | Warning  | LUT equation term check                                             | 74         |
| RTSTAT-10 | Warning  | No routable loads                                                   | 1          |
| AVAL-155  | Advisory | enum_AMULTSEL_BMULTSEL_enum_DREG_ADREG_0_connects_CED_CEAD_RSTD_GND | 8          |
| AVAL-156  | Advisory | enum_USE_MULT_NONE__enum_DREG_ADREG_0_connects_CED_CEAD_RSTD_GND    | 8          |
| REQP-1701 | Advisory | enum_DREG_0_connects_CED_GND                                        | 8          |
+-----------+----------+---------------------------------------------------------------------+------------+

2. REPORT DETAILS
-----------------
CFGBVS-1#1 Warning
Missing CFGBVS and CONFIG_VOLTAGE Design Properties  
Neither the CFGBVS nor CONFIG_VOLTAGE voltage property is set in the current_design.  Configuration bank voltage select (CFGBVS) must be set to VCCO or GND, and CONFIG_VOLTAGE must be set to the correct configuration voltage, in order to determine the I/O voltage support for the pins in bank 0.  It is suggested to specify these either using the 'Edit Device Properties' function in the GUI or directly in the XDC file using the following syntax:

 set_property CFGBVS value1 [current_design]
 #where value1 is either VCCO or GND

 set_property CONFIG_VOLTAGE value2 [current_design]
 #where value2 is the voltage provided to configuration bank 0

Refer to the device configuration user guide for more information.
Related violations: <none>

PDCN-1569#1 Warning
LUT equation term check  
Used physical LUT pin 'A3' of cell u_ibert_gth_core/inst/QUAD[0].u_q/u_common/INTERNAL_MB.mcs_0/microblaze_I/MicroBlaze_Core_I/Area.Core/Byte_Doublet_Handle_I/Use_Dynamic_Bus_Sizing.Not_Using_Reverse_Mem_Instr.WRITE_MSB_SEL_I/Using_FPGA.Native/LUT5 (in u_ibert_gth_core/inst/QUAD[0].u_q/u_common/INTERNAL_MB.mcs_0/microblaze_I/MicroBlaze_Core_I/Area.Core/Byte_Doublet_Handle_I/Use_Dynamic_Bus_Sizing.Not_Using_Reverse_Mem_Instr.WRITE_MSB_SEL_I/Using_FPGA.Native macro) is not included in the LUT equation: 'O5=((~A1))'. If this cell is a user instantiated LUT in the design, please remove connectivity to the pin or change the equation and/or INIT string of the LUT to prevent this issue. If the cell is inferred or IP created LUT, please regenerate the IP and/or resynthesize the design to attempt to correct the issue.
Related violations: <none>

PDCN-1569#2 Warning
LUT equation term check  
Used physical LUT pin 'A3' of cell u_ibert_gth_core/inst/QUAD[0].u_q/u_common/INTERNAL_MB.mcs_0/microblaze_I/MicroBlaze_Core_I/Area.Core/Byte_Doublet_Handle_I/Use_Dynamic_Bus_Sizing.Not_Using_Reverse_Mem_Instr.WRITE_MSB_SEL_I/Using_FPGA.Native/LUT6 (in u_ibert_gth_core/inst/QUAD[0].u_q/u_common/INTERNAL_MB.mcs_0/microblaze_I/MicroBlaze_Core_I/Area.Core/Byte_Doublet_Handle_I/Use_Dynamic_Bus_Sizing.Not_Using_Reverse_Mem_Instr.WRITE_MSB_SEL_I/Using_FPGA.Native macro) is not included in the LUT equation: 'O6=((~A1)*A2*(~A6))+((~A1)*(~A2))'. If this cell is a user instantiated LUT in the design, please remove connectivity to the pin or change the equation and/or INIT string of the LUT to prevent this issue. If the cell is inferred or IP created LUT, please regenerate the IP and/or resynthesize the design to attempt to correct the issue.
Related violations: <none>

PDCN-1569#3 Warning
LUT equation term check  
Used physical LUT pin 'A4' of cell u_ibert_gth_core/inst/QUAD[0].u_q/u_common/INTERNAL_MB.mcs_0/microblaze_I/MicroBlaze_Core_I/Area.Core/Byte_Doublet_Handle_I/Use_Dynamic_Bus_Sizing.Not_Using_Reverse_Mem_Instr.WRITE_MSB_SEL_I/Using_FPGA.Native/LUT5 (in u_ibert_gth_core/inst/QUAD[0].u_q/u_common/INTERNAL_MB.mcs_0/microblaze_I/MicroBlaze_Core_I/Area.Core/Byte_Doublet_Handle_I/Use_Dynamic_Bus_Sizing.Not_Using_Reverse_Mem_Instr.WRITE_MSB_SEL_I/Using_FPGA.Native macro) is not included in the LUT equation: 'O5=((~A1))'. If this cell is a user instantiated LUT in the design, please remove connectivity to the pin or change the equation and/or INIT string of the LUT to prevent this issue. If the cell is inferred or IP created LUT, please regenerate the IP and/or resynthesize the design to attempt to correct the issue.
Related violations: <none>

PDCN-1569#4 Warning
LUT equation term check  
Used physical LUT pin 'A4' of cell u_ibert_gth_core/inst/QUAD[0].u_q/u_common/INTERNAL_MB.mcs_0/microblaze_I/MicroBlaze_Core_I/Area.Core/Byte_Doublet_Handle_I/Use_Dynamic_Bus_Sizing.Not_Using_Reverse_Mem_Instr.WRITE_MSB_SEL_I/Using_FPGA.Native/LUT6 (in u_ibert_gth_core/inst/QUAD[0].u_q/u_common/INTERNAL_MB.mcs_0/microblaze_I/MicroBlaze_Core_I/Area.Core/Byte_Doublet_Handle_I/Use_Dynamic_Bus_Sizing.Not_Using_Reverse_Mem_Instr.WRITE_MSB_SEL_I/Using_FPGA.Native macro) is not included in the LUT equation: 'O6=((~A1)*A2*(~A6))+((~A1)*(~A2))'. If this cell is a user instantiated LUT in the design, please remove connectivity to the pin or change the equation and/or INIT string of the LUT to prevent this issue. If the cell is inferred or IP created LUT, please regenerate the IP and/or resynthesize the design to attempt to correct the issue.
Related violations: <none>

PDCN-1569#5 Warning
LUT equation term check  
Used physical LUT pin 'A5' of cell u_ibert_gth_core/inst/QUAD[0].u_q/u_common/INTERNAL_MB.mcs_0/microblaze_I/MicroBlaze_Core_I/Area.Core/Byte_Doublet_Handle_I/BYTE_0_1_I/Using_FPGA.Native/LUT5 (in u_ibert_gth_core/inst/QUAD[0].u_q/u_common/INTERNAL_MB.mcs_0/microblaze_I/MicroBlaze_Core_I/Area.Core/Byte_Doublet_Handle_I/BYTE_0_1_I/Using_FPGA.Native macro) is not included in the LUT equation: 'O5=(A1*A2)+(A1*(~A2)*(~A3))+((~A1)*(~A3)*(~A4))'. If this cell is a user instantiated LUT in the design, please remove connectivity to the pin or change the equation and/or INIT string of the LUT to prevent this issue. If the cell is inferred or IP created LUT, please regenerate the IP and/or resynthesize the design to attempt to correct the issue.
Related violations: <none>

PDCN-1569#6 Warning
LUT equation term check  
Used physical LUT pin 'A5' of cell u_ibert_gth_core/inst/QUAD[0].u_q/u_common/INTERNAL_MB.mcs_0/microblaze_I/MicroBlaze_Core_I/Area.Core/Byte_Doublet_Handle_I/BYTE_0_1_I/Using_FPGA.Native/LUT6 (in u_ibert_gth_core/inst/QUAD[0].u_q/u_common/INTERNAL_MB.mcs_0/microblaze_I/MicroBlaze_Core_I/Area.Core/Byte_Doublet_Handle_I/BYTE_0_1_I/Using_FPGA.Native macro) is not included in the LUT equation: 'O6=(A1*A2*A3*(~A6))+(A1*A2*(~A3))+(A1*(~A2)*A3*A6)+(A1*(~A2)*(~A3))+((~A1)*(~A3)*(~A4))'. If this cell is a user instantiated LUT in the design, please remove connectivity to the pin or change the equation and/or INIT string of the LUT to prevent this issue. If the cell is inferred or IP created LUT, please regenerate the IP and/or resynthesize the design to attempt to correct the issue.
Related violations: <none>

PDCN-1569#7 Warning
LUT equation term check  
Used physical LUT pin 'A5' of cell u_ibert_gth_core/inst/QUAD[0].u_q/u_common/INTERNAL_MB.mcs_0/microblaze_I/MicroBlaze_Core_I/Area.Core/Byte_Doublet_Handle_I/BYTE_2_3_I/Using_FPGA.Native/LUT5 (in u_ibert_gth_core/inst/QUAD[0].u_q/u_common/INTERNAL_MB.mcs_0/microblaze_I/MicroBlaze_Core_I/Area.Core/Byte_Doublet_Handle_I/BYTE_2_3_I/Using_FPGA.Native macro) is not included in the LUT equation: 'O5=(A1*(~A3)*(~A4))+((~A1)*A2)+((~A1)*(~A2)*(~A3))'. If this cell is a user instantiated LUT in the design, please remove connectivity to the pin or change the equation and/or INIT string of the LUT to prevent this issue. If the cell is inferred or IP created LUT, please regenerate the IP and/or resynthesize the design to attempt to correct the issue.
Related violations: <none>

PDCN-1569#8 Warning
LUT equation term check  
Used physical LUT pin 'A5' of cell u_ibert_gth_core/inst/QUAD[0].u_q/u_common/INTERNAL_MB.mcs_0/microblaze_I/MicroBlaze_Core_I/Area.Core/Byte_Doublet_Handle_I/BYTE_2_3_I/Using_FPGA.Native/LUT6 (in u_ibert_gth_core/inst/QUAD[0].u_q/u_common/INTERNAL_MB.mcs_0/microblaze_I/MicroBlaze_Core_I/Area.Core/Byte_Doublet_Handle_I/BYTE_2_3_I/Using_FPGA.Native macro) is not included in the LUT equation: 'O6=(A1*(~A3)*(~A4))+((~A1)*A2*A3*(~A6))+((~A1)*A2*(~A3))+((~A1)*(~A2)*A3*A6)+((~A1)*(~A2)*(~A3))'. If this cell is a user instantiated LUT in the design, please remove connectivity to the pin or change the equation and/or INIT string of the LUT to prevent this issue. If the cell is inferred or IP created LUT, please regenerate the IP and/or resynthesize the design to attempt to correct the issue.
Related violations: <none>

PDCN-1569#9 Warning
LUT equation term check  
Used physical LUT pin 'A5' of cell u_ibert_gth_core/inst/QUAD[0].u_q/u_common/INTERNAL_MB.mcs_0/microblaze_I/MicroBlaze_Core_I/Area.Core/Byte_Doublet_Handle_I/Use_Dynamic_Bus_Sizing.Not_Using_Reverse_Mem_Instr.WRITE_MSB_SEL_I/Using_FPGA.Native/LUT5 (in u_ibert_gth_core/inst/QUAD[0].u_q/u_common/INTERNAL_MB.mcs_0/microblaze_I/MicroBlaze_Core_I/Area.Core/Byte_Doublet_Handle_I/Use_Dynamic_Bus_Sizing.Not_Using_Reverse_Mem_Instr.WRITE_MSB_SEL_I/Using_FPGA.Native macro) is not included in the LUT equation: 'O5=((~A1))'. If this cell is a user instantiated LUT in the design, please remove connectivity to the pin or change the equation and/or INIT string of the LUT to prevent this issue. If the cell is inferred or IP created LUT, please regenerate the IP and/or resynthesize the design to attempt to correct the issue.
Related violations: <none>

PDCN-1569#10 Warning
LUT equation term check  
Used physical LUT pin 'A5' of cell u_ibert_gth_core/inst/QUAD[0].u_q/u_common/INTERNAL_MB.mcs_0/microblaze_I/MicroBlaze_Core_I/Area.Core/Byte_Doublet_Handle_I/Use_Dynamic_Bus_Sizing.Not_Using_Reverse_Mem_Instr.WRITE_MSB_SEL_I/Using_FPGA.Native/LUT6 (in u_ibert_gth_core/inst/QUAD[0].u_q/u_common/INTERNAL_MB.mcs_0/microblaze_I/MicroBlaze_Core_I/Area.Core/Byte_Doublet_Handle_I/Use_Dynamic_Bus_Sizing.Not_Using_Reverse_Mem_Instr.WRITE_MSB_SEL_I/Using_FPGA.Native macro) is not included in the LUT equation: 'O6=((~A1)*A2*(~A6))+((~A1)*(~A2))'. If this cell is a user instantiated LUT in the design, please remove connectivity to the pin or change the equation and/or INIT string of the LUT to prevent this issue. If the cell is inferred or IP created LUT, please regenerate the IP and/or resynthesize the design to attempt to correct the issue.
Related violations: <none>

PDCN-1569#11 Warning
LUT equation term check  
Used physical LUT pin 'A5' of cell u_ibert_gth_core/inst/QUAD[0].u_q/u_common/INTERNAL_MB.mcs_0/microblaze_I/MicroBlaze_Core_I/Area.Core/Data_Flow_I/Operand_Select_I/OpSelect_Bits[0].Operand_Select_Bit_I/Both_PC_and_MSR.Op1_LUT6/Using_FPGA.Native/LUT5 (in u_ibert_gth_core/inst/QUAD[0].u_q/u_common/INTERNAL_MB.mcs_0/microblaze_I/MicroBlaze_Core_I/Area.Core/Data_Flow_I/Operand_Select_I/OpSelect_Bits[0].Operand_Select_Bit_I/Both_PC_and_MSR.Op1_LUT6/Using_FPGA.Native macro) is not included in the LUT equation: 'O5=(A1*A2)+(A1*(~A2)*(~A3))+((~A1)*A2*A3)'. If this cell is a user instantiated LUT in the design, please remove connectivity to the pin or change the equation and/or INIT string of the LUT to prevent this issue. If the cell is inferred or IP created LUT, please regenerate the IP and/or resynthesize the design to attempt to correct the issue.
Related violations: <none>

PDCN-1569#12 Warning
LUT equation term check  
Used physical LUT pin 'A5' of cell u_ibert_gth_core/inst/QUAD[0].u_q/u_common/INTERNAL_MB.mcs_0/microblaze_I/MicroBlaze_Core_I/Area.Core/Data_Flow_I/Operand_Select_I/OpSelect_Bits[0].Operand_Select_Bit_I/Both_PC_and_MSR.Op1_LUT6/Using_FPGA.Native/LUT6 (in u_ibert_gth_core/inst/QUAD[0].u_q/u_common/INTERNAL_MB.mcs_0/microblaze_I/MicroBlaze_Core_I/Area.Core/Data_Flow_I/Operand_Select_I/OpSelect_Bits[0].Operand_Select_Bit_I/Both_PC_and_MSR.Op1_LUT6/Using_FPGA.Native macro) is not included in the LUT equation: 'O6=(A1*A2*A4)+(A1*A2*(~A4)*(~A6))+(A1*(~A2)*A3*A4*A6)+(A1*(~A2)*(~A3)*A4)+(A1*(~A2)*(~A3)*(~A4)*(~A6))+((~A1)*A2*A3*A4)+((~A1)*A2*A3*(~A4)*(~A6))+((~A1)*A2*(~A3)*A4*A6)+((~A1)*(~A2)*A4*A6)'. If this cell is a user instantiated LUT in the design, please remove connectivity to the pin or change the equation and/or INIT string of the LUT to prevent this issue. If the cell is inferred or IP created LUT, please regenerate the IP and/or resynthesize the design to attempt to correct the issue.
Related violations: <none>

PDCN-1569#13 Warning
LUT equation term check  
Used physical LUT pin 'A5' of cell u_ibert_gth_core/inst/QUAD[0].u_q/u_common/INTERNAL_MB.mcs_0/microblaze_I/MicroBlaze_Core_I/Area.Core/Data_Flow_I/Operand_Select_I/OpSelect_Bits[10].Operand_Select_Bit_I/Only_PC.Op1_LUT6/Using_FPGA.Native/LUT5 (in u_ibert_gth_core/inst/QUAD[0].u_q/u_common/INTERNAL_MB.mcs_0/microblaze_I/MicroBlaze_Core_I/Area.Core/Data_Flow_I/Operand_Select_I/OpSelect_Bits[10].Operand_Select_Bit_I/Only_PC.Op1_LUT6/Using_FPGA.Native macro) is not included in the LUT equation: 'O5=(A1*A2)+(A1*(~A2)*(~A3))+((~A1)*A2*A3)'. If this cell is a user instantiated LUT in the design, please remove connectivity to the pin or change the equation and/or INIT string of the LUT to prevent this issue. If the cell is inferred or IP created LUT, please regenerate the IP and/or resynthesize the design to attempt to correct the issue.
Related violations: <none>

PDCN-1569#14 Warning
LUT equation term check  
Used physical LUT pin 'A5' of cell u_ibert_gth_core/inst/QUAD[0].u_q/u_common/INTERNAL_MB.mcs_0/microblaze_I/MicroBlaze_Core_I/Area.Core/Data_Flow_I/Operand_Select_I/OpSelect_Bits[10].Operand_Select_Bit_I/Only_PC.Op1_LUT6/Using_FPGA.Native/LUT6 (in u_ibert_gth_core/inst/QUAD[0].u_q/u_common/INTERNAL_MB.mcs_0/microblaze_I/MicroBlaze_Core_I/Area.Core/Data_Flow_I/Operand_Select_I/OpSelect_Bits[10].Operand_Select_Bit_I/Only_PC.Op1_LUT6/Using_FPGA.Native macro) is not included in the LUT equation: 'O6=(A1*A2*A4)+(A1*A2*(~A4)*(~A6))+(A1*(~A2)*A3*A4*A6)+(A1*(~A2)*(~A3)*A4)+(A1*(~A2)*(~A3)*(~A4)*(~A6))+((~A1)*A2*A3*A4)+((~A1)*A2*A3*(~A4)*(~A6))+((~A1)*A2*(~A3)*A4*A6)+((~A1)*(~A2)*A4*A6)'. If this cell is a user instantiated LUT in the design, please remove connectivity to the pin or change the equation and/or INIT string of the LUT to prevent this issue. If the cell is inferred or IP created LUT, please regenerate the IP and/or resynthesize the design to attempt to correct the issue.
Related violations: <none>

PDCN-1569#15 Warning
LUT equation term check  
Used physical LUT pin 'A5' of cell u_ibert_gth_core/inst/QUAD[0].u_q/u_common/INTERNAL_MB.mcs_0/microblaze_I/MicroBlaze_Core_I/Area.Core/Data_Flow_I/Operand_Select_I/OpSelect_Bits[11].Operand_Select_Bit_I/Only_PC.Op1_LUT6/Using_FPGA.Native/LUT5 (in u_ibert_gth_core/inst/QUAD[0].u_q/u_common/INTERNAL_MB.mcs_0/microblaze_I/MicroBlaze_Core_I/Area.Core/Data_Flow_I/Operand_Select_I/OpSelect_Bits[11].Operand_Select_Bit_I/Only_PC.Op1_LUT6/Using_FPGA.Native macro) is not included in the LUT equation: 'O5=(A1*A2)+(A1*(~A2)*(~A3))+((~A1)*A2*A3)'. If this cell is a user instantiated LUT in the design, please remove connectivity to the pin or change the equation and/or INIT string of the LUT to prevent this issue. If the cell is inferred or IP created LUT, please regenerate the IP and/or resynthesize the design to attempt to correct the issue.
Related violations: <none>

PDCN-1569#16 Warning
LUT equation term check  
Used physical LUT pin 'A5' of cell u_ibert_gth_core/inst/QUAD[0].u_q/u_common/INTERNAL_MB.mcs_0/microblaze_I/MicroBlaze_Core_I/Area.Core/Data_Flow_I/Operand_Select_I/OpSelect_Bits[11].Operand_Select_Bit_I/Only_PC.Op1_LUT6/Using_FPGA.Native/LUT6 (in u_ibert_gth_core/inst/QUAD[0].u_q/u_common/INTERNAL_MB.mcs_0/microblaze_I/MicroBlaze_Core_I/Area.Core/Data_Flow_I/Operand_Select_I/OpSelect_Bits[11].Operand_Select_Bit_I/Only_PC.Op1_LUT6/Using_FPGA.Native macro) is not included in the LUT equation: 'O6=(A1*A2*A4)+(A1*A2*(~A4)*(~A6))+(A1*(~A2)*A3*A4*A6)+(A1*(~A2)*(~A3)*A4)+(A1*(~A2)*(~A3)*(~A4)*(~A6))+((~A1)*A2*A3*A4)+((~A1)*A2*A3*(~A4)*(~A6))+((~A1)*A2*(~A3)*A4*A6)+((~A1)*(~A2)*A4*A6)'. If this cell is a user instantiated LUT in the design, please remove connectivity to the pin or change the equation and/or INIT string of the LUT to prevent this issue. If the cell is inferred or IP created LUT, please regenerate the IP and/or resynthesize the design to attempt to correct the issue.
Related violations: <none>

PDCN-1569#17 Warning
LUT equation term check  
Used physical LUT pin 'A5' of cell u_ibert_gth_core/inst/QUAD[0].u_q/u_common/INTERNAL_MB.mcs_0/microblaze_I/MicroBlaze_Core_I/Area.Core/Data_Flow_I/Operand_Select_I/OpSelect_Bits[12].Operand_Select_Bit_I/Only_PC.Op1_LUT6/Using_FPGA.Native/LUT5 (in u_ibert_gth_core/inst/QUAD[0].u_q/u_common/INTERNAL_MB.mcs_0/microblaze_I/MicroBlaze_Core_I/Area.Core/Data_Flow_I/Operand_Select_I/OpSelect_Bits[12].Operand_Select_Bit_I/Only_PC.Op1_LUT6/Using_FPGA.Native macro) is not included in the LUT equation: 'O5=(A1*A2)+(A1*(~A2)*(~A3))+((~A1)*A2*A3)'. If this cell is a user instantiated LUT in the design, please remove connectivity to the pin or change the equation and/or INIT string of the LUT to prevent this issue. If the cell is inferred or IP created LUT, please regenerate the IP and/or resynthesize the design to attempt to correct the issue.
Related violations: <none>

PDCN-1569#18 Warning
LUT equation term check  
Used physical LUT pin 'A5' of cell u_ibert_gth_core/inst/QUAD[0].u_q/u_common/INTERNAL_MB.mcs_0/microblaze_I/MicroBlaze_Core_I/Area.Core/Data_Flow_I/Operand_Select_I/OpSelect_Bits[12].Operand_Select_Bit_I/Only_PC.Op1_LUT6/Using_FPGA.Native/LUT6 (in u_ibert_gth_core/inst/QUAD[0].u_q/u_common/INTERNAL_MB.mcs_0/microblaze_I/MicroBlaze_Core_I/Area.Core/Data_Flow_I/Operand_Select_I/OpSelect_Bits[12].Operand_Select_Bit_I/Only_PC.Op1_LUT6/Using_FPGA.Native macro) is not included in the LUT equation: 'O6=(A1*A2*A4)+(A1*A2*(~A4)*(~A6))+(A1*(~A2)*A3*A4*A6)+(A1*(~A2)*(~A3)*A4)+(A1*(~A2)*(~A3)*(~A4)*(~A6))+((~A1)*A2*A3*A4)+((~A1)*A2*A3*(~A4)*(~A6))+((~A1)*A2*(~A3)*A4*A6)+((~A1)*(~A2)*A4*A6)'. If this cell is a user instantiated LUT in the design, please remove connectivity to the pin or change the equation and/or INIT string of the LUT to prevent this issue. If the cell is inferred or IP created LUT, please regenerate the IP and/or resynthesize the design to attempt to correct the issue.
Related violations: <none>

PDCN-1569#19 Warning
LUT equation term check  
Used physical LUT pin 'A5' of cell u_ibert_gth_core/inst/QUAD[0].u_q/u_common/INTERNAL_MB.mcs_0/microblaze_I/MicroBlaze_Core_I/Area.Core/Data_Flow_I/Operand_Select_I/OpSelect_Bits[13].Operand_Select_Bit_I/Only_PC.Op1_LUT6/Using_FPGA.Native/LUT5 (in u_ibert_gth_core/inst/QUAD[0].u_q/u_common/INTERNAL_MB.mcs_0/microblaze_I/MicroBlaze_Core_I/Area.Core/Data_Flow_I/Operand_Select_I/OpSelect_Bits[13].Operand_Select_Bit_I/Only_PC.Op1_LUT6/Using_FPGA.Native macro) is not included in the LUT equation: 'O5=(A1*A2)+(A1*(~A2)*(~A3))+((~A1)*A2*A3)'. If this cell is a user instantiated LUT in the design, please remove connectivity to the pin or change the equation and/or INIT string of the LUT to prevent this issue. If the cell is inferred or IP created LUT, please regenerate the IP and/or resynthesize the design to attempt to correct the issue.
Related violations: <none>

PDCN-1569#20 Warning
LUT equation term check  
Used physical LUT pin 'A5' of cell u_ibert_gth_core/inst/QUAD[0].u_q/u_common/INTERNAL_MB.mcs_0/microblaze_I/MicroBlaze_Core_I/Area.Core/Data_Flow_I/Operand_Select_I/OpSelect_Bits[13].Operand_Select_Bit_I/Only_PC.Op1_LUT6/Using_FPGA.Native/LUT6 (in u_ibert_gth_core/inst/QUAD[0].u_q/u_common/INTERNAL_MB.mcs_0/microblaze_I/MicroBlaze_Core_I/Area.Core/Data_Flow_I/Operand_Select_I/OpSelect_Bits[13].Operand_Select_Bit_I/Only_PC.Op1_LUT6/Using_FPGA.Native macro) is not included in the LUT equation: 'O6=(A1*A2*A4)+(A1*A2*(~A4)*(~A6))+(A1*(~A2)*A3*A4*A6)+(A1*(~A2)*(~A3)*A4)+(A1*(~A2)*(~A3)*(~A4)*(~A6))+((~A1)*A2*A3*A4)+((~A1)*A2*A3*(~A4)*(~A6))+((~A1)*A2*(~A3)*A4*A6)+((~A1)*(~A2)*A4*A6)'. If this cell is a user instantiated LUT in the design, please remove connectivity to the pin or change the equation and/or INIT string of the LUT to prevent this issue. If the cell is inferred or IP created LUT, please regenerate the IP and/or resynthesize the design to attempt to correct the issue.
Related violations: <none>

PDCN-1569#21 Warning
LUT equation term check  
Used physical LUT pin 'A5' of cell u_ibert_gth_core/inst/QUAD[0].u_q/u_common/INTERNAL_MB.mcs_0/microblaze_I/MicroBlaze_Core_I/Area.Core/Data_Flow_I/Operand_Select_I/OpSelect_Bits[14].Operand_Select_Bit_I/Only_PC.Op1_LUT6/Using_FPGA.Native/LUT5 (in u_ibert_gth_core/inst/QUAD[0].u_q/u_common/INTERNAL_MB.mcs_0/microblaze_I/MicroBlaze_Core_I/Area.Core/Data_Flow_I/Operand_Select_I/OpSelect_Bits[14].Operand_Select_Bit_I/Only_PC.Op1_LUT6/Using_FPGA.Native macro) is not included in the LUT equation: 'O5=(A1*A2)+(A1*(~A2)*(~A3))+((~A1)*A2*A3)'. If this cell is a user instantiated LUT in the design, please remove connectivity to the pin or change the equation and/or INIT string of the LUT to prevent this issue. If the cell is inferred or IP created LUT, please regenerate the IP and/or resynthesize the design to attempt to correct the issue.
Related violations: <none>

PDCN-1569#22 Warning
LUT equation term check  
Used physical LUT pin 'A5' of cell u_ibert_gth_core/inst/QUAD[0].u_q/u_common/INTERNAL_MB.mcs_0/microblaze_I/MicroBlaze_Core_I/Area.Core/Data_Flow_I/Operand_Select_I/OpSelect_Bits[14].Operand_Select_Bit_I/Only_PC.Op1_LUT6/Using_FPGA.Native/LUT6 (in u_ibert_gth_core/inst/QUAD[0].u_q/u_common/INTERNAL_MB.mcs_0/microblaze_I/MicroBlaze_Core_I/Area.Core/Data_Flow_I/Operand_Select_I/OpSelect_Bits[14].Operand_Select_Bit_I/Only_PC.Op1_LUT6/Using_FPGA.Native macro) is not included in the LUT equation: 'O6=(A1*A2*A4)+(A1*A2*(~A4)*(~A6))+(A1*(~A2)*A3*A4*A6)+(A1*(~A2)*(~A3)*A4)+(A1*(~A2)*(~A3)*(~A4)*(~A6))+((~A1)*A2*A3*A4)+((~A1)*A2*A3*(~A4)*(~A6))+((~A1)*A2*(~A3)*A4*A6)+((~A1)*(~A2)*A4*A6)'. If this cell is a user instantiated LUT in the design, please remove connectivity to the pin or change the equation and/or INIT string of the LUT to prevent this issue. If the cell is inferred or IP created LUT, please regenerate the IP and/or resynthesize the design to attempt to correct the issue.
Related violations: <none>

PDCN-1569#23 Warning
LUT equation term check  
Used physical LUT pin 'A5' of cell u_ibert_gth_core/inst/QUAD[0].u_q/u_common/INTERNAL_MB.mcs_0/microblaze_I/MicroBlaze_Core_I/Area.Core/Data_Flow_I/Operand_Select_I/OpSelect_Bits[15].Operand_Select_Bit_I/Only_PC.Op1_LUT6/Using_FPGA.Native/LUT5 (in u_ibert_gth_core/inst/QUAD[0].u_q/u_common/INTERNAL_MB.mcs_0/microblaze_I/MicroBlaze_Core_I/Area.Core/Data_Flow_I/Operand_Select_I/OpSelect_Bits[15].Operand_Select_Bit_I/Only_PC.Op1_LUT6/Using_FPGA.Native macro) is not included in the LUT equation: 'O5=(A1*A2)+(A1*(~A2)*(~A3))+((~A1)*A2*A3)'. If this cell is a user instantiated LUT in the design, please remove connectivity to the pin or change the equation and/or INIT string of the LUT to prevent this issue. If the cell is inferred or IP created LUT, please regenerate the IP and/or resynthesize the design to attempt to correct the issue.
Related violations: <none>

PDCN-1569#24 Warning
LUT equation term check  
Used physical LUT pin 'A5' of cell u_ibert_gth_core/inst/QUAD[0].u_q/u_common/INTERNAL_MB.mcs_0/microblaze_I/MicroBlaze_Core_I/Area.Core/Data_Flow_I/Operand_Select_I/OpSelect_Bits[15].Operand_Select_Bit_I/Only_PC.Op1_LUT6/Using_FPGA.Native/LUT6 (in u_ibert_gth_core/inst/QUAD[0].u_q/u_common/INTERNAL_MB.mcs_0/microblaze_I/MicroBlaze_Core_I/Area.Core/Data_Flow_I/Operand_Select_I/OpSelect_Bits[15].Operand_Select_Bit_I/Only_PC.Op1_LUT6/Using_FPGA.Native macro) is not included in the LUT equation: 'O6=(A1*A2*A4)+(A1*A2*(~A4)*(~A6))+(A1*(~A2)*A3*A4*A6)+(A1*(~A2)*(~A3)*A4)+(A1*(~A2)*(~A3)*(~A4)*(~A6))+((~A1)*A2*A3*A4)+((~A1)*A2*A3*(~A4)*(~A6))+((~A1)*A2*(~A3)*A4*A6)+((~A1)*(~A2)*A4*A6)'. If this cell is a user instantiated LUT in the design, please remove connectivity to the pin or change the equation and/or INIT string of the LUT to prevent this issue. If the cell is inferred or IP created LUT, please regenerate the IP and/or resynthesize the design to attempt to correct the issue.
Related violations: <none>

PDCN-1569#25 Warning
LUT equation term check  
Used physical LUT pin 'A5' of cell u_ibert_gth_core/inst/QUAD[0].u_q/u_common/INTERNAL_MB.mcs_0/microblaze_I/MicroBlaze_Core_I/Area.Core/Data_Flow_I/Operand_Select_I/OpSelect_Bits[16].Operand_Select_Bit_I/Only_PC.Op1_LUT6/Using_FPGA.Native/LUT5 (in u_ibert_gth_core/inst/QUAD[0].u_q/u_common/INTERNAL_MB.mcs_0/microblaze_I/MicroBlaze_Core_I/Area.Core/Data_Flow_I/Operand_Select_I/OpSelect_Bits[16].Operand_Select_Bit_I/Only_PC.Op1_LUT6/Using_FPGA.Native macro) is not included in the LUT equation: 'O5=(A1*A2)+(A1*(~A2)*(~A3))+((~A1)*A2*A3)'. If this cell is a user instantiated LUT in the design, please remove connectivity to the pin or change the equation and/or INIT string of the LUT to prevent this issue. If the cell is inferred or IP created LUT, please regenerate the IP and/or resynthesize the design to attempt to correct the issue.
Related violations: <none>

PDCN-1569#26 Warning
LUT equation term check  
Used physical LUT pin 'A5' of cell u_ibert_gth_core/inst/QUAD[0].u_q/u_common/INTERNAL_MB.mcs_0/microblaze_I/MicroBlaze_Core_I/Area.Core/Data_Flow_I/Operand_Select_I/OpSelect_Bits[16].Operand_Select_Bit_I/Only_PC.Op1_LUT6/Using_FPGA.Native/LUT6 (in u_ibert_gth_core/inst/QUAD[0].u_q/u_common/INTERNAL_MB.mcs_0/microblaze_I/MicroBlaze_Core_I/Area.Core/Data_Flow_I/Operand_Select_I/OpSelect_Bits[16].Operand_Select_Bit_I/Only_PC.Op1_LUT6/Using_FPGA.Native macro) is not included in the LUT equation: 'O6=(A1*A2*A4)+(A1*A2*(~A4)*(~A6))+(A1*(~A2)*A3*A4*A6)+(A1*(~A2)*(~A3)*A4)+(A1*(~A2)*(~A3)*(~A4)*(~A6))+((~A1)*A2*A3*A4)+((~A1)*A2*A3*(~A4)*(~A6))+((~A1)*A2*(~A3)*A4*A6)+((~A1)*(~A2)*A4*A6)'. If this cell is a user instantiated LUT in the design, please remove connectivity to the pin or change the equation and/or INIT string of the LUT to prevent this issue. If the cell is inferred or IP created LUT, please regenerate the IP and/or resynthesize the design to attempt to correct the issue.
Related violations: <none>

PDCN-1569#27 Warning
LUT equation term check  
Used physical LUT pin 'A5' of cell u_ibert_gth_core/inst/QUAD[0].u_q/u_common/INTERNAL_MB.mcs_0/microblaze_I/MicroBlaze_Core_I/Area.Core/Data_Flow_I/Operand_Select_I/OpSelect_Bits[17].Operand_Select_Bit_I/Only_PC.Op1_LUT6/Using_FPGA.Native/LUT5 (in u_ibert_gth_core/inst/QUAD[0].u_q/u_common/INTERNAL_MB.mcs_0/microblaze_I/MicroBlaze_Core_I/Area.Core/Data_Flow_I/Operand_Select_I/OpSelect_Bits[17].Operand_Select_Bit_I/Only_PC.Op1_LUT6/Using_FPGA.Native macro) is not included in the LUT equation: 'O5=(A1*A2)+(A1*(~A2)*(~A3))+((~A1)*A2*A3)'. If this cell is a user instantiated LUT in the design, please remove connectivity to the pin or change the equation and/or INIT string of the LUT to prevent this issue. If the cell is inferred or IP created LUT, please regenerate the IP and/or resynthesize the design to attempt to correct the issue.
Related violations: <none>

PDCN-1569#28 Warning
LUT equation term check  
Used physical LUT pin 'A5' of cell u_ibert_gth_core/inst/QUAD[0].u_q/u_common/INTERNAL_MB.mcs_0/microblaze_I/MicroBlaze_Core_I/Area.Core/Data_Flow_I/Operand_Select_I/OpSelect_Bits[17].Operand_Select_Bit_I/Only_PC.Op1_LUT6/Using_FPGA.Native/LUT6 (in u_ibert_gth_core/inst/QUAD[0].u_q/u_common/INTERNAL_MB.mcs_0/microblaze_I/MicroBlaze_Core_I/Area.Core/Data_Flow_I/Operand_Select_I/OpSelect_Bits[17].Operand_Select_Bit_I/Only_PC.Op1_LUT6/Using_FPGA.Native macro) is not included in the LUT equation: 'O6=(A1*A2*A4)+(A1*A2*(~A4)*(~A6))+(A1*(~A2)*A3*A4*A6)+(A1*(~A2)*(~A3)*A4)+(A1*(~A2)*(~A3)*(~A4)*(~A6))+((~A1)*A2*A3*A4)+((~A1)*A2*A3*(~A4)*(~A6))+((~A1)*A2*(~A3)*A4*A6)+((~A1)*(~A2)*A4*A6)'. If this cell is a user instantiated LUT in the design, please remove connectivity to the pin or change the equation and/or INIT string of the LUT to prevent this issue. If the cell is inferred or IP created LUT, please regenerate the IP and/or resynthesize the design to attempt to correct the issue.
Related violations: <none>

PDCN-1569#29 Warning
LUT equation term check  
Used physical LUT pin 'A5' of cell u_ibert_gth_core/inst/QUAD[0].u_q/u_common/INTERNAL_MB.mcs_0/microblaze_I/MicroBlaze_Core_I/Area.Core/Data_Flow_I/Operand_Select_I/OpSelect_Bits[18].Operand_Select_Bit_I/Only_PC.Op1_LUT6/Using_FPGA.Native/LUT5 (in u_ibert_gth_core/inst/QUAD[0].u_q/u_common/INTERNAL_MB.mcs_0/microblaze_I/MicroBlaze_Core_I/Area.Core/Data_Flow_I/Operand_Select_I/OpSelect_Bits[18].Operand_Select_Bit_I/Only_PC.Op1_LUT6/Using_FPGA.Native macro) is not included in the LUT equation: 'O5=(A1*A2)+(A1*(~A2)*(~A3))+((~A1)*A2*A3)'. If this cell is a user instantiated LUT in the design, please remove connectivity to the pin or change the equation and/or INIT string of the LUT to prevent this issue. If the cell is inferred or IP created LUT, please regenerate the IP and/or resynthesize the design to attempt to correct the issue.
Related violations: <none>

PDCN-1569#30 Warning
LUT equation term check  
Used physical LUT pin 'A5' of cell u_ibert_gth_core/inst/QUAD[0].u_q/u_common/INTERNAL_MB.mcs_0/microblaze_I/MicroBlaze_Core_I/Area.Core/Data_Flow_I/Operand_Select_I/OpSelect_Bits[18].Operand_Select_Bit_I/Only_PC.Op1_LUT6/Using_FPGA.Native/LUT6 (in u_ibert_gth_core/inst/QUAD[0].u_q/u_common/INTERNAL_MB.mcs_0/microblaze_I/MicroBlaze_Core_I/Area.Core/Data_Flow_I/Operand_Select_I/OpSelect_Bits[18].Operand_Select_Bit_I/Only_PC.Op1_LUT6/Using_FPGA.Native macro) is not included in the LUT equation: 'O6=(A1*A2*A4)+(A1*A2*(~A4)*(~A6))+(A1*(~A2)*A3*A4*A6)+(A1*(~A2)*(~A3)*A4)+(A1*(~A2)*(~A3)*(~A4)*(~A6))+((~A1)*A2*A3*A4)+((~A1)*A2*A3*(~A4)*(~A6))+((~A1)*A2*(~A3)*A4*A6)+((~A1)*(~A2)*A4*A6)'. If this cell is a user instantiated LUT in the design, please remove connectivity to the pin or change the equation and/or INIT string of the LUT to prevent this issue. If the cell is inferred or IP created LUT, please regenerate the IP and/or resynthesize the design to attempt to correct the issue.
Related violations: <none>

PDCN-1569#31 Warning
LUT equation term check  
Used physical LUT pin 'A5' of cell u_ibert_gth_core/inst/QUAD[0].u_q/u_common/INTERNAL_MB.mcs_0/microblaze_I/MicroBlaze_Core_I/Area.Core/Data_Flow_I/Operand_Select_I/OpSelect_Bits[19].Operand_Select_Bit_I/Only_PC.Op1_LUT6/Using_FPGA.Native/LUT5 (in u_ibert_gth_core/inst/QUAD[0].u_q/u_common/INTERNAL_MB.mcs_0/microblaze_I/MicroBlaze_Core_I/Area.Core/Data_Flow_I/Operand_Select_I/OpSelect_Bits[19].Operand_Select_Bit_I/Only_PC.Op1_LUT6/Using_FPGA.Native macro) is not included in the LUT equation: 'O5=(A1*A2)+(A1*(~A2)*(~A3))+((~A1)*A2*A3)'. If this cell is a user instantiated LUT in the design, please remove connectivity to the pin or change the equation and/or INIT string of the LUT to prevent this issue. If the cell is inferred or IP created LUT, please regenerate the IP and/or resynthesize the design to attempt to correct the issue.
Related violations: <none>

PDCN-1569#32 Warning
LUT equation term check  
Used physical LUT pin 'A5' of cell u_ibert_gth_core/inst/QUAD[0].u_q/u_common/INTERNAL_MB.mcs_0/microblaze_I/MicroBlaze_Core_I/Area.Core/Data_Flow_I/Operand_Select_I/OpSelect_Bits[19].Operand_Select_Bit_I/Only_PC.Op1_LUT6/Using_FPGA.Native/LUT6 (in u_ibert_gth_core/inst/QUAD[0].u_q/u_common/INTERNAL_MB.mcs_0/microblaze_I/MicroBlaze_Core_I/Area.Core/Data_Flow_I/Operand_Select_I/OpSelect_Bits[19].Operand_Select_Bit_I/Only_PC.Op1_LUT6/Using_FPGA.Native macro) is not included in the LUT equation: 'O6=(A1*A2*A4)+(A1*A2*(~A4)*(~A6))+(A1*(~A2)*A3*A4*A6)+(A1*(~A2)*(~A3)*A4)+(A1*(~A2)*(~A3)*(~A4)*(~A6))+((~A1)*A2*A3*A4)+((~A1)*A2*A3*(~A4)*(~A6))+((~A1)*A2*(~A3)*A4*A6)+((~A1)*(~A2)*A4*A6)'. If this cell is a user instantiated LUT in the design, please remove connectivity to the pin or change the equation and/or INIT string of the LUT to prevent this issue. If the cell is inferred or IP created LUT, please regenerate the IP and/or resynthesize the design to attempt to correct the issue.
Related violations: <none>

PDCN-1569#33 Warning
LUT equation term check  
Used physical LUT pin 'A5' of cell u_ibert_gth_core/inst/QUAD[0].u_q/u_common/INTERNAL_MB.mcs_0/microblaze_I/MicroBlaze_Core_I/Area.Core/Data_Flow_I/Operand_Select_I/OpSelect_Bits[1].Operand_Select_Bit_I/Only_PC.Op1_LUT6/Using_FPGA.Native/LUT5 (in u_ibert_gth_core/inst/QUAD[0].u_q/u_common/INTERNAL_MB.mcs_0/microblaze_I/MicroBlaze_Core_I/Area.Core/Data_Flow_I/Operand_Select_I/OpSelect_Bits[1].Operand_Select_Bit_I/Only_PC.Op1_LUT6/Using_FPGA.Native macro) is not included in the LUT equation: 'O5=(A1*A2)+(A1*(~A2)*(~A3))+((~A1)*A2*A3)'. If this cell is a user instantiated LUT in the design, please remove connectivity to the pin or change the equation and/or INIT string of the LUT to prevent this issue. If the cell is inferred or IP created LUT, please regenerate the IP and/or resynthesize the design to attempt to correct the issue.
Related violations: <none>

PDCN-1569#34 Warning
LUT equation term check  
Used physical LUT pin 'A5' of cell u_ibert_gth_core/inst/QUAD[0].u_q/u_common/INTERNAL_MB.mcs_0/microblaze_I/MicroBlaze_Core_I/Area.Core/Data_Flow_I/Operand_Select_I/OpSelect_Bits[1].Operand_Select_Bit_I/Only_PC.Op1_LUT6/Using_FPGA.Native/LUT6 (in u_ibert_gth_core/inst/QUAD[0].u_q/u_common/INTERNAL_MB.mcs_0/microblaze_I/MicroBlaze_Core_I/Area.Core/Data_Flow_I/Operand_Select_I/OpSelect_Bits[1].Operand_Select_Bit_I/Only_PC.Op1_LUT6/Using_FPGA.Native macro) is not included in the LUT equation: 'O6=(A1*A2*A4)+(A1*A2*(~A4)*(~A6))+(A1*(~A2)*A3*A4*A6)+(A1*(~A2)*(~A3)*A4)+(A1*(~A2)*(~A3)*(~A4)*(~A6))+((~A1)*A2*A3*A4)+((~A1)*A2*A3*(~A4)*(~A6))+((~A1)*A2*(~A3)*A4*A6)+((~A1)*(~A2)*A4*A6)'. If this cell is a user instantiated LUT in the design, please remove connectivity to the pin or change the equation and/or INIT string of the LUT to prevent this issue. If the cell is inferred or IP created LUT, please regenerate the IP and/or resynthesize the design to attempt to correct the issue.
Related violations: <none>

PDCN-1569#35 Warning
LUT equation term check  
Used physical LUT pin 'A5' of cell u_ibert_gth_core/inst/QUAD[0].u_q/u_common/INTERNAL_MB.mcs_0/microblaze_I/MicroBlaze_Core_I/Area.Core/Data_Flow_I/Operand_Select_I/OpSelect_Bits[20].Operand_Select_Bit_I/Only_PC.Op1_LUT6/Using_FPGA.Native/LUT5 (in u_ibert_gth_core/inst/QUAD[0].u_q/u_common/INTERNAL_MB.mcs_0/microblaze_I/MicroBlaze_Core_I/Area.Core/Data_Flow_I/Operand_Select_I/OpSelect_Bits[20].Operand_Select_Bit_I/Only_PC.Op1_LUT6/Using_FPGA.Native macro) is not included in the LUT equation: 'O5=(A1*A2)+(A1*(~A2)*(~A3))+((~A1)*A2*A3)'. If this cell is a user instantiated LUT in the design, please remove connectivity to the pin or change the equation and/or INIT string of the LUT to prevent this issue. If the cell is inferred or IP created LUT, please regenerate the IP and/or resynthesize the design to attempt to correct the issue.
Related violations: <none>

PDCN-1569#36 Warning
LUT equation term check  
Used physical LUT pin 'A5' of cell u_ibert_gth_core/inst/QUAD[0].u_q/u_common/INTERNAL_MB.mcs_0/microblaze_I/MicroBlaze_Core_I/Area.Core/Data_Flow_I/Operand_Select_I/OpSelect_Bits[20].Operand_Select_Bit_I/Only_PC.Op1_LUT6/Using_FPGA.Native/LUT6 (in u_ibert_gth_core/inst/QUAD[0].u_q/u_common/INTERNAL_MB.mcs_0/microblaze_I/MicroBlaze_Core_I/Area.Core/Data_Flow_I/Operand_Select_I/OpSelect_Bits[20].Operand_Select_Bit_I/Only_PC.Op1_LUT6/Using_FPGA.Native macro) is not included in the LUT equation: 'O6=(A1*A2*A4)+(A1*A2*(~A4)*(~A6))+(A1*(~A2)*A3*A4*A6)+(A1*(~A2)*(~A3)*A4)+(A1*(~A2)*(~A3)*(~A4)*(~A6))+((~A1)*A2*A3*A4)+((~A1)*A2*A3*(~A4)*(~A6))+((~A1)*A2*(~A3)*A4*A6)+((~A1)*(~A2)*A4*A6)'. If this cell is a user instantiated LUT in the design, please remove connectivity to the pin or change the equation and/or INIT string of the LUT to prevent this issue. If the cell is inferred or IP created LUT, please regenerate the IP and/or resynthesize the design to attempt to correct the issue.
Related violations: <none>

PDCN-1569#37 Warning
LUT equation term check  
Used physical LUT pin 'A5' of cell u_ibert_gth_core/inst/QUAD[0].u_q/u_common/INTERNAL_MB.mcs_0/microblaze_I/MicroBlaze_Core_I/Area.Core/Data_Flow_I/Operand_Select_I/OpSelect_Bits[21].Operand_Select_Bit_I/Only_PC.Op1_LUT6/Using_FPGA.Native/LUT5 (in u_ibert_gth_core/inst/QUAD[0].u_q/u_common/INTERNAL_MB.mcs_0/microblaze_I/MicroBlaze_Core_I/Area.Core/Data_Flow_I/Operand_Select_I/OpSelect_Bits[21].Operand_Select_Bit_I/Only_PC.Op1_LUT6/Using_FPGA.Native macro) is not included in the LUT equation: 'O5=(A1*A2)+(A1*(~A2)*(~A3))+((~A1)*A2*A3)'. If this cell is a user instantiated LUT in the design, please remove connectivity to the pin or change the equation and/or INIT string of the LUT to prevent this issue. If the cell is inferred or IP created LUT, please regenerate the IP and/or resynthesize the design to attempt to correct the issue.
Related violations: <none>

PDCN-1569#38 Warning
LUT equation term check  
Used physical LUT pin 'A5' of cell u_ibert_gth_core/inst/QUAD[0].u_q/u_common/INTERNAL_MB.mcs_0/microblaze_I/MicroBlaze_Core_I/Area.Core/Data_Flow_I/Operand_Select_I/OpSelect_Bits[21].Operand_Select_Bit_I/Only_PC.Op1_LUT6/Using_FPGA.Native/LUT6 (in u_ibert_gth_core/inst/QUAD[0].u_q/u_common/INTERNAL_MB.mcs_0/microblaze_I/MicroBlaze_Core_I/Area.Core/Data_Flow_I/Operand_Select_I/OpSelect_Bits[21].Operand_Select_Bit_I/Only_PC.Op1_LUT6/Using_FPGA.Native macro) is not included in the LUT equation: 'O6=(A1*A2*A4)+(A1*A2*(~A4)*(~A6))+(A1*(~A2)*A3*A4*A6)+(A1*(~A2)*(~A3)*A4)+(A1*(~A2)*(~A3)*(~A4)*(~A6))+((~A1)*A2*A3*A4)+((~A1)*A2*A3*(~A4)*(~A6))+((~A1)*A2*(~A3)*A4*A6)+((~A1)*(~A2)*A4*A6)'. If this cell is a user instantiated LUT in the design, please remove connectivity to the pin or change the equation and/or INIT string of the LUT to prevent this issue. If the cell is inferred or IP created LUT, please regenerate the IP and/or resynthesize the design to attempt to correct the issue.
Related violations: <none>

PDCN-1569#39 Warning
LUT equation term check  
Used physical LUT pin 'A5' of cell u_ibert_gth_core/inst/QUAD[0].u_q/u_common/INTERNAL_MB.mcs_0/microblaze_I/MicroBlaze_Core_I/Area.Core/Data_Flow_I/Operand_Select_I/OpSelect_Bits[22].Operand_Select_Bit_I/Only_PC.Op1_LUT6/Using_FPGA.Native/LUT5 (in u_ibert_gth_core/inst/QUAD[0].u_q/u_common/INTERNAL_MB.mcs_0/microblaze_I/MicroBlaze_Core_I/Area.Core/Data_Flow_I/Operand_Select_I/OpSelect_Bits[22].Operand_Select_Bit_I/Only_PC.Op1_LUT6/Using_FPGA.Native macro) is not included in the LUT equation: 'O5=(A1*A2)+(A1*(~A2)*(~A3))+((~A1)*A2*A3)'. If this cell is a user instantiated LUT in the design, please remove connectivity to the pin or change the equation and/or INIT string of the LUT to prevent this issue. If the cell is inferred or IP created LUT, please regenerate the IP and/or resynthesize the design to attempt to correct the issue.
Related violations: <none>

PDCN-1569#40 Warning
LUT equation term check  
Used physical LUT pin 'A5' of cell u_ibert_gth_core/inst/QUAD[0].u_q/u_common/INTERNAL_MB.mcs_0/microblaze_I/MicroBlaze_Core_I/Area.Core/Data_Flow_I/Operand_Select_I/OpSelect_Bits[22].Operand_Select_Bit_I/Only_PC.Op1_LUT6/Using_FPGA.Native/LUT6 (in u_ibert_gth_core/inst/QUAD[0].u_q/u_common/INTERNAL_MB.mcs_0/microblaze_I/MicroBlaze_Core_I/Area.Core/Data_Flow_I/Operand_Select_I/OpSelect_Bits[22].Operand_Select_Bit_I/Only_PC.Op1_LUT6/Using_FPGA.Native macro) is not included in the LUT equation: 'O6=(A1*A2*A4)+(A1*A2*(~A4)*(~A6))+(A1*(~A2)*A3*A4*A6)+(A1*(~A2)*(~A3)*A4)+(A1*(~A2)*(~A3)*(~A4)*(~A6))+((~A1)*A2*A3*A4)+((~A1)*A2*A3*(~A4)*(~A6))+((~A1)*A2*(~A3)*A4*A6)+((~A1)*(~A2)*A4*A6)'. If this cell is a user instantiated LUT in the design, please remove connectivity to the pin or change the equation and/or INIT string of the LUT to prevent this issue. If the cell is inferred or IP created LUT, please regenerate the IP and/or resynthesize the design to attempt to correct the issue.
Related violations: <none>

PDCN-1569#41 Warning
LUT equation term check  
Used physical LUT pin 'A5' of cell u_ibert_gth_core/inst/QUAD[0].u_q/u_common/INTERNAL_MB.mcs_0/microblaze_I/MicroBlaze_Core_I/Area.Core/Data_Flow_I/Operand_Select_I/OpSelect_Bits[23].Operand_Select_Bit_I/Only_PC.Op1_LUT6/Using_FPGA.Native/LUT5 (in u_ibert_gth_core/inst/QUAD[0].u_q/u_common/INTERNAL_MB.mcs_0/microblaze_I/MicroBlaze_Core_I/Area.Core/Data_Flow_I/Operand_Select_I/OpSelect_Bits[23].Operand_Select_Bit_I/Only_PC.Op1_LUT6/Using_FPGA.Native macro) is not included in the LUT equation: 'O5=(A1*A2)+(A1*(~A2)*(~A3))+((~A1)*A2*A3)'. If this cell is a user instantiated LUT in the design, please remove connectivity to the pin or change the equation and/or INIT string of the LUT to prevent this issue. If the cell is inferred or IP created LUT, please regenerate the IP and/or resynthesize the design to attempt to correct the issue.
Related violations: <none>

PDCN-1569#42 Warning
LUT equation term check  
Used physical LUT pin 'A5' of cell u_ibert_gth_core/inst/QUAD[0].u_q/u_common/INTERNAL_MB.mcs_0/microblaze_I/MicroBlaze_Core_I/Area.Core/Data_Flow_I/Operand_Select_I/OpSelect_Bits[23].Operand_Select_Bit_I/Only_PC.Op1_LUT6/Using_FPGA.Native/LUT6 (in u_ibert_gth_core/inst/QUAD[0].u_q/u_common/INTERNAL_MB.mcs_0/microblaze_I/MicroBlaze_Core_I/Area.Core/Data_Flow_I/Operand_Select_I/OpSelect_Bits[23].Operand_Select_Bit_I/Only_PC.Op1_LUT6/Using_FPGA.Native macro) is not included in the LUT equation: 'O6=(A1*A2*A4)+(A1*A2*(~A4)*(~A6))+(A1*(~A2)*A3*A4*A6)+(A1*(~A2)*(~A3)*A4)+(A1*(~A2)*(~A3)*(~A4)*(~A6))+((~A1)*A2*A3*A4)+((~A1)*A2*A3*(~A4)*(~A6))+((~A1)*A2*(~A3)*A4*A6)+((~A1)*(~A2)*A4*A6)'. If this cell is a user instantiated LUT in the design, please remove connectivity to the pin or change the equation and/or INIT string of the LUT to prevent this issue. If the cell is inferred or IP created LUT, please regenerate the IP and/or resynthesize the design to attempt to correct the issue.
Related violations: <none>

PDCN-1569#43 Warning
LUT equation term check  
Used physical LUT pin 'A5' of cell u_ibert_gth_core/inst/QUAD[0].u_q/u_common/INTERNAL_MB.mcs_0/microblaze_I/MicroBlaze_Core_I/Area.Core/Data_Flow_I/Operand_Select_I/OpSelect_Bits[24].Operand_Select_Bit_I/Both_PC_and_MSR.Op1_LUT6/Using_FPGA.Native/LUT5 (in u_ibert_gth_core/inst/QUAD[0].u_q/u_common/INTERNAL_MB.mcs_0/microblaze_I/MicroBlaze_Core_I/Area.Core/Data_Flow_I/Operand_Select_I/OpSelect_Bits[24].Operand_Select_Bit_I/Both_PC_and_MSR.Op1_LUT6/Using_FPGA.Native macro) is not included in the LUT equation: 'O5=(A1*A2)+(A1*(~A2)*(~A3))+((~A1)*A2*A3)'. If this cell is a user instantiated LUT in the design, please remove connectivity to the pin or change the equation and/or INIT string of the LUT to prevent this issue. If the cell is inferred or IP created LUT, please regenerate the IP and/or resynthesize the design to attempt to correct the issue.
Related violations: <none>

PDCN-1569#44 Warning
LUT equation term check  
Used physical LUT pin 'A5' of cell u_ibert_gth_core/inst/QUAD[0].u_q/u_common/INTERNAL_MB.mcs_0/microblaze_I/MicroBlaze_Core_I/Area.Core/Data_Flow_I/Operand_Select_I/OpSelect_Bits[24].Operand_Select_Bit_I/Both_PC_and_MSR.Op1_LUT6/Using_FPGA.Native/LUT6 (in u_ibert_gth_core/inst/QUAD[0].u_q/u_common/INTERNAL_MB.mcs_0/microblaze_I/MicroBlaze_Core_I/Area.Core/Data_Flow_I/Operand_Select_I/OpSelect_Bits[24].Operand_Select_Bit_I/Both_PC_and_MSR.Op1_LUT6/Using_FPGA.Native macro) is not included in the LUT equation: 'O6=(A1*A2*A4)+(A1*A2*(~A4)*(~A6))+(A1*(~A2)*A3*A4*A6)+(A1*(~A2)*(~A3)*A4)+(A1*(~A2)*(~A3)*(~A4)*(~A6))+((~A1)*A2*A3*A4)+((~A1)*A2*A3*(~A4)*(~A6))+((~A1)*A2*(~A3)*A4*A6)+((~A1)*(~A2)*A4*A6)'. If this cell is a user instantiated LUT in the design, please remove connectivity to the pin or change the equation and/or INIT string of the LUT to prevent this issue. If the cell is inferred or IP created LUT, please regenerate the IP and/or resynthesize the design to attempt to correct the issue.
Related violations: <none>

PDCN-1569#45 Warning
LUT equation term check  
Used physical LUT pin 'A5' of cell u_ibert_gth_core/inst/QUAD[0].u_q/u_common/INTERNAL_MB.mcs_0/microblaze_I/MicroBlaze_Core_I/Area.Core/Data_Flow_I/Operand_Select_I/OpSelect_Bits[25].Operand_Select_Bit_I/Both_PC_and_MSR.Op1_LUT6/Using_FPGA.Native/LUT5 (in u_ibert_gth_core/inst/QUAD[0].u_q/u_common/INTERNAL_MB.mcs_0/microblaze_I/MicroBlaze_Core_I/Area.Core/Data_Flow_I/Operand_Select_I/OpSelect_Bits[25].Operand_Select_Bit_I/Both_PC_and_MSR.Op1_LUT6/Using_FPGA.Native macro) is not included in the LUT equation: 'O5=(A1*A2)+(A1*(~A2)*(~A3))+((~A1)*A2*A3)'. If this cell is a user instantiated LUT in the design, please remove connectivity to the pin or change the equation and/or INIT string of the LUT to prevent this issue. If the cell is inferred or IP created LUT, please regenerate the IP and/or resynthesize the design to attempt to correct the issue.
Related violations: <none>

PDCN-1569#46 Warning
LUT equation term check  
Used physical LUT pin 'A5' of cell u_ibert_gth_core/inst/QUAD[0].u_q/u_common/INTERNAL_MB.mcs_0/microblaze_I/MicroBlaze_Core_I/Area.Core/Data_Flow_I/Operand_Select_I/OpSelect_Bits[25].Operand_Select_Bit_I/Both_PC_and_MSR.Op1_LUT6/Using_FPGA.Native/LUT6 (in u_ibert_gth_core/inst/QUAD[0].u_q/u_common/INTERNAL_MB.mcs_0/microblaze_I/MicroBlaze_Core_I/Area.Core/Data_Flow_I/Operand_Select_I/OpSelect_Bits[25].Operand_Select_Bit_I/Both_PC_and_MSR.Op1_LUT6/Using_FPGA.Native macro) is not included in the LUT equation: 'O6=(A1*A2*A4)+(A1*A2*(~A4)*(~A6))+(A1*(~A2)*A3*A4*A6)+(A1*(~A2)*(~A3)*A4)+(A1*(~A2)*(~A3)*(~A4)*(~A6))+((~A1)*A2*A3*A4)+((~A1)*A2*A3*(~A4)*(~A6))+((~A1)*A2*(~A3)*A4*A6)+((~A1)*(~A2)*A4*A6)'. If this cell is a user instantiated LUT in the design, please remove connectivity to the pin or change the equation and/or INIT string of the LUT to prevent this issue. If the cell is inferred or IP created LUT, please regenerate the IP and/or resynthesize the design to attempt to correct the issue.
Related violations: <none>

PDCN-1569#47 Warning
LUT equation term check  
Used physical LUT pin 'A5' of cell u_ibert_gth_core/inst/QUAD[0].u_q/u_common/INTERNAL_MB.mcs_0/microblaze_I/MicroBlaze_Core_I/Area.Core/Data_Flow_I/Operand_Select_I/OpSelect_Bits[26].Operand_Select_Bit_I/Both_PC_and_MSR.Op1_LUT6/Using_FPGA.Native/LUT5 (in u_ibert_gth_core/inst/QUAD[0].u_q/u_common/INTERNAL_MB.mcs_0/microblaze_I/MicroBlaze_Core_I/Area.Core/Data_Flow_I/Operand_Select_I/OpSelect_Bits[26].Operand_Select_Bit_I/Both_PC_and_MSR.Op1_LUT6/Using_FPGA.Native macro) is not included in the LUT equation: 'O5=(A1*A2)+(A1*(~A2)*(~A3))+((~A1)*A2*A3)'. If this cell is a user instantiated LUT in the design, please remove connectivity to the pin or change the equation and/or INIT string of the LUT to prevent this issue. If the cell is inferred or IP created LUT, please regenerate the IP and/or resynthesize the design to attempt to correct the issue.
Related violations: <none>

PDCN-1569#48 Warning
LUT equation term check  
Used physical LUT pin 'A5' of cell u_ibert_gth_core/inst/QUAD[0].u_q/u_common/INTERNAL_MB.mcs_0/microblaze_I/MicroBlaze_Core_I/Area.Core/Data_Flow_I/Operand_Select_I/OpSelect_Bits[26].Operand_Select_Bit_I/Both_PC_and_MSR.Op1_LUT6/Using_FPGA.Native/LUT6 (in u_ibert_gth_core/inst/QUAD[0].u_q/u_common/INTERNAL_MB.mcs_0/microblaze_I/MicroBlaze_Core_I/Area.Core/Data_Flow_I/Operand_Select_I/OpSelect_Bits[26].Operand_Select_Bit_I/Both_PC_and_MSR.Op1_LUT6/Using_FPGA.Native macro) is not included in the LUT equation: 'O6=(A1*A2*A4)+(A1*A2*(~A4)*(~A6))+(A1*(~A2)*A3*A4*A6)+(A1*(~A2)*(~A3)*A4)+(A1*(~A2)*(~A3)*(~A4)*(~A6))+((~A1)*A2*A3*A4)+((~A1)*A2*A3*(~A4)*(~A6))+((~A1)*A2*(~A3)*A4*A6)+((~A1)*(~A2)*A4*A6)'. If this cell is a user instantiated LUT in the design, please remove connectivity to the pin or change the equation and/or INIT string of the LUT to prevent this issue. If the cell is inferred or IP created LUT, please regenerate the IP and/or resynthesize the design to attempt to correct the issue.
Related violations: <none>

PDCN-1569#49 Warning
LUT equation term check  
Used physical LUT pin 'A5' of cell u_ibert_gth_core/inst/QUAD[0].u_q/u_common/INTERNAL_MB.mcs_0/microblaze_I/MicroBlaze_Core_I/Area.Core/Data_Flow_I/Operand_Select_I/OpSelect_Bits[27].Operand_Select_Bit_I/Both_PC_and_MSR.Op1_LUT6/Using_FPGA.Native/LUT5 (in u_ibert_gth_core/inst/QUAD[0].u_q/u_common/INTERNAL_MB.mcs_0/microblaze_I/MicroBlaze_Core_I/Area.Core/Data_Flow_I/Operand_Select_I/OpSelect_Bits[27].Operand_Select_Bit_I/Both_PC_and_MSR.Op1_LUT6/Using_FPGA.Native macro) is not included in the LUT equation: 'O5=(A1*A2)+(A1*(~A2)*(~A3))+((~A1)*A2*A3)'. If this cell is a user instantiated LUT in the design, please remove connectivity to the pin or change the equation and/or INIT string of the LUT to prevent this issue. If the cell is inferred or IP created LUT, please regenerate the IP and/or resynthesize the design to attempt to correct the issue.
Related violations: <none>

PDCN-1569#50 Warning
LUT equation term check  
Used physical LUT pin 'A5' of cell u_ibert_gth_core/inst/QUAD[0].u_q/u_common/INTERNAL_MB.mcs_0/microblaze_I/MicroBlaze_Core_I/Area.Core/Data_Flow_I/Operand_Select_I/OpSelect_Bits[27].Operand_Select_Bit_I/Both_PC_and_MSR.Op1_LUT6/Using_FPGA.Native/LUT6 (in u_ibert_gth_core/inst/QUAD[0].u_q/u_common/INTERNAL_MB.mcs_0/microblaze_I/MicroBlaze_Core_I/Area.Core/Data_Flow_I/Operand_Select_I/OpSelect_Bits[27].Operand_Select_Bit_I/Both_PC_and_MSR.Op1_LUT6/Using_FPGA.Native macro) is not included in the LUT equation: 'O6=(A1*A2*A4)+(A1*A2*(~A4)*(~A6))+(A1*(~A2)*A3*A4*A6)+(A1*(~A2)*(~A3)*A4)+(A1*(~A2)*(~A3)*(~A4)*(~A6))+((~A1)*A2*A3*A4)+((~A1)*A2*A3*(~A4)*(~A6))+((~A1)*A2*(~A3)*A4*A6)+((~A1)*(~A2)*A4*A6)'. If this cell is a user instantiated LUT in the design, please remove connectivity to the pin or change the equation and/or INIT string of the LUT to prevent this issue. If the cell is inferred or IP created LUT, please regenerate the IP and/or resynthesize the design to attempt to correct the issue.
Related violations: <none>

PDCN-1569#51 Warning
LUT equation term check  
Used physical LUT pin 'A5' of cell u_ibert_gth_core/inst/QUAD[0].u_q/u_common/INTERNAL_MB.mcs_0/microblaze_I/MicroBlaze_Core_I/Area.Core/Data_Flow_I/Operand_Select_I/OpSelect_Bits[28].Operand_Select_Bit_I/Both_PC_and_MSR.Op1_LUT6/Using_FPGA.Native/LUT5 (in u_ibert_gth_core/inst/QUAD[0].u_q/u_common/INTERNAL_MB.mcs_0/microblaze_I/MicroBlaze_Core_I/Area.Core/Data_Flow_I/Operand_Select_I/OpSelect_Bits[28].Operand_Select_Bit_I/Both_PC_and_MSR.Op1_LUT6/Using_FPGA.Native macro) is not included in the LUT equation: 'O5=(A1*A2)+(A1*(~A2)*(~A3))+((~A1)*A2*A3)'. If this cell is a user instantiated LUT in the design, please remove connectivity to the pin or change the equation and/or INIT string of the LUT to prevent this issue. If the cell is inferred or IP created LUT, please regenerate the IP and/or resynthesize the design to attempt to correct the issue.
Related violations: <none>

PDCN-1569#52 Warning
LUT equation term check  
Used physical LUT pin 'A5' of cell u_ibert_gth_core/inst/QUAD[0].u_q/u_common/INTERNAL_MB.mcs_0/microblaze_I/MicroBlaze_Core_I/Area.Core/Data_Flow_I/Operand_Select_I/OpSelect_Bits[28].Operand_Select_Bit_I/Both_PC_and_MSR.Op1_LUT6/Using_FPGA.Native/LUT6 (in u_ibert_gth_core/inst/QUAD[0].u_q/u_common/INTERNAL_MB.mcs_0/microblaze_I/MicroBlaze_Core_I/Area.Core/Data_Flow_I/Operand_Select_I/OpSelect_Bits[28].Operand_Select_Bit_I/Both_PC_and_MSR.Op1_LUT6/Using_FPGA.Native macro) is not included in the LUT equation: 'O6=(A1*A2*A4)+(A1*A2*(~A4)*(~A6))+(A1*(~A2)*A3*A4*A6)+(A1*(~A2)*(~A3)*A4)+(A1*(~A2)*(~A3)*(~A4)*(~A6))+((~A1)*A2*A3*A4)+((~A1)*A2*A3*(~A4)*(~A6))+((~A1)*A2*(~A3)*A4*A6)+((~A1)*(~A2)*A4*A6)'. If this cell is a user instantiated LUT in the design, please remove connectivity to the pin or change the equation and/or INIT string of the LUT to prevent this issue. If the cell is inferred or IP created LUT, please regenerate the IP and/or resynthesize the design to attempt to correct the issue.
Related violations: <none>

PDCN-1569#53 Warning
LUT equation term check  
Used physical LUT pin 'A5' of cell u_ibert_gth_core/inst/QUAD[0].u_q/u_common/INTERNAL_MB.mcs_0/microblaze_I/MicroBlaze_Core_I/Area.Core/Data_Flow_I/Operand_Select_I/OpSelect_Bits[29].Operand_Select_Bit_I/Both_PC_and_MSR.Op1_LUT6/Using_FPGA.Native/LUT5 (in u_ibert_gth_core/inst/QUAD[0].u_q/u_common/INTERNAL_MB.mcs_0/microblaze_I/MicroBlaze_Core_I/Area.Core/Data_Flow_I/Operand_Select_I/OpSelect_Bits[29].Operand_Select_Bit_I/Both_PC_and_MSR.Op1_LUT6/Using_FPGA.Native macro) is not included in the LUT equation: 'O5=(A1*A2)+(A1*(~A2)*(~A3))+((~A1)*A2*A3)'. If this cell is a user instantiated LUT in the design, please remove connectivity to the pin or change the equation and/or INIT string of the LUT to prevent this issue. If the cell is inferred or IP created LUT, please regenerate the IP and/or resynthesize the design to attempt to correct the issue.
Related violations: <none>

PDCN-1569#54 Warning
LUT equation term check  
Used physical LUT pin 'A5' of cell u_ibert_gth_core/inst/QUAD[0].u_q/u_common/INTERNAL_MB.mcs_0/microblaze_I/MicroBlaze_Core_I/Area.Core/Data_Flow_I/Operand_Select_I/OpSelect_Bits[29].Operand_Select_Bit_I/Both_PC_and_MSR.Op1_LUT6/Using_FPGA.Native/LUT6 (in u_ibert_gth_core/inst/QUAD[0].u_q/u_common/INTERNAL_MB.mcs_0/microblaze_I/MicroBlaze_Core_I/Area.Core/Data_Flow_I/Operand_Select_I/OpSelect_Bits[29].Operand_Select_Bit_I/Both_PC_and_MSR.Op1_LUT6/Using_FPGA.Native macro) is not included in the LUT equation: 'O6=(A1*A2*A4)+(A1*A2*(~A4)*(~A6))+(A1*(~A2)*A3*A4*A6)+(A1*(~A2)*(~A3)*A4)+(A1*(~A2)*(~A3)*(~A4)*(~A6))+((~A1)*A2*A3*A4)+((~A1)*A2*A3*(~A4)*(~A6))+((~A1)*A2*(~A3)*A4*A6)+((~A1)*(~A2)*A4*A6)'. If this cell is a user instantiated LUT in the design, please remove connectivity to the pin or change the equation and/or INIT string of the LUT to prevent this issue. If the cell is inferred or IP created LUT, please regenerate the IP and/or resynthesize the design to attempt to correct the issue.
Related violations: <none>

PDCN-1569#55 Warning
LUT equation term check  
Used physical LUT pin 'A5' of cell u_ibert_gth_core/inst/QUAD[0].u_q/u_common/INTERNAL_MB.mcs_0/microblaze_I/MicroBlaze_Core_I/Area.Core/Data_Flow_I/Operand_Select_I/OpSelect_Bits[2].Operand_Select_Bit_I/Only_PC.Op1_LUT6/Using_FPGA.Native/LUT5 (in u_ibert_gth_core/inst/QUAD[0].u_q/u_common/INTERNAL_MB.mcs_0/microblaze_I/MicroBlaze_Core_I/Area.Core/Data_Flow_I/Operand_Select_I/OpSelect_Bits[2].Operand_Select_Bit_I/Only_PC.Op1_LUT6/Using_FPGA.Native macro) is not included in the LUT equation: 'O5=(A1*A2)+(A1*(~A2)*(~A3))+((~A1)*A2*A3)'. If this cell is a user instantiated LUT in the design, please remove connectivity to the pin or change the equation and/or INIT string of the LUT to prevent this issue. If the cell is inferred or IP created LUT, please regenerate the IP and/or resynthesize the design to attempt to correct the issue.
Related violations: <none>

PDCN-1569#56 Warning
LUT equation term check  
Used physical LUT pin 'A5' of cell u_ibert_gth_core/inst/QUAD[0].u_q/u_common/INTERNAL_MB.mcs_0/microblaze_I/MicroBlaze_Core_I/Area.Core/Data_Flow_I/Operand_Select_I/OpSelect_Bits[2].Operand_Select_Bit_I/Only_PC.Op1_LUT6/Using_FPGA.Native/LUT6 (in u_ibert_gth_core/inst/QUAD[0].u_q/u_common/INTERNAL_MB.mcs_0/microblaze_I/MicroBlaze_Core_I/Area.Core/Data_Flow_I/Operand_Select_I/OpSelect_Bits[2].Operand_Select_Bit_I/Only_PC.Op1_LUT6/Using_FPGA.Native macro) is not included in the LUT equation: 'O6=(A1*A2*A4)+(A1*A2*(~A4)*(~A6))+(A1*(~A2)*A3*A4*A6)+(A1*(~A2)*(~A3)*A4)+(A1*(~A2)*(~A3)*(~A4)*(~A6))+((~A1)*A2*A3*A4)+((~A1)*A2*A3*(~A4)*(~A6))+((~A1)*A2*(~A3)*A4*A6)+((~A1)*(~A2)*A4*A6)'. If this cell is a user instantiated LUT in the design, please remove connectivity to the pin or change the equation and/or INIT string of the LUT to prevent this issue. If the cell is inferred or IP created LUT, please regenerate the IP and/or resynthesize the design to attempt to correct the issue.
Related violations: <none>

PDCN-1569#57 Warning
LUT equation term check  
Used physical LUT pin 'A5' of cell u_ibert_gth_core/inst/QUAD[0].u_q/u_common/INTERNAL_MB.mcs_0/microblaze_I/MicroBlaze_Core_I/Area.Core/Data_Flow_I/Operand_Select_I/OpSelect_Bits[30].Operand_Select_Bit_I/Both_PC_and_MSR.Op1_LUT6/Using_FPGA.Native/LUT5 (in u_ibert_gth_core/inst/QUAD[0].u_q/u_common/INTERNAL_MB.mcs_0/microblaze_I/MicroBlaze_Core_I/Area.Core/Data_Flow_I/Operand_Select_I/OpSelect_Bits[30].Operand_Select_Bit_I/Both_PC_and_MSR.Op1_LUT6/Using_FPGA.Native macro) is not included in the LUT equation: 'O5=(A1*A2)+(A1*(~A2)*(~A3))+((~A1)*A2*A3)'. If this cell is a user instantiated LUT in the design, please remove connectivity to the pin or change the equation and/or INIT string of the LUT to prevent this issue. If the cell is inferred or IP created LUT, please regenerate the IP and/or resynthesize the design to attempt to correct the issue.
Related violations: <none>

PDCN-1569#58 Warning
LUT equation term check  
Used physical LUT pin 'A5' of cell u_ibert_gth_core/inst/QUAD[0].u_q/u_common/INTERNAL_MB.mcs_0/microblaze_I/MicroBlaze_Core_I/Area.Core/Data_Flow_I/Operand_Select_I/OpSelect_Bits[30].Operand_Select_Bit_I/Both_PC_and_MSR.Op1_LUT6/Using_FPGA.Native/LUT6 (in u_ibert_gth_core/inst/QUAD[0].u_q/u_common/INTERNAL_MB.mcs_0/microblaze_I/MicroBlaze_Core_I/Area.Core/Data_Flow_I/Operand_Select_I/OpSelect_Bits[30].Operand_Select_Bit_I/Both_PC_and_MSR.Op1_LUT6/Using_FPGA.Native macro) is not included in the LUT equation: 'O6=(A1*A2*A4)+(A1*A2*(~A4)*(~A6))+(A1*(~A2)*A3*A4*A6)+(A1*(~A2)*(~A3)*A4)+(A1*(~A2)*(~A3)*(~A4)*(~A6))+((~A1)*A2*A3*A4)+((~A1)*A2*A3*(~A4)*(~A6))+((~A1)*A2*(~A3)*A4*A6)+((~A1)*(~A2)*A4*A6)'. If this cell is a user instantiated LUT in the design, please remove connectivity to the pin or change the equation and/or INIT string of the LUT to prevent this issue. If the cell is inferred or IP created LUT, please regenerate the IP and/or resynthesize the design to attempt to correct the issue.
Related violations: <none>

PDCN-1569#59 Warning
LUT equation term check  
Used physical LUT pin 'A5' of cell u_ibert_gth_core/inst/QUAD[0].u_q/u_common/INTERNAL_MB.mcs_0/microblaze_I/MicroBlaze_Core_I/Area.Core/Data_Flow_I/Operand_Select_I/OpSelect_Bits[31].Operand_Select_Bit_I/Both_PC_and_MSR.Op1_LUT6/Using_FPGA.Native/LUT5 (in u_ibert_gth_core/inst/QUAD[0].u_q/u_common/INTERNAL_MB.mcs_0/microblaze_I/MicroBlaze_Core_I/Area.Core/Data_Flow_I/Operand_Select_I/OpSelect_Bits[31].Operand_Select_Bit_I/Both_PC_and_MSR.Op1_LUT6/Using_FPGA.Native macro) is not included in the LUT equation: 'O5=(A1*A2)+(A1*(~A2)*(~A3))+((~A1)*A2*A3)'. If this cell is a user instantiated LUT in the design, please remove connectivity to the pin or change the equation and/or INIT string of the LUT to prevent this issue. If the cell is inferred or IP created LUT, please regenerate the IP and/or resynthesize the design to attempt to correct the issue.
Related violations: <none>

PDCN-1569#60 Warning
LUT equation term check  
Used physical LUT pin 'A5' of cell u_ibert_gth_core/inst/QUAD[0].u_q/u_common/INTERNAL_MB.mcs_0/microblaze_I/MicroBlaze_Core_I/Area.Core/Data_Flow_I/Operand_Select_I/OpSelect_Bits[31].Operand_Select_Bit_I/Both_PC_and_MSR.Op1_LUT6/Using_FPGA.Native/LUT6 (in u_ibert_gth_core/inst/QUAD[0].u_q/u_common/INTERNAL_MB.mcs_0/microblaze_I/MicroBlaze_Core_I/Area.Core/Data_Flow_I/Operand_Select_I/OpSelect_Bits[31].Operand_Select_Bit_I/Both_PC_and_MSR.Op1_LUT6/Using_FPGA.Native macro) is not included in the LUT equation: 'O6=(A1*A2*A4)+(A1*A2*(~A4)*(~A6))+(A1*(~A2)*A3*A4*A6)+(A1*(~A2)*(~A3)*A4)+(A1*(~A2)*(~A3)*(~A4)*(~A6))+((~A1)*A2*A3*A4)+((~A1)*A2*A3*(~A4)*(~A6))+((~A1)*A2*(~A3)*A4*A6)+((~A1)*(~A2)*A4*A6)'. If this cell is a user instantiated LUT in the design, please remove connectivity to the pin or change the equation and/or INIT string of the LUT to prevent this issue. If the cell is inferred or IP created LUT, please regenerate the IP and/or resynthesize the design to attempt to correct the issue.
Related violations: <none>

PDCN-1569#61 Warning
LUT equation term check  
Used physical LUT pin 'A5' of cell u_ibert_gth_core/inst/QUAD[0].u_q/u_common/INTERNAL_MB.mcs_0/microblaze_I/MicroBlaze_Core_I/Area.Core/Data_Flow_I/Operand_Select_I/OpSelect_Bits[3].Operand_Select_Bit_I/Only_PC.Op1_LUT6/Using_FPGA.Native/LUT5 (in u_ibert_gth_core/inst/QUAD[0].u_q/u_common/INTERNAL_MB.mcs_0/microblaze_I/MicroBlaze_Core_I/Area.Core/Data_Flow_I/Operand_Select_I/OpSelect_Bits[3].Operand_Select_Bit_I/Only_PC.Op1_LUT6/Using_FPGA.Native macro) is not included in the LUT equation: 'O5=(A1*A2)+(A1*(~A2)*(~A3))+((~A1)*A2*A3)'. If this cell is a user instantiated LUT in the design, please remove connectivity to the pin or change the equation and/or INIT string of the LUT to prevent this issue. If the cell is inferred or IP created LUT, please regenerate the IP and/or resynthesize the design to attempt to correct the issue.
Related violations: <none>

PDCN-1569#62 Warning
LUT equation term check  
Used physical LUT pin 'A5' of cell u_ibert_gth_core/inst/QUAD[0].u_q/u_common/INTERNAL_MB.mcs_0/microblaze_I/MicroBlaze_Core_I/Area.Core/Data_Flow_I/Operand_Select_I/OpSelect_Bits[3].Operand_Select_Bit_I/Only_PC.Op1_LUT6/Using_FPGA.Native/LUT6 (in u_ibert_gth_core/inst/QUAD[0].u_q/u_common/INTERNAL_MB.mcs_0/microblaze_I/MicroBlaze_Core_I/Area.Core/Data_Flow_I/Operand_Select_I/OpSelect_Bits[3].Operand_Select_Bit_I/Only_PC.Op1_LUT6/Using_FPGA.Native macro) is not included in the LUT equation: 'O6=(A1*A2*A4)+(A1*A2*(~A4)*(~A6))+(A1*(~A2)*A3*A4*A6)+(A1*(~A2)*(~A3)*A4)+(A1*(~A2)*(~A3)*(~A4)*(~A6))+((~A1)*A2*A3*A4)+((~A1)*A2*A3*(~A4)*(~A6))+((~A1)*A2*(~A3)*A4*A6)+((~A1)*(~A2)*A4*A6)'. If this cell is a user instantiated LUT in the design, please remove connectivity to the pin or change the equation and/or INIT string of the LUT to prevent this issue. If the cell is inferred or IP created LUT, please regenerate the IP and/or resynthesize the design to attempt to correct the issue.
Related violations: <none>

PDCN-1569#63 Warning
LUT equation term check  
Used physical LUT pin 'A5' of cell u_ibert_gth_core/inst/QUAD[0].u_q/u_common/INTERNAL_MB.mcs_0/microblaze_I/MicroBlaze_Core_I/Area.Core/Data_Flow_I/Operand_Select_I/OpSelect_Bits[4].Operand_Select_Bit_I/Only_PC.Op1_LUT6/Using_FPGA.Native/LUT5 (in u_ibert_gth_core/inst/QUAD[0].u_q/u_common/INTERNAL_MB.mcs_0/microblaze_I/MicroBlaze_Core_I/Area.Core/Data_Flow_I/Operand_Select_I/OpSelect_Bits[4].Operand_Select_Bit_I/Only_PC.Op1_LUT6/Using_FPGA.Native macro) is not included in the LUT equation: 'O5=(A1*A2)+(A1*(~A2)*(~A3))+((~A1)*A2*A3)'. If this cell is a user instantiated LUT in the design, please remove connectivity to the pin or change the equation and/or INIT string of the LUT to prevent this issue. If the cell is inferred or IP created LUT, please regenerate the IP and/or resynthesize the design to attempt to correct the issue.
Related violations: <none>

PDCN-1569#64 Warning
LUT equation term check  
Used physical LUT pin 'A5' of cell u_ibert_gth_core/inst/QUAD[0].u_q/u_common/INTERNAL_MB.mcs_0/microblaze_I/MicroBlaze_Core_I/Area.Core/Data_Flow_I/Operand_Select_I/OpSelect_Bits[4].Operand_Select_Bit_I/Only_PC.Op1_LUT6/Using_FPGA.Native/LUT6 (in u_ibert_gth_core/inst/QUAD[0].u_q/u_common/INTERNAL_MB.mcs_0/microblaze_I/MicroBlaze_Core_I/Area.Core/Data_Flow_I/Operand_Select_I/OpSelect_Bits[4].Operand_Select_Bit_I/Only_PC.Op1_LUT6/Using_FPGA.Native macro) is not included in the LUT equation: 'O6=(A1*A2*A4)+(A1*A2*(~A4)*(~A6))+(A1*(~A2)*A3*A4*A6)+(A1*(~A2)*(~A3)*A4)+(A1*(~A2)*(~A3)*(~A4)*(~A6))+((~A1)*A2*A3*A4)+((~A1)*A2*A3*(~A4)*(~A6))+((~A1)*A2*(~A3)*A4*A6)+((~A1)*(~A2)*A4*A6)'. If this cell is a user instantiated LUT in the design, please remove connectivity to the pin or change the equation and/or INIT string of the LUT to prevent this issue. If the cell is inferred or IP created LUT, please regenerate the IP and/or resynthesize the design to attempt to correct the issue.
Related violations: <none>

PDCN-1569#65 Warning
LUT equation term check  
Used physical LUT pin 'A5' of cell u_ibert_gth_core/inst/QUAD[0].u_q/u_common/INTERNAL_MB.mcs_0/microblaze_I/MicroBlaze_Core_I/Area.Core/Data_Flow_I/Operand_Select_I/OpSelect_Bits[5].Operand_Select_Bit_I/Only_PC.Op1_LUT6/Using_FPGA.Native/LUT5 (in u_ibert_gth_core/inst/QUAD[0].u_q/u_common/INTERNAL_MB.mcs_0/microblaze_I/MicroBlaze_Core_I/Area.Core/Data_Flow_I/Operand_Select_I/OpSelect_Bits[5].Operand_Select_Bit_I/Only_PC.Op1_LUT6/Using_FPGA.Native macro) is not included in the LUT equation: 'O5=(A1*A2)+(A1*(~A2)*(~A3))+((~A1)*A2*A3)'. If this cell is a user instantiated LUT in the design, please remove connectivity to the pin or change the equation and/or INIT string of the LUT to prevent this issue. If the cell is inferred or IP created LUT, please regenerate the IP and/or resynthesize the design to attempt to correct the issue.
Related violations: <none>

PDCN-1569#66 Warning
LUT equation term check  
Used physical LUT pin 'A5' of cell u_ibert_gth_core/inst/QUAD[0].u_q/u_common/INTERNAL_MB.mcs_0/microblaze_I/MicroBlaze_Core_I/Area.Core/Data_Flow_I/Operand_Select_I/OpSelect_Bits[5].Operand_Select_Bit_I/Only_PC.Op1_LUT6/Using_FPGA.Native/LUT6 (in u_ibert_gth_core/inst/QUAD[0].u_q/u_common/INTERNAL_MB.mcs_0/microblaze_I/MicroBlaze_Core_I/Area.Core/Data_Flow_I/Operand_Select_I/OpSelect_Bits[5].Operand_Select_Bit_I/Only_PC.Op1_LUT6/Using_FPGA.Native macro) is not included in the LUT equation: 'O6=(A1*A2*A4)+(A1*A2*(~A4)*(~A6))+(A1*(~A2)*A3*A4*A6)+(A1*(~A2)*(~A3)*A4)+(A1*(~A2)*(~A3)*(~A4)*(~A6))+((~A1)*A2*A3*A4)+((~A1)*A2*A3*(~A4)*(~A6))+((~A1)*A2*(~A3)*A4*A6)+((~A1)*(~A2)*A4*A6)'. If this cell is a user instantiated LUT in the design, please remove connectivity to the pin or change the equation and/or INIT string of the LUT to prevent this issue. If the cell is inferred or IP created LUT, please regenerate the IP and/or resynthesize the design to attempt to correct the issue.
Related violations: <none>

PDCN-1569#67 Warning
LUT equation term check  
Used physical LUT pin 'A5' of cell u_ibert_gth_core/inst/QUAD[0].u_q/u_common/INTERNAL_MB.mcs_0/microblaze_I/MicroBlaze_Core_I/Area.Core/Data_Flow_I/Operand_Select_I/OpSelect_Bits[6].Operand_Select_Bit_I/Only_PC.Op1_LUT6/Using_FPGA.Native/LUT5 (in u_ibert_gth_core/inst/QUAD[0].u_q/u_common/INTERNAL_MB.mcs_0/microblaze_I/MicroBlaze_Core_I/Area.Core/Data_Flow_I/Operand_Select_I/OpSelect_Bits[6].Operand_Select_Bit_I/Only_PC.Op1_LUT6/Using_FPGA.Native macro) is not included in the LUT equation: 'O5=(A1*A2)+(A1*(~A2)*(~A3))+((~A1)*A2*A3)'. If this cell is a user instantiated LUT in the design, please remove connectivity to the pin or change the equation and/or INIT string of the LUT to prevent this issue. If the cell is inferred or IP created LUT, please regenerate the IP and/or resynthesize the design to attempt to correct the issue.
Related violations: <none>

PDCN-1569#68 Warning
LUT equation term check  
Used physical LUT pin 'A5' of cell u_ibert_gth_core/inst/QUAD[0].u_q/u_common/INTERNAL_MB.mcs_0/microblaze_I/MicroBlaze_Core_I/Area.Core/Data_Flow_I/Operand_Select_I/OpSelect_Bits[6].Operand_Select_Bit_I/Only_PC.Op1_LUT6/Using_FPGA.Native/LUT6 (in u_ibert_gth_core/inst/QUAD[0].u_q/u_common/INTERNAL_MB.mcs_0/microblaze_I/MicroBlaze_Core_I/Area.Core/Data_Flow_I/Operand_Select_I/OpSelect_Bits[6].Operand_Select_Bit_I/Only_PC.Op1_LUT6/Using_FPGA.Native macro) is not included in the LUT equation: 'O6=(A1*A2*A4)+(A1*A2*(~A4)*(~A6))+(A1*(~A2)*A3*A4*A6)+(A1*(~A2)*(~A3)*A4)+(A1*(~A2)*(~A3)*(~A4)*(~A6))+((~A1)*A2*A3*A4)+((~A1)*A2*A3*(~A4)*(~A6))+((~A1)*A2*(~A3)*A4*A6)+((~A1)*(~A2)*A4*A6)'. If this cell is a user instantiated LUT in the design, please remove connectivity to the pin or change the equation and/or INIT string of the LUT to prevent this issue. If the cell is inferred or IP created LUT, please regenerate the IP and/or resynthesize the design to attempt to correct the issue.
Related violations: <none>

PDCN-1569#69 Warning
LUT equation term check  
Used physical LUT pin 'A5' of cell u_ibert_gth_core/inst/QUAD[0].u_q/u_common/INTERNAL_MB.mcs_0/microblaze_I/MicroBlaze_Core_I/Area.Core/Data_Flow_I/Operand_Select_I/OpSelect_Bits[7].Operand_Select_Bit_I/Only_PC.Op1_LUT6/Using_FPGA.Native/LUT5 (in u_ibert_gth_core/inst/QUAD[0].u_q/u_common/INTERNAL_MB.mcs_0/microblaze_I/MicroBlaze_Core_I/Area.Core/Data_Flow_I/Operand_Select_I/OpSelect_Bits[7].Operand_Select_Bit_I/Only_PC.Op1_LUT6/Using_FPGA.Native macro) is not included in the LUT equation: 'O5=(A1*A2)+(A1*(~A2)*(~A3))+((~A1)*A2*A3)'. If this cell is a user instantiated LUT in the design, please remove connectivity to the pin or change the equation and/or INIT string of the LUT to prevent this issue. If the cell is inferred or IP created LUT, please regenerate the IP and/or resynthesize the design to attempt to correct the issue.
Related violations: <none>

PDCN-1569#70 Warning
LUT equation term check  
Used physical LUT pin 'A5' of cell u_ibert_gth_core/inst/QUAD[0].u_q/u_common/INTERNAL_MB.mcs_0/microblaze_I/MicroBlaze_Core_I/Area.Core/Data_Flow_I/Operand_Select_I/OpSelect_Bits[7].Operand_Select_Bit_I/Only_PC.Op1_LUT6/Using_FPGA.Native/LUT6 (in u_ibert_gth_core/inst/QUAD[0].u_q/u_common/INTERNAL_MB.mcs_0/microblaze_I/MicroBlaze_Core_I/Area.Core/Data_Flow_I/Operand_Select_I/OpSelect_Bits[7].Operand_Select_Bit_I/Only_PC.Op1_LUT6/Using_FPGA.Native macro) is not included in the LUT equation: 'O6=(A1*A2*A4)+(A1*A2*(~A4)*(~A6))+(A1*(~A2)*A3*A4*A6)+(A1*(~A2)*(~A3)*A4)+(A1*(~A2)*(~A3)*(~A4)*(~A6))+((~A1)*A2*A3*A4)+((~A1)*A2*A3*(~A4)*(~A6))+((~A1)*A2*(~A3)*A4*A6)+((~A1)*(~A2)*A4*A6)'. If this cell is a user instantiated LUT in the design, please remove connectivity to the pin or change the equation and/or INIT string of the LUT to prevent this issue. If the cell is inferred or IP created LUT, please regenerate the IP and/or resynthesize the design to attempt to correct the issue.
Related violations: <none>

PDCN-1569#71 Warning
LUT equation term check  
Used physical LUT pin 'A5' of cell u_ibert_gth_core/inst/QUAD[0].u_q/u_common/INTERNAL_MB.mcs_0/microblaze_I/MicroBlaze_Core_I/Area.Core/Data_Flow_I/Operand_Select_I/OpSelect_Bits[8].Operand_Select_Bit_I/Only_PC.Op1_LUT6/Using_FPGA.Native/LUT5 (in u_ibert_gth_core/inst/QUAD[0].u_q/u_common/INTERNAL_MB.mcs_0/microblaze_I/MicroBlaze_Core_I/Area.Core/Data_Flow_I/Operand_Select_I/OpSelect_Bits[8].Operand_Select_Bit_I/Only_PC.Op1_LUT6/Using_FPGA.Native macro) is not included in the LUT equation: 'O5=(A1*A2)+(A1*(~A2)*(~A3))+((~A1)*A2*A3)'. If this cell is a user instantiated LUT in the design, please remove connectivity to the pin or change the equation and/or INIT string of the LUT to prevent this issue. If the cell is inferred or IP created LUT, please regenerate the IP and/or resynthesize the design to attempt to correct the issue.
Related violations: <none>

PDCN-1569#72 Warning
LUT equation term check  
Used physical LUT pin 'A5' of cell u_ibert_gth_core/inst/QUAD[0].u_q/u_common/INTERNAL_MB.mcs_0/microblaze_I/MicroBlaze_Core_I/Area.Core/Data_Flow_I/Operand_Select_I/OpSelect_Bits[8].Operand_Select_Bit_I/Only_PC.Op1_LUT6/Using_FPGA.Native/LUT6 (in u_ibert_gth_core/inst/QUAD[0].u_q/u_common/INTERNAL_MB.mcs_0/microblaze_I/MicroBlaze_Core_I/Area.Core/Data_Flow_I/Operand_Select_I/OpSelect_Bits[8].Operand_Select_Bit_I/Only_PC.Op1_LUT6/Using_FPGA.Native macro) is not included in the LUT equation: 'O6=(A1*A2*A4)+(A1*A2*(~A4)*(~A6))+(A1*(~A2)*A3*A4*A6)+(A1*(~A2)*(~A3)*A4)+(A1*(~A2)*(~A3)*(~A4)*(~A6))+((~A1)*A2*A3*A4)+((~A1)*A2*A3*(~A4)*(~A6))+((~A1)*A2*(~A3)*A4*A6)+((~A1)*(~A2)*A4*A6)'. If this cell is a user instantiated LUT in the design, please remove connectivity to the pin or change the equation and/or INIT string of the LUT to prevent this issue. If the cell is inferred or IP created LUT, please regenerate the IP and/or resynthesize the design to attempt to correct the issue.
Related violations: <none>

PDCN-1569#73 Warning
LUT equation term check  
Used physical LUT pin 'A5' of cell u_ibert_gth_core/inst/QUAD[0].u_q/u_common/INTERNAL_MB.mcs_0/microblaze_I/MicroBlaze_Core_I/Area.Core/Data_Flow_I/Operand_Select_I/OpSelect_Bits[9].Operand_Select_Bit_I/Only_PC.Op1_LUT6/Using_FPGA.Native/LUT5 (in u_ibert_gth_core/inst/QUAD[0].u_q/u_common/INTERNAL_MB.mcs_0/microblaze_I/MicroBlaze_Core_I/Area.Core/Data_Flow_I/Operand_Select_I/OpSelect_Bits[9].Operand_Select_Bit_I/Only_PC.Op1_LUT6/Using_FPGA.Native macro) is not included in the LUT equation: 'O5=(A1*A2)+(A1*(~A2)*(~A3))+((~A1)*A2*A3)'. If this cell is a user instantiated LUT in the design, please remove connectivity to the pin or change the equation and/or INIT string of the LUT to prevent this issue. If the cell is inferred or IP created LUT, please regenerate the IP and/or resynthesize the design to attempt to correct the issue.
Related violations: <none>

PDCN-1569#74 Warning
LUT equation term check  
Used physical LUT pin 'A5' of cell u_ibert_gth_core/inst/QUAD[0].u_q/u_common/INTERNAL_MB.mcs_0/microblaze_I/MicroBlaze_Core_I/Area.Core/Data_Flow_I/Operand_Select_I/OpSelect_Bits[9].Operand_Select_Bit_I/Only_PC.Op1_LUT6/Using_FPGA.Native/LUT6 (in u_ibert_gth_core/inst/QUAD[0].u_q/u_common/INTERNAL_MB.mcs_0/microblaze_I/MicroBlaze_Core_I/Area.Core/Data_Flow_I/Operand_Select_I/OpSelect_Bits[9].Operand_Select_Bit_I/Only_PC.Op1_LUT6/Using_FPGA.Native macro) is not included in the LUT equation: 'O6=(A1*A2*A4)+(A1*A2*(~A4)*(~A6))+(A1*(~A2)*A3*A4*A6)+(A1*(~A2)*(~A3)*A4)+(A1*(~A2)*(~A3)*(~A4)*(~A6))+((~A1)*A2*A3*A4)+((~A1)*A2*A3*(~A4)*(~A6))+((~A1)*A2*(~A3)*A4*A6)+((~A1)*(~A2)*A4*A6)'. If this cell is a user instantiated LUT in the design, please remove connectivity to the pin or change the equation and/or INIT string of the LUT to prevent this issue. If the cell is inferred or IP created LUT, please regenerate the IP and/or resynthesize the design to attempt to correct the issue.
Related violations: <none>

RTSTAT-10#1 Warning
No routable loads  
23 net(s) have no routable loads. The problem bus(es) and/or net(s) are dbg_hub/inst/BSCANID.u_xsdbm_id/CORE_XSDB.UUT_MASTER/U_ICON_INTERFACE/U_CMD6_RD/U_RD_FIFO/SUBCORE_FIFO.xsdbm_v3_0_0_rdfifo_inst/inst_fifo_gen/gconvfifo.rf/grf.rf/gntv_or_sync_fifo.gl0.rd/gr1.gr1_int.rfwft/aempty_fwft_i, dbg_hub/inst/BSCANID.u_xsdbm_id/CORE_XSDB.UUT_MASTER/U_ICON_INTERFACE/U_CMD7_CTL/ctl_reg[2:0], dbg_hub/inst/BSCANID.u_xsdbm_id/CORE_XSDB.UUT_MASTER/U_ICON_INTERFACE/U_CMD7_CTL/ctl_reg_en_2[1], dbg_hub/inst/BSCANID.u_xsdbm_id/CORE_XSDB.UUT_MASTER/U_ICON_INTERFACE/U_CMD1/ctl_reg_en_2[1], dbg_hub/inst/BSCANID.u_xsdbm_id/SWITCH_N_EXT_BSCAN.bscan_switch/m_bscan_capture[0], dbg_hub/inst/BSCANID.u_xsdbm_id/SWITCH_N_EXT_BSCAN.bscan_switch/m_bscan_drck[0], dbg_hub/inst/BSCANID.u_xsdbm_id/SWITCH_N_EXT_BSCAN.bscan_switch/m_bscan_runtest[0], dbg_hub/inst/BSCANID.u_xsdbm_id/CORE_XSDB.UUT_MASTER/U_ICON_INTERFACE/U_CMD6_RD/U_RD_FIFO/SUBCORE_FIFO.xsdbm_v3_0_0_rdfifo_inst/inst_fifo_gen/gconvfifo.rf/grf.rf/gntv_or_sync_fifo.gl0.rd/gras.rsts/ram_empty_i, u_ibert_gth_core/inst/QUAD[0].u_q/CH[0].u_ch/U_DMON_LUTRAM_FIFO/lutram_fifo_inst/inst_fifo_gen/gconvfifo.rf/grf.rf/gntv_or_sync_fifo.gl0.wr/gwas.wsts/ram_full_i, u_ibert_gth_core/inst/QUAD[0].u_q/CH[2].u_ch/U_DMON_LUTRAM_FIFO/lutram_fifo_inst/inst_fifo_gen/gconvfifo.rf/grf.rf/gntv_or_sync_fifo.gl0.wr/gwas.wsts/ram_full_i, u_ibert_gth_core/inst/QUAD[0].u_q/CH[1].u_ch/U_DMON_LUTRAM_FIFO/lutram_fifo_inst/inst_fifo_gen/gconvfifo.rf/grf.rf/gntv_or_sync_fifo.gl0.wr/gwas.wsts/ram_full_i, u_ibert_gth_core/inst/QUAD[0].u_q/CH[3].u_ch/U_DMON_LUTRAM_FIFO/lutram_fifo_inst/inst_fifo_gen/gconvfifo.rf/grf.rf/gntv_or_sync_fifo.gl0.wr/gwas.wsts/ram_full_i, dbg_hub/inst/BSCANID.u_xsdbm_id/CORE_XSDB.UUT_MASTER/U_ICON_INTERFACE/U_CMD6_WR/U_WR_FIFO/SUBCORE_FIFO.xsdbm_v3_0_0_wrfifo_inst/inst_fifo_gen/gconvfifo.rf/grf.rf/gntv_or_sync_fifo.gl0.wr/gwas.wsts/ram_full_i, dbg_hub/inst/BSCANID.u_xsdbm_id/CORE_XSDB.UUT_MASTER/U_ICON_INTERFACE/U_CMD6_WR/U_WR_FIFO/SUBCORE_FIFO.xsdbm_v3_0_0_wrfifo_inst/inst_fifo_gen/gconvfifo.rf/grf.rf/rstblk/rd_rst_reg[0], dbg_hub/inst/BSCANID.u_xsdbm_id/SWITCH_N_EXT_BSCAN.bscan_inst/s_bscan_tms (the first 15 of 21 listed).
Related violations: <none>

AVAL-155#1 Advisory
enum_AMULTSEL_BMULTSEL_enum_DREG_ADREG_0_connects_CED_CEAD_RSTD_GND  
u_ibert_gth_core/inst/QUAD[0].u_q/CH[0].u_ch/U_PATTERN_HANDLER/bit_err_counter/u_accum_inst/i_synth/i_baseip.i_xbip_accum/dsp48_implementation.use_usecase.i_xbip_dsp48_acc/i_synth_option.i_synth_model/opt_vx5.i_uniwrap/i_primitive: DSP48E2 is not using the D port (AMULTSEL = A and BMULTSEL = B). For improved power characteristics, set DREG and ADREG to '1', tie CED, CEAD, and RSTD to logic '0'.
Related violations: <none>

AVAL-155#2 Advisory
enum_AMULTSEL_BMULTSEL_enum_DREG_ADREG_0_connects_CED_CEAD_RSTD_GND  
u_ibert_gth_core/inst/QUAD[0].u_q/CH[0].u_ch/U_PATTERN_HANDLER/rx_word_counter/u_accum_inst/i_synth/i_baseip.i_xbip_accum/dsp48_implementation.use_usecase.i_xbip_dsp48_acc/i_synth_option.i_synth_model/opt_vx5.i_uniwrap/i_primitive: DSP48E2 is not using the D port (AMULTSEL = A and BMULTSEL = B). For improved power characteristics, set DREG and ADREG to '1', tie CED, CEAD, and RSTD to logic '0'.
Related violations: <none>

AVAL-155#3 Advisory
enum_AMULTSEL_BMULTSEL_enum_DREG_ADREG_0_connects_CED_CEAD_RSTD_GND  
u_ibert_gth_core/inst/QUAD[0].u_q/CH[1].u_ch/U_PATTERN_HANDLER/bit_err_counter/u_accum_inst/i_synth/i_baseip.i_xbip_accum/dsp48_implementation.use_usecase.i_xbip_dsp48_acc/i_synth_option.i_synth_model/opt_vx5.i_uniwrap/i_primitive: DSP48E2 is not using the D port (AMULTSEL = A and BMULTSEL = B). For improved power characteristics, set DREG and ADREG to '1', tie CED, CEAD, and RSTD to logic '0'.
Related violations: <none>

AVAL-155#4 Advisory
enum_AMULTSEL_BMULTSEL_enum_DREG_ADREG_0_connects_CED_CEAD_RSTD_GND  
u_ibert_gth_core/inst/QUAD[0].u_q/CH[1].u_ch/U_PATTERN_HANDLER/rx_word_counter/u_accum_inst/i_synth/i_baseip.i_xbip_accum/dsp48_implementation.use_usecase.i_xbip_dsp48_acc/i_synth_option.i_synth_model/opt_vx5.i_uniwrap/i_primitive: DSP48E2 is not using the D port (AMULTSEL = A and BMULTSEL = B). For improved power characteristics, set DREG and ADREG to '1', tie CED, CEAD, and RSTD to logic '0'.
Related violations: <none>

AVAL-155#5 Advisory
enum_AMULTSEL_BMULTSEL_enum_DREG_ADREG_0_connects_CED_CEAD_RSTD_GND  
u_ibert_gth_core/inst/QUAD[0].u_q/CH[2].u_ch/U_PATTERN_HANDLER/bit_err_counter/u_accum_inst/i_synth/i_baseip.i_xbip_accum/dsp48_implementation.use_usecase.i_xbip_dsp48_acc/i_synth_option.i_synth_model/opt_vx5.i_uniwrap/i_primitive: DSP48E2 is not using the D port (AMULTSEL = A and BMULTSEL = B). For improved power characteristics, set DREG and ADREG to '1', tie CED, CEAD, and RSTD to logic '0'.
Related violations: <none>

AVAL-155#6 Advisory
enum_AMULTSEL_BMULTSEL_enum_DREG_ADREG_0_connects_CED_CEAD_RSTD_GND  
u_ibert_gth_core/inst/QUAD[0].u_q/CH[2].u_ch/U_PATTERN_HANDLER/rx_word_counter/u_accum_inst/i_synth/i_baseip.i_xbip_accum/dsp48_implementation.use_usecase.i_xbip_dsp48_acc/i_synth_option.i_synth_model/opt_vx5.i_uniwrap/i_primitive: DSP48E2 is not using the D port (AMULTSEL = A and BMULTSEL = B). For improved power characteristics, set DREG and ADREG to '1', tie CED, CEAD, and RSTD to logic '0'.
Related violations: <none>

AVAL-155#7 Advisory
enum_AMULTSEL_BMULTSEL_enum_DREG_ADREG_0_connects_CED_CEAD_RSTD_GND  
u_ibert_gth_core/inst/QUAD[0].u_q/CH[3].u_ch/U_PATTERN_HANDLER/bit_err_counter/u_accum_inst/i_synth/i_baseip.i_xbip_accum/dsp48_implementation.use_usecase.i_xbip_dsp48_acc/i_synth_option.i_synth_model/opt_vx5.i_uniwrap/i_primitive: DSP48E2 is not using the D port (AMULTSEL = A and BMULTSEL = B). For improved power characteristics, set DREG and ADREG to '1', tie CED, CEAD, and RSTD to logic '0'.
Related violations: <none>

AVAL-155#8 Advisory
enum_AMULTSEL_BMULTSEL_enum_DREG_ADREG_0_connects_CED_CEAD_RSTD_GND  
u_ibert_gth_core/inst/QUAD[0].u_q/CH[3].u_ch/U_PATTERN_HANDLER/rx_word_counter/u_accum_inst/i_synth/i_baseip.i_xbip_accum/dsp48_implementation.use_usecase.i_xbip_dsp48_acc/i_synth_option.i_synth_model/opt_vx5.i_uniwrap/i_primitive: DSP48E2 is not using the D port (AMULTSEL = A and BMULTSEL = B). For improved power characteristics, set DREG and ADREG to '1', tie CED, CEAD, and RSTD to logic '0'.
Related violations: <none>

AVAL-156#1 Advisory
enum_USE_MULT_NONE__enum_DREG_ADREG_0_connects_CED_CEAD_RSTD_GND  
u_ibert_gth_core/inst/QUAD[0].u_q/CH[0].u_ch/U_PATTERN_HANDLER/bit_err_counter/u_accum_inst/i_synth/i_baseip.i_xbip_accum/dsp48_implementation.use_usecase.i_xbip_dsp48_acc/i_synth_option.i_synth_model/opt_vx5.i_uniwrap/i_primitive: DSP48E2 is not using the Multiplier (USE_MULT = NONE). For improved power characteristics, set DREG and ADREG to '1', tie CED, CEAD, and RSTD to logic '0'.
Related violations: <none>

AVAL-156#2 Advisory
enum_USE_MULT_NONE__enum_DREG_ADREG_0_connects_CED_CEAD_RSTD_GND  
u_ibert_gth_core/inst/QUAD[0].u_q/CH[0].u_ch/U_PATTERN_HANDLER/rx_word_counter/u_accum_inst/i_synth/i_baseip.i_xbip_accum/dsp48_implementation.use_usecase.i_xbip_dsp48_acc/i_synth_option.i_synth_model/opt_vx5.i_uniwrap/i_primitive: DSP48E2 is not using the Multiplier (USE_MULT = NONE). For improved power characteristics, set DREG and ADREG to '1', tie CED, CEAD, and RSTD to logic '0'.
Related violations: <none>

AVAL-156#3 Advisory
enum_USE_MULT_NONE__enum_DREG_ADREG_0_connects_CED_CEAD_RSTD_GND  
u_ibert_gth_core/inst/QUAD[0].u_q/CH[1].u_ch/U_PATTERN_HANDLER/bit_err_counter/u_accum_inst/i_synth/i_baseip.i_xbip_accum/dsp48_implementation.use_usecase.i_xbip_dsp48_acc/i_synth_option.i_synth_model/opt_vx5.i_uniwrap/i_primitive: DSP48E2 is not using the Multiplier (USE_MULT = NONE). For improved power characteristics, set DREG and ADREG to '1', tie CED, CEAD, and RSTD to logic '0'.
Related violations: <none>

AVAL-156#4 Advisory
enum_USE_MULT_NONE__enum_DREG_ADREG_0_connects_CED_CEAD_RSTD_GND  
u_ibert_gth_core/inst/QUAD[0].u_q/CH[1].u_ch/U_PATTERN_HANDLER/rx_word_counter/u_accum_inst/i_synth/i_baseip.i_xbip_accum/dsp48_implementation.use_usecase.i_xbip_dsp48_acc/i_synth_option.i_synth_model/opt_vx5.i_uniwrap/i_primitive: DSP48E2 is not using the Multiplier (USE_MULT = NONE). For improved power characteristics, set DREG and ADREG to '1', tie CED, CEAD, and RSTD to logic '0'.
Related violations: <none>

AVAL-156#5 Advisory
enum_USE_MULT_NONE__enum_DREG_ADREG_0_connects_CED_CEAD_RSTD_GND  
u_ibert_gth_core/inst/QUAD[0].u_q/CH[2].u_ch/U_PATTERN_HANDLER/bit_err_counter/u_accum_inst/i_synth/i_baseip.i_xbip_accum/dsp48_implementation.use_usecase.i_xbip_dsp48_acc/i_synth_option.i_synth_model/opt_vx5.i_uniwrap/i_primitive: DSP48E2 is not using the Multiplier (USE_MULT = NONE). For improved power characteristics, set DREG and ADREG to '1', tie CED, CEAD, and RSTD to logic '0'.
Related violations: <none>

AVAL-156#6 Advisory
enum_USE_MULT_NONE__enum_DREG_ADREG_0_connects_CED_CEAD_RSTD_GND  
u_ibert_gth_core/inst/QUAD[0].u_q/CH[2].u_ch/U_PATTERN_HANDLER/rx_word_counter/u_accum_inst/i_synth/i_baseip.i_xbip_accum/dsp48_implementation.use_usecase.i_xbip_dsp48_acc/i_synth_option.i_synth_model/opt_vx5.i_uniwrap/i_primitive: DSP48E2 is not using the Multiplier (USE_MULT = NONE). For improved power characteristics, set DREG and ADREG to '1', tie CED, CEAD, and RSTD to logic '0'.
Related violations: <none>

AVAL-156#7 Advisory
enum_USE_MULT_NONE__enum_DREG_ADREG_0_connects_CED_CEAD_RSTD_GND  
u_ibert_gth_core/inst/QUAD[0].u_q/CH[3].u_ch/U_PATTERN_HANDLER/bit_err_counter/u_accum_inst/i_synth/i_baseip.i_xbip_accum/dsp48_implementation.use_usecase.i_xbip_dsp48_acc/i_synth_option.i_synth_model/opt_vx5.i_uniwrap/i_primitive: DSP48E2 is not using the Multiplier (USE_MULT = NONE). For improved power characteristics, set DREG and ADREG to '1', tie CED, CEAD, and RSTD to logic '0'.
Related violations: <none>

AVAL-156#8 Advisory
enum_USE_MULT_NONE__enum_DREG_ADREG_0_connects_CED_CEAD_RSTD_GND  
u_ibert_gth_core/inst/QUAD[0].u_q/CH[3].u_ch/U_PATTERN_HANDLER/rx_word_counter/u_accum_inst/i_synth/i_baseip.i_xbip_accum/dsp48_implementation.use_usecase.i_xbip_dsp48_acc/i_synth_option.i_synth_model/opt_vx5.i_uniwrap/i_primitive: DSP48E2 is not using the Multiplier (USE_MULT = NONE). For improved power characteristics, set DREG and ADREG to '1', tie CED, CEAD, and RSTD to logic '0'.
Related violations: <none>

REQP-1701#1 Advisory
enum_DREG_0_connects_CED_GND  
u_ibert_gth_core/inst/QUAD[0].u_q/CH[0].u_ch/U_PATTERN_HANDLER/bit_err_counter/u_accum_inst/i_synth/i_baseip.i_xbip_accum/dsp48_implementation.use_usecase.i_xbip_dsp48_acc/i_synth_option.i_synth_model/opt_vx5.i_uniwrap/i_primitive: When the DSP48E2 DREG attribute is set to 0, the CED input pin should be tied to GND to save power.
Related violations: <none>

REQP-1701#2 Advisory
enum_DREG_0_connects_CED_GND  
u_ibert_gth_core/inst/QUAD[0].u_q/CH[0].u_ch/U_PATTERN_HANDLER/rx_word_counter/u_accum_inst/i_synth/i_baseip.i_xbip_accum/dsp48_implementation.use_usecase.i_xbip_dsp48_acc/i_synth_option.i_synth_model/opt_vx5.i_uniwrap/i_primitive: When the DSP48E2 DREG attribute is set to 0, the CED input pin should be tied to GND to save power.
Related violations: <none>

REQP-1701#3 Advisory
enum_DREG_0_connects_CED_GND  
u_ibert_gth_core/inst/QUAD[0].u_q/CH[1].u_ch/U_PATTERN_HANDLER/bit_err_counter/u_accum_inst/i_synth/i_baseip.i_xbip_accum/dsp48_implementation.use_usecase.i_xbip_dsp48_acc/i_synth_option.i_synth_model/opt_vx5.i_uniwrap/i_primitive: When the DSP48E2 DREG attribute is set to 0, the CED input pin should be tied to GND to save power.
Related violations: <none>

REQP-1701#4 Advisory
enum_DREG_0_connects_CED_GND  
u_ibert_gth_core/inst/QUAD[0].u_q/CH[1].u_ch/U_PATTERN_HANDLER/rx_word_counter/u_accum_inst/i_synth/i_baseip.i_xbip_accum/dsp48_implementation.use_usecase.i_xbip_dsp48_acc/i_synth_option.i_synth_model/opt_vx5.i_uniwrap/i_primitive: When the DSP48E2 DREG attribute is set to 0, the CED input pin should be tied to GND to save power.
Related violations: <none>

REQP-1701#5 Advisory
enum_DREG_0_connects_CED_GND  
u_ibert_gth_core/inst/QUAD[0].u_q/CH[2].u_ch/U_PATTERN_HANDLER/bit_err_counter/u_accum_inst/i_synth/i_baseip.i_xbip_accum/dsp48_implementation.use_usecase.i_xbip_dsp48_acc/i_synth_option.i_synth_model/opt_vx5.i_uniwrap/i_primitive: When the DSP48E2 DREG attribute is set to 0, the CED input pin should be tied to GND to save power.
Related violations: <none>

REQP-1701#6 Advisory
enum_DREG_0_connects_CED_GND  
u_ibert_gth_core/inst/QUAD[0].u_q/CH[2].u_ch/U_PATTERN_HANDLER/rx_word_counter/u_accum_inst/i_synth/i_baseip.i_xbip_accum/dsp48_implementation.use_usecase.i_xbip_dsp48_acc/i_synth_option.i_synth_model/opt_vx5.i_uniwrap/i_primitive: When the DSP48E2 DREG attribute is set to 0, the CED input pin should be tied to GND to save power.
Related violations: <none>

REQP-1701#7 Advisory
enum_DREG_0_connects_CED_GND  
u_ibert_gth_core/inst/QUAD[0].u_q/CH[3].u_ch/U_PATTERN_HANDLER/bit_err_counter/u_accum_inst/i_synth/i_baseip.i_xbip_accum/dsp48_implementation.use_usecase.i_xbip_dsp48_acc/i_synth_option.i_synth_model/opt_vx5.i_uniwrap/i_primitive: When the DSP48E2 DREG attribute is set to 0, the CED input pin should be tied to GND to save power.
Related violations: <none>

REQP-1701#8 Advisory
enum_DREG_0_connects_CED_GND  
u_ibert_gth_core/inst/QUAD[0].u_q/CH[3].u_ch/U_PATTERN_HANDLER/rx_word_counter/u_accum_inst/i_synth/i_baseip.i_xbip_accum/dsp48_implementation.use_usecase.i_xbip_dsp48_acc/i_synth_option.i_synth_model/opt_vx5.i_uniwrap/i_primitive: When the DSP48E2 DREG attribute is set to 0, the CED input pin should be tied to GND to save power.
Related violations: <none>


