Copyright 1986-2017 Xilinx, Inc. All Rights Reserved.
-------------------------------------------------------------------------------------------------------------------------------
| Tool Version     : Vivado v.2017.4 (win64) Build 2086221 Fri Dec 15 20:55:39 MST 2017
| Date             : Wed Aug 11 18:26:21 2021
| Host             : DESKTOP-C3F5G4E running 64-bit major release  (build 9200)
| Command          : report_power -file top_power_routed.rpt -pb top_power_summary_routed.pb -rpx top_power_routed.rpx
| Design           : top
| Device           : xcku040-ffva1156-2-i
| Design State     : routed
| Grade            : industrial
| Process          : typical
| Characterization : Production
-------------------------------------------------------------------------------------------------------------------------------

Power Report

Table of Contents
-----------------
1. Summary
1.1 On-Chip Components
1.2 Power Supply Summary
1.3 Confidence Level
2. Settings
2.1 Environment
2.2 Clock Constraints
3. Detailed Reports
3.1 By Hierarchy

1. Summary
----------

+--------------------------+--------------+
| Total On-Chip Power (W)  | 0.643        |
| Design Power Budget (W)  | Unspecified* |
| Power Budget Margin (W)  | NA           |
| Dynamic (W)              | 0.164        |
| Device Static (W)        | 0.479        |
| Effective TJA (C/W)      | 1.4          |
| Max Ambient (C)          | 99.1         |
| Junction Temperature (C) | 25.9         |
| Confidence Level         | Medium       |
| Setting File             | ---          |
| Simulation Activity File | ---          |
| Design Nets Matched      | NA           |
+--------------------------+--------------+
* Specify Design Power Budget using, set_operating_conditions -design_power_budget <value in Watts>


1.1 On-Chip Components
----------------------

+----------------+-----------+----------+-----------+-----------------+
| On-Chip        | Power (W) | Used     | Available | Utilization (%) |
+----------------+-----------+----------+-----------+-----------------+
| Clocks         |     0.007 |        6 |       --- |             --- |
| CLB Logic      |    <0.001 |      557 |       --- |             --- |
|   LUT as Logic |    <0.001 |      239 |    242400 |            0.10 |
|   Register     |    <0.001 |      244 |    484800 |            0.05 |
|   CARRY8       |    <0.001 |        5 |     30300 |            0.02 |
|   Others       |     0.000 |       21 |       --- |             --- |
| Signals        |    <0.001 |      383 |       --- |             --- |
| Block RAM      |    <0.001 |      0.5 |       600 |            0.08 |
| MMCM           |     0.138 |        1 |        10 |           10.00 |
| I/O            |     0.019 |       33 |       520 |            6.35 |
| Static Power   |     0.479 |          |           |                 |
| Total          |     0.643 |          |           |                 |
+----------------+-----------+----------+-----------+-----------------+


1.2 Power Supply Summary
------------------------

+------------+-------------+-----------+-------------+------------+
| Source     | Voltage (V) | Total (A) | Dynamic (A) | Static (A) |
+------------+-------------+-----------+-------------+------------+
| Vccint     |       0.950 |     0.156 |       0.008 |      0.148 |
| Vccaux     |       1.800 |     0.172 |       0.076 |      0.096 |
| Vccaux_io  |       1.800 |     0.074 |       0.009 |      0.065 |
| Vccint_io  |       0.950 |     0.016 |       0.001 |      0.015 |
| Vcco33     |       3.300 |     0.000 |       0.000 |      0.000 |
| Vcco25     |       2.500 |     0.000 |       0.000 |      0.000 |
| Vcco18     |       1.800 |     0.001 |       0.001 |      0.000 |
| Vcco15     |       1.500 |     0.000 |       0.000 |      0.000 |
| Vcco135    |       1.350 |     0.000 |       0.000 |      0.000 |
| Vcco12     |       1.200 |     0.000 |       0.000 |      0.000 |
| Vcco10     |       1.000 |     0.000 |       0.000 |      0.000 |
| Vccbram    |       0.950 |     0.011 |       0.000 |      0.011 |
| MGTAVcc    |       1.000 |     0.000 |       0.000 |      0.000 |
| MGTAVtt    |       1.200 |     0.000 |       0.000 |      0.000 |
| MGTVccaux  |       1.800 |     0.000 |       0.000 |      0.000 |
| Vccadc     |       1.800 |     0.014 |       0.000 |      0.014 |
| MGTYVccaux |       1.800 |     0.000 |       0.000 |      0.000 |
| MGTYAVcc   |       1.000 |     0.000 |       0.000 |      0.000 |
| MGTYAVtt   |       1.200 |     0.000 |       0.000 |      0.000 |
+------------+-------------+-----------+-------------+------------+


1.3 Confidence Level
--------------------

+-----------------------------+------------+-------------------------------------------------------+------------------------------------------------------------------------------------------------------------+
| User Input Data             | Confidence | Details                                               | Action                                                                                                     |
+-----------------------------+------------+-------------------------------------------------------+------------------------------------------------------------------------------------------------------------+
| Design implementation state | High       | Design is routed                                      |                                                                                                            |
| Clock nodes activity        | High       | User specified more than 95% of clocks                |                                                                                                            |
| I/O nodes activity          | Medium     | More than 5% of inputs are missing user specification | Provide missing input activity with simulation results or by editing the "By Resource Type -> I/Os" view   |
| Internal nodes activity     | Medium     | User specified less than 25% of internal nodes        | Provide missing internal nodes activity with simulation results or by editing the "By Resource Type" views |
| Device models               | High       | Device models are Production                          |                                                                                                            |
|                             |            |                                                       |                                                                                                            |
| Overall confidence level    | Medium     |                                                       |                                                                                                            |
+-----------------------------+------------+-------------------------------------------------------+------------------------------------------------------------------------------------------------------------+


2. Settings
-----------

2.1 Environment
---------------

+-----------------------+--------------------------+
| Ambient Temp (C)      | 25.0                     |
| ThetaJA (C/W)         | 1.4                      |
| Airflow (LFM)         | 250                      |
| Heat Sink             | medium (Medium Profile)  |
| ThetaSA (C/W)         | 2.4                      |
| Board Selection       | medium (10"x10")         |
| # of Board Layers     | 12to15 (12 to 15 Layers) |
| Board Temperature (C) | 25.0                     |
+-----------------------+--------------------------+


2.2 Clock Constraints
---------------------

+--------------------+--------------------------------------+-----------------+
| Clock              | Domain                               | Constraint (ns) |
+--------------------+--------------------------------------+-----------------+
| clk_out1_video_pll | video_pll_m0/inst/clk_out1_video_pll |            10.0 |
| clk_out2_video_pll | video_pll_m0/inst/clk_out2_video_pll |             6.7 |
| clkfbout_video_pll | video_pll_m0/inst/clkfbout_video_pll |            10.0 |
| sys_clk_p          | sys_clk_p                            |             5.0 |
+--------------------+--------------------------------------+-----------------+


3. Detailed Reports
-------------------

3.1 By Hierarchy
----------------

+------------------------------------------------+-----------+
| Name                                           | Power (W) |
+------------------------------------------------+-----------+
| top                                            |     0.164 |
|   color_bar_m0                                 |     0.001 |
|   hdmi_scl_IOBUF_inst                          |    <0.001 |
|   hdmi_sda_IOBUF_inst                          |    <0.001 |
|   i2c_config_m0                                |     0.003 |
|     i2c_master_top_m0                          |     0.003 |
|       byte_controller                          |     0.002 |
|         bit_controller                         |     0.001 |
|   osd_display_m0                               |     0.002 |
|     osd_rom_m0                                 |    <0.001 |
|       U0                                       |    <0.001 |
|         inst_blk_mem_gen                       |    <0.001 |
|           gnbram.gnativebmg.native_blk_mem_gen |    <0.001 |
|             valid.cstr                         |    <0.001 |
|               ramloop[0].ram.r                 |    <0.001 |
|                 prim_init.ram                  |    <0.001 |
|     timing_gen_xy_m0                           |    <0.001 |
|   video_pll_m0                                 |     0.143 |
|     inst                                       |     0.143 |
|       clkin1_ibufds                            |     0.004 |
+------------------------------------------------+-----------+


