Copyright 1986-2017 Xilinx, Inc. All Rights Reserved.
---------------------------------------------------------------------------------------------------
| Tool Version : Vivado v.2017.4 (win64) Build 2086221 Fri Dec 15 20:55:39 MST 2017
| Date         : Wed Aug 11 18:25:29 2021
| Host         : DESKTOP-C3F5G4E running 64-bit major release  (build 9200)
| Command      : report_utilization -file top_utilization_placed.rpt -pb top_utilization_placed.pb
| Design       : top
| Device       : xcku040ffva1156-2
| Design State : Fully Placed
---------------------------------------------------------------------------------------------------

Utilization Design Information

Table of Contents
-----------------
1. CLB Logic
1.1 Summary of Registers by Type
2. CLB Logic Distribution
3. BLOCKRAM
4. ARITHMETIC
5. I/O
6. CLOCK
7. ADVANCED
8. CONFIGURATION
9. Primitives
10. Black Boxes
11. Instantiated Netlists

1. CLB Logic
------------

+-------------------------+------+-------+-----------+-------+
|        Site Type        | Used | Fixed | Available | Util% |
+-------------------------+------+-------+-----------+-------+
| CLB LUTs                |  239 |     0 |    242400 |  0.10 |
|   LUT as Logic          |  239 |     0 |    242400 |  0.10 |
|   LUT as Memory         |    0 |     0 |    112800 |  0.00 |
| CLB Registers           |  244 |     0 |    484800 |  0.05 |
|   Register as Flip Flop |  244 |     0 |    484800 |  0.05 |
|   Register as Latch     |    0 |     0 |    484800 |  0.00 |
| CARRY8                  |    5 |     0 |     30300 |  0.02 |
| F7 Muxes                |    0 |     0 |    121200 |  0.00 |
| F8 Muxes                |    0 |     0 |     60600 |  0.00 |
| F9 Muxes                |    0 |     0 |     30300 |  0.00 |
+-------------------------+------+-------+-----------+-------+


1.1 Summary of Registers by Type
--------------------------------

+-------+--------------+-------------+--------------+
| Total | Clock Enable | Synchronous | Asynchronous |
+-------+--------------+-------------+--------------+
| 0     |            _ |           - |            - |
| 0     |            _ |           - |          Set |
| 0     |            _ |           - |        Reset |
| 0     |            _ |         Set |            - |
| 0     |            _ |       Reset |            - |
| 0     |          Yes |           - |            - |
| 1     |          Yes |           - |          Set |
| 100   |          Yes |           - |        Reset |
| 8     |          Yes |         Set |            - |
| 135   |          Yes |       Reset |            - |
+-------+--------------+-------------+--------------+


2. CLB Logic Distribution
-------------------------

+-------------------------------------------+------+-------+-----------+-------+
|                 Site Type                 | Used | Fixed | Available | Util% |
+-------------------------------------------+------+-------+-----------+-------+
| CLB                                       |   61 |     0 |     30300 |  0.20 |
|   CLBL                                    |   38 |     0 |           |       |
|   CLBM                                    |   23 |     0 |           |       |
| LUT as Logic                              |  239 |     0 |    242400 |  0.10 |
|   using O5 output only                    |   20 |       |           |       |
|   using O6 output only                    |  171 |       |           |       |
|   using O5 and O6                         |   48 |       |           |       |
| LUT as Memory                             |    0 |     0 |    112800 |  0.00 |
|   LUT as Distributed RAM                  |    0 |     0 |           |       |
|   LUT as Shift Register                   |    0 |     0 |           |       |
| LUT Flip Flop Pairs                       |  142 |     0 |    242400 |  0.06 |
|   fully used LUT-FF pairs                 |   25 |       |           |       |
|   LUT-FF pairs with one unused LUT output |  114 |       |           |       |
|   LUT-FF pairs with one unused Flip Flop  |  113 |       |           |       |
| Unique Control Sets                       |   19 |       |           |       |
+-------------------------------------------+------+-------+-----------+-------+
* Note: Review the Control Sets Report for more information regarding control sets.


3. BLOCKRAM
-----------

+-------------------+------+-------+-----------+-------+
|     Site Type     | Used | Fixed | Available | Util% |
+-------------------+------+-------+-----------+-------+
| Block RAM Tile    |  0.5 |     0 |       600 |  0.08 |
|   RAMB36/FIFO*    |    0 |     0 |       600 |  0.00 |
|   RAMB18          |    1 |     0 |      1200 |  0.08 |
|     RAMB18E2 only |    1 |       |           |       |
+-------------------+------+-------+-----------+-------+
* Note: Each Block RAM Tile only has one FIFO logic available and therefore can accommodate only one FIFO36E2 or one FIFO18E2. However, if a FIFO18E2 occupies a Block RAM Tile, that tile can still accommodate a RAMB18E2


4. ARITHMETIC
-------------

+-----------+------+-------+-----------+-------+
| Site Type | Used | Fixed | Available | Util% |
+-----------+------+-------+-----------+-------+
| DSPs      |    0 |     0 |      1920 |  0.00 |
+-----------+------+-------+-----------+-------+


5. I/O
------

+------------------+------+-------+-----------+-------+
|     Site Type    | Used | Fixed | Available | Util% |
+------------------+------+-------+-----------+-------+
| Bonded IOB       |   33 |    33 |       520 |  6.35 |
| HPIOB            |   30 |    30 |       416 |  7.21 |
|   INPUT          |    2 |       |           |       |
|   OUTPUT         |   28 |       |           |       |
|   BIDIR          |    0 |       |           |       |
| HRIO             |    3 |     3 |       104 |  2.88 |
|   INPUT          |    0 |       |           |       |
|   OUTPUT         |    1 |       |           |       |
|   BIDIR          |    2 |       |           |       |
| HPIOBDIFFINBUF   |    1 |     1 |       192 |  0.52 |
|   DIFFINBUF      |    1 |     1 |           |       |
| HPIOBDIFFOUTBUF  |    0 |     0 |       192 |  0.00 |
| HRIODIFFINBUF    |    0 |     0 |        48 |  0.00 |
| HRIODIFFOUTBUF   |    0 |     0 |        48 |  0.00 |
| BITSLICE_CONTROL |    0 |     0 |        80 |  0.00 |
| BITSLICE_RX_TX   |    0 |     0 |       520 |  0.00 |
| BITSLICE_TX      |    0 |     0 |        80 |  0.00 |
| RIU_OR           |    0 |     0 |        40 |  0.00 |
+------------------+------+-------+-----------+-------+


6. CLOCK
--------

+----------------------+------+-------+-----------+-------+
|       Site Type      | Used | Fixed | Available | Util% |
+----------------------+------+-------+-----------+-------+
| GLOBAL CLOCK BUFFERs |    3 |     0 |       480 |  0.63 |
|   BUFGCE             |    3 |     0 |       240 |  1.25 |
|   BUFGCE_DIV         |    0 |     0 |        40 |  0.00 |
|   BUFG_GT            |    0 |     0 |       120 |  0.00 |
|   BUFGCTRL*          |    0 |     0 |        80 |  0.00 |
| PLLE3_ADV            |    0 |     0 |        20 |  0.00 |
| MMCME3_ADV           |    1 |     0 |        10 | 10.00 |
+----------------------+------+-------+-----------+-------+
* Note: Each used BUFGCTRL counts as two global buffer resources. This table does not include global clocking resources, only buffer cell usage. See the Clock Utilization Report (report_clock_utilization) for detailed accounting of global clocking resource availability.


7. ADVANCED
-----------

+-----------------+------+-------+-----------+-------+
|    Site Type    | Used | Fixed | Available | Util% |
+-----------------+------+-------+-----------+-------+
| GTHE3_CHANNEL   |    0 |     0 |        20 |  0.00 |
| GTHE3_COMMON    |    0 |     0 |         5 |  0.00 |
| IBUFDS_GTE3     |    0 |     0 |        10 |  0.00 |
| OBUFDS_GTE3     |    0 |     0 |        10 |  0.00 |
| OBUFDS_GTE3_ADV |    0 |     0 |        10 |  0.00 |
| PCIE_3_1        |    0 |     0 |         3 |  0.00 |
| SYSMONE1        |    0 |     0 |         1 |  0.00 |
+-----------------+------+-------+-----------+-------+


8. CONFIGURATION
----------------

+-------------+------+-------+-----------+-------+
|  Site Type  | Used | Fixed | Available | Util% |
+-------------+------+-------+-----------+-------+
| BSCANE2     |    0 |     0 |         4 |  0.00 |
| DNA_PORTE2  |    0 |     0 |         1 |  0.00 |
| EFUSE_USR   |    0 |     0 |         1 |  0.00 |
| FRAME_ECCE3 |    0 |     0 |         1 |  0.00 |
| ICAPE3      |    0 |     0 |         2 |  0.00 |
| MASTER_JTAG |    0 |     0 |         1 |  0.00 |
| STARTUPE3   |    0 |     0 |         1 |  0.00 |
+-------------+------+-------+-----------+-------+


9. Primitives
-------------

+------------+------+---------------------+
|  Ref Name  | Used | Functional Category |
+------------+------+---------------------+
| FDRE       |  135 |            Register |
| LUT6       |  101 |                 CLB |
| FDCE       |  100 |            Register |
| LUT5       |   67 |                 CLB |
| LUT4       |   57 |                 CLB |
| OBUF       |   29 |                 I/O |
| LUT2       |   28 |                 CLB |
| LUT3       |   24 |                 CLB |
| LUT1       |   10 |                 CLB |
| FDSE       |    8 |            Register |
| CARRY8     |    5 |                 CLB |
| IBUFCTRL   |    3 |              Others |
| BUFGCE     |    3 |               Clock |
| OBUFT      |    2 |                 I/O |
| INBUF      |    2 |                 I/O |
| RAMB18E2   |    1 |           Block Ram |
| MMCME3_ADV |    1 |               Clock |
| FDPE       |    1 |            Register |
| DIFFINBUF  |    1 |                 I/O |
+------------+------+---------------------+


10. Black Boxes
---------------

+----------+------+
| Ref Name | Used |
+----------+------+


11. Instantiated Netlists
-------------------------

+-----------+------+
|  Ref Name | Used |
+-----------+------+
| video_pll |    1 |
| osd_rom   |    1 |
+-----------+------+


