Copyright 1986-2017 Xilinx, Inc. All Rights Reserved.
------------------------------------------------------------------------------------
| Tool Version : Vivado v.2017.4 (win64) Build 2086221 Fri Dec 15 20:55:39 MST 2017
| Date         : Wed Aug 11 18:25:29 2021
| Host         : DESKTOP-C3F5G4E running 64-bit major release  (build 9200)
| Command      : report_control_sets -verbose -file top_control_sets_placed.rpt
| Design       : top
| Device       : xcku040
------------------------------------------------------------------------------------

Control Set Information

Table of Contents
-----------------
1. Summary
2. Flip-Flop Distribution
3. Detailed Control Set Information

1. Summary
----------

+----------------------------------------------------------+-------+
|                          Status                          | Count |
+----------------------------------------------------------+-------+
| Number of unique control sets                            |    19 |
| Unused register locations in slices containing registers |    20 |
+----------------------------------------------------------+-------+


2. Flip-Flop Distribution
-------------------------

+--------------+-----------------------+------------------------+-----------------+--------------+
| Clock Enable | Synchronous Set/Reset | Asynchronous Set/Reset | Total Registers | Total Slices |
+--------------+-----------------------+------------------------+-----------------+--------------+
| No           | No                    | No                     |              42 |           14 |
| No           | No                    | Yes                    |              60 |           19 |
| No           | Yes                   | No                     |              42 |           12 |
| Yes          | No                    | No                     |              41 |           11 |
| Yes          | No                    | Yes                    |              41 |           10 |
| Yes          | Yes                   | No                     |              18 |            4 |
+--------------+-----------------------+------------------------+-----------------+--------------+


3. Detailed Control Set Information
-----------------------------------

+-----------------------------+--------------------------------------------------------------------------------------------------+--------------------------------------------------------------------------------+------------------+----------------+
|         Clock Signal        |                                           Enable Signal                                          |                                Set/Reset Signal                                | Slice Load Count | Bel Load Count |
+-----------------------------+--------------------------------------------------------------------------------------------------+--------------------------------------------------------------------------------+------------------+----------------+
|  video_pll_m0/inst/clk_out1 | i2c_config_m0//i__n_0                                                                            | video_pll_m0/inst/locked                                                       |                1 |              2 |
|  video_pll_m0/inst/clk_out1 | i2c_config_m0/i2c_master_top_m0/byte_controller/bit_controller/c_state                           |                                                                                |                2 |              3 |
|  video_pll_m0/inst/clk_out2 |                                                                                                  | osd_display_m0/region_active_d0                                                |                2 |              3 |
|  video_pll_m0/inst/clk_out2 | color_bar_m0/rgb_r_reg0                                                                          | video_pll_m0/inst/locked                                                       |                1 |              3 |
|  video_pll_m0/inst/clk_out1 | i2c_config_m0/i2c_master_top_m0/byte_controller/bit_controller/c_state                           | i2c_config_m0/i2c_master_top_m0/byte_controller/bit_controller/core_cmd_reg[3] |                1 |              4 |
|  video_pll_m0/inst/clk_out1 |                                                                                                  | i2c_config_m0/i2c_master_top_m0/byte_controller/bit_controller/c_state1        |                2 |              5 |
|  video_pll_m0/inst/clk_out1 | i2c_config_m0/i2c_master_top_m0/byte_controller/bit_controller/FSM_sequential_c_state[4]_i_1_n_0 |                                                                                |                1 |              5 |
|  video_pll_m0/inst/clk_out1 | i2c_config_m0/i2c_master_top_m0/byte_controller/bit_controller/fSCL[2]_i_1_n_0                   |                                                                                |                2 |              6 |
|  video_pll_m0/inst/clk_out1 | i2c_config_m0/i2c_master_top_m0/byte_controller/dcnt                                             |                                                                                |                2 |             11 |
|  video_pll_m0/inst/clk_out2 | color_bar_m0/v_cnt                                                                               | video_pll_m0/inst/locked                                                       |                2 |             12 |
|  video_pll_m0/inst/clk_out2 | color_bar_m0/active_x[11]_i_1_n_0                                                                | video_pll_m0/inst/locked                                                       |                3 |             12 |
|  video_pll_m0/inst/clk_out2 | osd_display_m0/timing_gen_xy_m0/y_cnt[11]_i_1_n_0                                                | video_pll_m0/inst/locked                                                       |                3 |             12 |
|  video_pll_m0/inst/clk_out2 | osd_display_m0/region_active                                                                     | osd_display_m0/osd_ram_addr0                                                   |                3 |             14 |
|  video_pll_m0/inst/clk_out1 | i2c_config_m0/i2c_master_top_m0/byte_controller/bit_controller/cnt[15]_i_1_n_0                   |                                                                                |                4 |             16 |
|  video_pll_m0/inst/clk_out2 |                                                                                                  |                                                                                |                9 |             18 |
|  video_pll_m0/inst/clk_out1 |                                                                                                  |                                                                                |                5 |             24 |
|  video_pll_m0/inst/clk_out2 |                                                                                                  | osd_display_m0/v_data                                                          |                6 |             24 |
|  video_pll_m0/inst/clk_out2 |                                                                                                  | video_pll_m0/inst/locked                                                       |                8 |             31 |
|  video_pll_m0/inst/clk_out1 |                                                                                                  | video_pll_m0/inst/locked                                                       |               13 |             39 |
+-----------------------------+--------------------------------------------------------------------------------------------------+--------------------------------------------------------------------------------+------------------+----------------+


+--------+-----------------------+
| Fanout | Number of ControlSets |
+--------+-----------------------+
| 2      |                     1 |
| 3      |                     3 |
| 4      |                     1 |
| 5      |                     2 |
| 6      |                     1 |
| 11     |                     1 |
| 12     |                     3 |
| 14     |                     1 |
| 16+    |                     6 |
+--------+-----------------------+


